<?xml version="1.0" encoding="UTF-8"?>
<!-- Generated by org.testng.reporters.JUnitXMLReporter -->
<testsuite hostname="aspirenav145" ignored="45" name="UXP_PBPhase2" tests="3" failures="3" timestamp="23 Apr 2018 15:01:27 GMT" time="332.796" errors="0">
  <testcase name="TC_043" time="260.662" classname="com.pure.selfservice.testscripts.PB_Household">
    <failure type="java.lang.Exception" message="Error while verifying edit and delete button of Added Item in Within Home : java.lang.Exception: Awnings - Added Item is not found">
      <![CDATA[java.lang.Exception: Error while verifying edit and delete button of Added Item in Within Home : java.lang.Exception: Awnings - Added Item is not foundat com.pure.selfservice.pages.AddContentsCoverPage.verifyDeleteAndEditBtnInWithinHome(AddContentsCoverPage.java:1061)at com.pure.selfservice.testscripts.PB_Household.TC_043(PB_Household.java:2351)at sun.reflect.NativeMethodAccessorImpl.invoke0(Native Method)at sun.reflect.NativeMethodAccessorImpl.invoke(Unknown Source)at sun.reflect.DelegatingMethodAccessorImpl.invoke(Unknown Source)at java.lang.reflect.Method.invoke(Unknown Source)at org.testng.internal.MethodInvocationHelper.invokeMethod(MethodInvocationHelper.java:124)at org.testng.internal.Invoker.invokeMethod(Invoker.java:571)at org.testng.internal.Invoker.invokeTestMethod(Invoker.java:707)at org.testng.internal.TestMethodWithDataProviderMethodWorker.call(TestMethodWithDataProviderMethodWorker.java:71)at org.testng.internal.TestMethodWithDataProviderMethodWorker.call(TestMethodWithDataProviderMethodWorker.java:14)at java.util.concurrent.FutureTask.run(Unknown Source)at java.util.concurrent.Executors$RunnableAdapter.call(Unknown Source)at java.util.concurrent.FutureTask.run(Unknown Source)at java.util.concurrent.ThreadPoolExecutor.runWorker(Unknown Source)at java.util.concurrent.ThreadPoolExecutor$Worker.run(Unknown Source)at java.lang.Thread.run(Unknown Source)]]>
    </failure>
  </testcase> <!-- TC_043 -->
  <testcase name="TC_044" time="290.891" classname="com.pure.selfservice.testscripts.PB_Household">
    <failure type="java.lang.Exception" message="Error while verifying edit and delete button of Added Item in Outside Home : java.lang.Exception: Antique Furniture - Added Item is not found">
      <![CDATA[java.lang.Exception: Error while verifying edit and delete button of Added Item in Outside Home : java.lang.Exception: Antique Furniture - Added Item is not foundat com.pure.selfservice.pages.AddContentsCoverPage.verifyDeleteAndEditBtnInOutsideHome(AddContentsCoverPage.java:1096)at com.pure.selfservice.testscripts.PB_Household.TC_044(PB_Household.java:2454)at sun.reflect.NativeMethodAccessorImpl.invoke0(Native Method)at sun.reflect.NativeMethodAccessorImpl.invoke(Unknown Source)at sun.reflect.DelegatingMethodAccessorImpl.invoke(Unknown Source)at java.lang.reflect.Method.invoke(Unknown Source)at org.testng.internal.MethodInvocationHelper.invokeMethod(MethodInvocationHelper.java:124)at org.testng.internal.Invoker.invokeMethod(Invoker.java:571)at org.testng.internal.Invoker.invokeTestMethod(Invoker.java:707)at org.testng.internal.TestMethodWithDataProviderMethodWorker.call(TestMethodWithDataProviderMethodWorker.java:71)at org.testng.internal.TestMethodWithDataProviderMethodWorker.call(TestMethodWithDataProviderMethodWorker.java:14)at java.util.concurrent.FutureTask.run(Unknown Source)at java.util.concurrent.Executors$RunnableAdapter.call(Unknown Source)at java.util.concurrent.FutureTask.run(Unknown Source)at java.util.concurrent.ThreadPoolExecutor.runWorker(Unknown Source)at java.util.concurrent.ThreadPoolExecutor$Worker.run(Unknown Source)at java.lang.Thread.run(Unknown Source)]]>
    </failure>
  </testcase> <!-- TC_044 -->
  <testcase name="TC_045" time="328.263" classname="com.pure.selfservice.testscripts.PB_Household">
    <failure type="java.lang.Exception" message="Error while Expand And Collapse The Acadians : org.openqa.selenium.WebDriverException: unknown error: Element &amp;lt;a aria-expanded=&amp;quot;false&amp;quot; data-parent=&amp;quot;#accordion&amp;quot; data-toggle=&amp;quot;collapse&amp;quot; href=&amp;quot;#C2__C1__Additional-covers&amp;quot; class=&amp;quot;disablerow&amp;quot;&amp;gt;...&amp;lt;/a&amp;gt; is not clickable at point (674, 560). Other element would receive the click: &amp;lt;h4 class=&amp;quot;panel-title&amp;quot;&amp;gt;...&amp;lt;/h4&amp;gt;
  (Session info: chrome=65.0.3325.181)
  (Driver info: chromedriver=2.35.528161 (5b82f2d2aae0ca24b877009200ced9065a772e73),platform=Windows NT 10.0.10240 x86_64) (WARNING: The server did not provide any stacktrace information)
Command duration or timeout: 44 milliseconds
Build info: version: &amp;apos;3.4.0&amp;apos;, revision: &amp;apos;unknown&amp;apos;, time: &amp;apos;unknown&amp;apos;
System info: host: &amp;apos;ASPIRENAV145&amp;apos;, ip: &amp;apos;192.168.71.196&amp;apos;, os.name: &amp;apos;Windows 10&amp;apos;, os.arch: &amp;apos;amd64&amp;apos;, os.version: &amp;apos;10.0&amp;apos;, java.version: &amp;apos;1.8.0_77&amp;apos;
Driver info: org.openqa.selenium.remote.RemoteWebDriver
Capabilities [{mobileEmulationEnabled=false, hasTouchScreen=false, platform=XP, acceptSslCerts=false, acceptInsecureCerts=false, webStorageEnabled=true, browserName=chrome, takesScreenshot=true, javascriptEnabled=true, setWindowRect=true, unexpectedAlertBehaviour=, applicationCacheEnabled=false, rotatable=false, networkConnectionEnabled=false, chrome={chromedriverVersion=2.35.528161 (5b82f2d2aae0ca24b877009200ced9065a772e73), userDataDir=C:\Users\RANJIT~1.MAD\AppData\Local\Temp\scoped_dir17024_30835}, takesHeapSnapshot=true, pageLoadStrategy=normal, databaseEnabled=false, handlesAlerts=true, version=65.0.3325.181, browserConnectionEnabled=false, nativeEvents=true, webdriver.remote.sessionid=3781e7e501b3c66657b49896b79e1a4c, locationContextEnabled=true, cssSelectorsEnabled=true}]
Session ID: 3781e7e501b3c66657b49896b79e1a4c">
      <![CDATA[java.lang.Exception: Error while Expand And Collapse The Acadians : org.openqa.selenium.WebDriverException: unknown error: Element <a aria-expanded="false" data-parent="#accordion" data-toggle="collapse" href="#C2__C1__Additional-covers" class="disablerow">...</a> is not clickable at point (674, 560). Other element would receive the click: <h4 class="panel-title">...</h4>  (Session info: chrome=65.0.3325.181)  (Driver info: chromedriver=2.35.528161 (5b82f2d2aae0ca24b877009200ced9065a772e73),platform=Windows NT 10.0.10240 x86_64) (WARNING: The server did not provide any stacktrace information)Command duration or timeout: 44 millisecondsBuild info: version: '3.4.0', revision: 'unknown', time: 'unknown'System info: host: 'ASPIRENAV145', ip: '192.168.71.196', os.name: 'Windows 10', os.arch: 'amd64', os.version: '10.0', java.version: '1.8.0_77'Driver info: org.openqa.selenium.remote.RemoteWebDriverCapabilities [{mobileEmulationEnabled=false, hasTouchScreen=false, platform=XP, acceptSslCerts=false, acceptInsecureCerts=false, webStorageEnabled=true, browserName=chrome, takesScreenshot=true, javascriptEnabled=true, setWindowRect=true, unexpectedAlertBehaviour=, applicationCacheEnabled=false, rotatable=false, networkConnectionEnabled=false, chrome={chromedriverVersion=2.35.528161 (5b82f2d2aae0ca24b877009200ced9065a772e73), userDataDir=C:\Users\RANJIT~1.MAD\AppData\Local\Temp\scoped_dir17024_30835}, takesHeapSnapshot=true, pageLoadStrategy=normal, databaseEnabled=false, handlesAlerts=true, version=65.0.3325.181, browserConnectionEnabled=false, nativeEvents=true, webdriver.remote.sessionid=3781e7e501b3c66657b49896b79e1a4c, locationContextEnabled=true, cssSelectorsEnabled=true}]Session ID: 3781e7e501b3c66657b49896b79e1a4cat com.pure.selfservice.pages.AddContentsCoverPage.verifyExpandAndCollapseTheAcadians(AddContentsCoverPage.java:1811)at com.pure.selfservice.testscripts.PB_Household.TC_045(PB_Household.java:2539)at sun.reflect.NativeMethodAccessorImpl.invoke0(Native Method)at sun.reflect.NativeMethodAccessorImpl.invoke(Unknown Source)at sun.reflect.DelegatingMethodAccessorImpl.invoke(Unknown Source)at java.lang.reflect.Method.invoke(Unknown Source)at org.testng.internal.MethodInvocationHelper.invokeMethod(MethodInvocationHelper.java:124)at org.testng.internal.Invoker.invokeMethod(Invoker.java:571)at org.testng.internal.Invoker.invokeTestMethod(Invoker.java:707)at org.testng.internal.TestMethodWithDataProviderMethodWorker.call(TestMethodWithDataProviderMethodWorker.java:71)at org.testng.internal.TestMethodWithDataProviderMethodWorker.call(TestMethodWithDataProviderMethodWorker.java:14)at java.util.concurrent.FutureTask.run(Unknown Source)at java.util.concurrent.Executors$RunnableAdapter.call(Unknown Source)at java.util.concurrent.FutureTask.run(Unknown Source)at java.util.concurrent.ThreadPoolExecutor.runWorker(Unknown Source)at java.util.concurrent.ThreadPoolExecutor$Worker.run(Unknown Source)at java.lang.Thread.run(Unknown Source)]]>
    </failure>
  </testcase> <!-- TC_045 -->
  <testcase name="TC_001" time="0.0" classname="com.pure.selfservice.testscripts.PB_Household">
    <ignored/>
  </testcase> <!-- TC_001 -->
  <testcase name="TC_023" time="0.0" classname="com.pure.selfservice.testscripts.PB_Household">
    <ignored/>
  </testcase> <!-- TC_023 -->
  <testcase name="TC_024" time="0.0" classname="com.pure.selfservice.testscripts.PB_Household">
    <ignored/>
  </testcase> <!-- TC_024 -->
  <testcase name="TC_002" time="0.0" classname="com.pure.selfservice.testscripts.PB_Household">
    <ignored/>
  </testcase> <!-- TC_002 -->
  <testcase name="TC_046" time="0.0" classname="com.pure.selfservice.testscripts.PB_Household">
    <ignored/>
  </testcase> <!-- TC_046 -->
  <testcase name="TC_022" time="0.0" classname="com.pure.selfservice.testscripts.PB_Household">
    <ignored/>
  </testcase> <!-- TC_022 -->
  <testcase name="TC_005" time="0.0" classname="com.pure.selfservice.testscripts.PB_Household">
    <ignored/>
  </testcase> <!-- TC_005 -->
  <testcase name="TC_027" time="0.0" classname="com.pure.selfservice.testscripts.PB_Household">
    <ignored/>
  </testcase> <!-- TC_027 -->
  <testcase name="TC_028" time="0.0" classname="com.pure.selfservice.testscripts.PB_Household">
    <ignored/>
  </testcase> <!-- TC_028 -->
  <testcase name="TC_006" time="0.0" classname="com.pure.selfservice.testscripts.PB_Household">
    <ignored/>
  </testcase> <!-- TC_006 -->
  <testcase name="TC_003" time="0.0" classname="com.pure.selfservice.testscripts.PB_Household">
    <ignored/>
  </testcase> <!-- TC_003 -->
  <testcase name="TC_047" time="0.0" classname="com.pure.selfservice.testscripts.PB_Household">
    <ignored/>
  </testcase> <!-- TC_047 -->
  <testcase name="TC_025" time="0.0" classname="com.pure.selfservice.testscripts.PB_Household">
    <ignored/>
  </testcase> <!-- TC_025 -->
  <testcase name="TC_026" time="0.0" classname="com.pure.selfservice.testscripts.PB_Household">
    <ignored/>
  </testcase> <!-- TC_026 -->
  <testcase name="TC_048" time="0.0" classname="com.pure.selfservice.testscripts.PB_Household">
    <ignored/>
  </testcase> <!-- TC_048 -->
  <testcase name="TC_004" time="0.0" classname="com.pure.selfservice.testscripts.PB_Household">
    <ignored/>
  </testcase> <!-- TC_004 -->
  <testcase name="TC_009" time="0.0" classname="com.pure.selfservice.testscripts.PB_Household">
    <ignored/>
  </testcase> <!-- TC_009 -->
  <testcase name="TC_008" time="0.0" classname="com.pure.selfservice.testscripts.PB_Household">
    <ignored/>
  </testcase> <!-- TC_008 -->
  <testcase name="TC_010" time="0.0" classname="com.pure.selfservice.testscripts.PB_Household">
    <ignored/>
  </testcase> <!-- TC_010 -->
  <testcase name="TC_032" time="0.0" classname="com.pure.selfservice.testscripts.PB_Household">
    <ignored/>
  </testcase> <!-- TC_032 -->
  <testcase name="TC_018" time="0.0" classname="com.pure.selfservice.testscripts.PB_Household">
    <ignored/>
  </testcase> <!-- TC_018 -->
  <testcase name="TC_030" time="0.0" classname="com.pure.selfservice.testscripts.PB_Household">
    <ignored/>
  </testcase> <!-- TC_030 -->
  <testcase name="TC_031" time="0.0" classname="com.pure.selfservice.testscripts.PB_Household">
    <ignored/>
  </testcase> <!-- TC_031 -->
  <testcase name="TC_034" time="0.0" classname="com.pure.selfservice.testscripts.PB_Household">
    <ignored/>
  </testcase> <!-- TC_034 -->
  <testcase name="TC_012" time="0.0" classname="com.pure.selfservice.testscripts.PB_Household">
    <ignored/>
  </testcase> <!-- TC_012 -->
  <testcase name="TC_035" time="0.0" classname="com.pure.selfservice.testscripts.PB_Household">
    <ignored/>
  </testcase> <!-- TC_035 -->
  <testcase name="TC_013" time="0.0" classname="com.pure.selfservice.testscripts.PB_Household">
    <ignored/>
  </testcase> <!-- TC_013 -->
  <testcase name="TC_033" time="0.0" classname="com.pure.selfservice.testscripts.PB_Household">
    <ignored/>
  </testcase> <!-- TC_033 -->
  <testcase name="TC_011" time="0.0" classname="com.pure.selfservice.testscripts.PB_Household">
    <ignored/>
  </testcase> <!-- TC_011 -->
  <testcase name="TC_038" time="0.0" classname="com.pure.selfservice.testscripts.PB_Household">
    <ignored/>
  </testcase> <!-- TC_038 -->
  <testcase name="TC_016" time="0.0" classname="com.pure.selfservice.testscripts.PB_Household">
    <ignored/>
  </testcase> <!-- TC_016 -->
  <testcase name="TC_017" time="0.0" classname="com.pure.selfservice.testscripts.PB_Household">
    <ignored/>
  </testcase> <!-- TC_017 -->
  <testcase name="TC_039" time="0.0" classname="com.pure.selfservice.testscripts.PB_Household">
    <ignored/>
  </testcase> <!-- TC_039 -->
  <testcase name="TC_036" time="0.0" classname="com.pure.selfservice.testscripts.PB_Household">
    <ignored/>
  </testcase> <!-- TC_036 -->
  <testcase name="TC_014" time="0.0" classname="com.pure.selfservice.testscripts.PB_Household">
    <ignored/>
  </testcase> <!-- TC_014 -->
  <testcase name="TC_015" time="0.0" classname="com.pure.selfservice.testscripts.PB_Household">
    <ignored/>
  </testcase> <!-- TC_015 -->
  <testcase name="TC_037" time="0.0" classname="com.pure.selfservice.testscripts.PB_Household">
    <ignored/>
  </testcase> <!-- TC_037 -->
  <testcase name="TC_019" time="0.0" classname="com.pure.selfservice.testscripts.PB_Household">
    <ignored/>
  </testcase> <!-- TC_019 -->
  <testcase name="TC_021" time="0.0" classname="com.pure.selfservice.testscripts.PB_Household">
    <ignored/>
  </testcase> <!-- TC_021 -->
  <testcase name="TC_007" time="0.0" classname="com.pure.selfservice.testscripts.PB_Household">
    <ignored/>
  </testcase> <!-- TC_007 -->
  <testcase name="TC_029" time="0.0" classname="com.pure.selfservice.testscripts.PB_Household">
    <ignored/>
  </testcase> <!-- TC_029 -->
  <testcase name="TC_041" time="0.0" classname="com.pure.selfservice.testscripts.PB_Household">
    <ignored/>
  </testcase> <!-- TC_041 -->
  <testcase name="TC_020" time="0.0" classname="com.pure.selfservice.testscripts.PB_Household">
    <ignored/>
  </testcase> <!-- TC_020 -->
  <testcase name="TC_042" time="0.0" classname="com.pure.selfservice.testscripts.PB_Household">
    <ignored/>
  </testcase> <!-- TC_042 -->
  <testcase name="TC_040" time="0.0" classname="com.pure.selfservice.testscripts.PB_Household">
    <ignored/>
  </testcase> <!-- TC_040 -->
</testsuite> <!-- UXP_PBPhase2 -->
