<html>
<head>
<title>TestNG:  UXP_SS_Sprint11_18691</title>
<link href="../testng.css" rel="stylesheet" type="text/css" />
<link href="../my-testng.css" rel="stylesheet" type="text/css" />

<style type="text/css">
.log { display: none;} 
.stack-trace { display: none;} 
</style>
<script type="text/javascript">
<!--
function flip(e) {
  current = e.style.display;
  if (current == 'block') {
    e.style.display = 'none';
    return 0;
  }
  else {
    e.style.display = 'block';
    return 1;
  }
}

function toggleBox(szDivId, elem, msg1, msg2)
{
  var res = -1;  if (document.getElementById) {
    res = flip(document.getElementById(szDivId));
  }
  else if (document.all) {
    // this is the way old msie versions work
    res = flip(document.all[szDivId]);
  }
  if(elem) {
    if(res == 0) elem.innerHTML = msg1; else elem.innerHTML = msg2;
  }

}

function toggleAllBoxes() {
  if (document.getElementsByTagName) {
    d = document.getElementsByTagName('div');
    for (i = 0; i < d.length; i++) {
      if (d[i].className == 'log') {
        flip(d[i]);
      }
    }
  }
}

// -->
</script>

</head>
<body>
<h2 align='center'>UXP_SS_Sprint11_18691</h2><table border='1' align="center">
<tr>
<td>Tests passed/Failed/Skipped:</td><td>0/1/0</td>
</tr><tr>
<td>Started on:</td><td>Tue Dec 10 14:41:05 IST 2019</td>
</tr>
<tr><td>Total time:</td><td>279 seconds (279000 ms)</td>
</tr><tr>
<td>Included groups:</td><td></td>
</tr><tr>
<td>Excluded groups:</td><td></td>
</tr>
</table><p/>
<small><i>(Hover the method name to see the test class name)</i></small><p/>
<table width='100%' border='1' class='invocation-failed'>
<tr><td colspan='4' align='center'><b>FAILED TESTS</b></td></tr>
<tr><td><b>Test method</b></td>
<td width="30%"><b>Exception</b></td>
<td width="10%"><b>Time (seconds)</b></td>
<td><b>Instance</b></td>
</tr>
<tr>
<td title='com.davinci_Testscripts.davinci_Script.TC_001()'><b>TC_001</b><br>Test class: com.davinci_Testscripts.davinci_Script<br>Test method: Direct debit flow<br>Parameters: (Browser: chrome, Hub: Aspire1543, Node: ), chrome_XP<br/>
<a href="#Output-873006178" onClick='toggleBox("Output-873006178", this, "Show output", "Hide output");'>Show output</a>

<a href="#Output-873006178" onClick="toggleAllBoxes();">Show all outputs</a>
<div class='log' id="Output-873006178">
&emsp;<div class="test-title"> <strong><font size = "3" color = "#000080">Direct debit flow<small><b><i>[chrome_windows]</b></i></small></font> </strong> </div>&emsp;<div><strong>Steps:</strong></div><!-- Report -->&emsp;<br/>
&emsp;<div class="test-title"> <strong><font size = "3" color = "#000080">TC_001 [UXP_SS_Sprint11_18691]</font> </strong> </div>&emsp;<div><strong>Steps:</strong></div>&emsp;<br/>
<div class="test-message">&emsp;Davinci url is launched : https://closebo-web-q8.davincigroep.be/&emsp;<a href=".\ScreenShot\TC_001_UXP_SS_Sprint11_18691_1.png" target="_blank" >[ScreenShot]</a></div><br/>
<div class="test-event"> <font color="maroon"> <small> &emsp; &emsp;--- 10 Dec 14:41:10 463 - Page URL:: data:,</small> </font> </div><br/>
<div class="test-event"> <font color="maroon"> <small> &emsp; &emsp;--- 10 Dec 14:41:10 463 - <b>0</b> - Page Load Wait: (Sync) - com.generic.utils.WaitUtils.waitForPageLoad(WaitUtils.java:338)</small> </font> </div><br/>
<div class="test-event"> <font color="maroon"> <small> &emsp; &emsp;--- 10 Dec 14:41:13 969 - Element is displayed:: [[RemoteWebDriver: chrome on XP (aea75599-cd84-4dae-9fb7-a2ace53b89b1)] -> css selector: input[name*='UserName']]</small> </font> </div><br/>
<div class="test-event"> <font color="maroon"> <small> &emsp; &emsp;--- 10 Dec 14:41:14 000 - Page URL:: https://adfs01.swf.davincigroep.be/adfs/ls/?wtrealm=https%3a%2f%2fjptest.localhost%2f&wa=wsignin1.0&wreply=https%3a%2f%2fclosebo-web-q8.davincigroep.be%2fsignin-wsfed&wctx=cfdj8ls4dk2d5ahcse-ajydfc1o47tsvhapzfqnaxigukfpjpiemls3qgsxcl19nndvybu-d8xvttm4qcralr32hklc-zxl5sqngh7ayl08ljtr6luvvv3lv7he4pimnb-iatidcmvlsayhdmc-p4nuwukihom1tjscbr-0wmp0ubjlajgkpso70eu8hew-nb7ehbrgchpiu8gnkmo2k0jbp6zssjz7bliyb1tzgjnzg5ilbshlooxdvallj8lwbyxi8zq</small> </font> </div><br/>
<div class="test-event"> <font color="maroon"> <small> &emsp; &emsp;--- 10 Dec 14:41:14 000 - <b>0</b> - Page Load Wait: (Sync) - com.generic.utils.WaitUtils.waitForPageLoad(WaitUtils.java:338)</small> </font> </div><br/>
<div class="test-message">&emsp;Login Page : https://closebo-web-q8.davincigroep.be/&emsp;<a href=".\ScreenShot\TC_001_UXP_SS_Sprint11_18691_2.png" target="_blank" >[ScreenShot]</a></div><br/>
<div class="test-event"> <font color="maroon"> <small> &emsp; &emsp;--- 10 Dec 14:41:14 803 - Element is displayed:: [[RemoteWebDriver: chrome on XP (aea75599-cd84-4dae-9fb7-a2ace53b89b1)] -> css selector: input[name*='UserName']]</small> </font> </div><br/>
<div class="test-message">&emsp;Entered UserName : dvbeswf\rpandian&emsp;</div><br/>
<div class="test-event"> <font color="maroon"> <small> &emsp; &emsp;--- 10 Dec 14:41:14 987 - Element is displayed:: [[RemoteWebDriver: chrome on XP (aea75599-cd84-4dae-9fb7-a2ace53b89b1)] -> css selector: input[name*='Password']]</small> </font> </div><br/>
<div class="test-message">&emsp;Entered Password : Password@8766&emsp;</div><br/>
<div class="test-event"> <font color="maroon"> <small> &emsp; &emsp;--- 10 Dec 14:41:15 166 - Element is displayed:: [[RemoteWebDriver: chrome on XP (aea75599-cd84-4dae-9fb7-a2ace53b89b1)] -> css selector: span.submit]</small> </font> </div><br/>
<div class="test-event"> <font color="maroon"> <small> &emsp; &emsp;--- 10 Dec 14:41:28 318 - <b>2</b> - Spinner Load Wait: (Sync) - com.generic.utils.WaitUtils.waitForSpinner(WaitUtils.java:160)</small> </font> </div><br/>
<div class="test-message">&emsp;Clicked Login button&emsp;</div><br/>
<div class="test-event"> <font color="maroon"> <small> &emsp; &emsp;--- 10 Dec 14:41:30 608 - <b>2</b> - Spinner Load Wait: (Sync) - com.generic.utils.WaitUtils.waitForSpinner(WaitUtils.java:160)</small> </font> </div><br/>
<div class="test-event"> <font color="maroon"> <small> &emsp; &emsp;--- 10 Dec 14:41:30 635 - Page URL:: https://closebo-web-q8.davincigroep.be/</small> </font> </div><br/>
<div class="test-event"> <font color="maroon"> <small> &emsp; &emsp;--- 10 Dec 14:41:30 635 - <b>0</b> - Page Load Wait: (Sync) - com.generic.utils.WaitUtils.waitForPageLoad(WaitUtils.java:338)</small> </font> </div><br/>
<div class="test-message">&emsp;Navigated to Search Credit Page&emsp;<a href=".\ScreenShot\TC_001_UXP_SS_Sprint11_18691_3.png" target="_blank" >[ScreenShot]</a></div><br/>
<div class="test-event"> <font color="maroon"> <small> &emsp; &emsp;--- 10 Dec 14:41:30 987 - Element is displayed:: [[RemoteWebDriver: chrome on XP (aea75599-cd84-4dae-9fb7-a2ace53b89b1)] -> xpath: //h4[contains(text(),'280 Select session')]]</small> </font> </div><br/>
<div class="test-message">&emsp;Navigated to Search Credit Page&emsp;<a href=".\ScreenShot\TC_001_UXP_SS_Sprint11_18691_4.png" target="_blank" >[ScreenShot]</a></div><br/>
<div class="test-event"> <font color="maroon"> <small> &emsp; &emsp;--- 10 Dec 14:41:31 335 - Element is displayed:: [[RemoteWebDriver: chrome on XP (aea75599-cd84-4dae-9fb7-a2ace53b89b1)] -> xpath: //h4[contains(text(),'280 Select session')]]</small> </font> </div><br/>
<div class="test-event"> <font color="maroon"> <small> &emsp; &emsp;--- 10 Dec 14:41:31 428 - Element is displayed:: [[RemoteWebDriver: chrome on XP (aea75599-cd84-4dae-9fb7-a2ace53b89b1)] -> xpath: /html/body/app-component/app-shell/section/div/div/div/app-session/div/div/div/button[1]]</small> </font> </div><br/>
<div class="test-event"> <font color="maroon"> <small> &emsp; &emsp;--- 10 Dec 14:41:33 749 - <b>2</b> - Spinner Load Wait: (Sync) - com.generic.utils.WaitUtils.waitForSpinner(WaitUtils.java:160)</small> </font> </div><br/>
<div class="test-message">&emsp;Clicked ConsumerAndMortgagaeLending session&emsp;</div><br/>
<div class="test-message">&emsp;Navigated to Search Credit Page&emsp;<a href=".\ScreenShot\TC_001_UXP_SS_Sprint11_18691_5.png" target="_blank" >[ScreenShot]</a></div><br/>
<div class="test-event"> <font color="maroon"> <small> &emsp; &emsp;--- 10 Dec 14:41:34 126 - Element is displayed:: [[RemoteWebDriver: chrome on XP (aea75599-cd84-4dae-9fb7-a2ace53b89b1)] -> xpath: /html/body/app-component/app-shell/section/div/div/div/credit-module/div/search-credit/div/tool-bar/div/div/h3]</small> </font> </div><br/>
<div class="test-message">&emsp;Navigated to Search Credit Page&emsp;<a href=".\ScreenShot\TC_001_UXP_SS_Sprint11_18691_6.png" target="_blank" >[ScreenShot]</a></div><br/>
<div class="test-event"> <font color="maroon"> <small> &emsp; &emsp;--- 10 Dec 14:41:34 492 - Element is displayed:: [[RemoteWebDriver: chrome on XP (aea75599-cd84-4dae-9fb7-a2ace53b89b1)] -> xpath: /html/body/app-component/app-shell/section/div/div/div/credit-module/div/search-credit/div/tool-bar/div/div/h3]</small> </font> </div><br/>
<div class="test-event"> <font color="maroon"> <small> &emsp; &emsp;--- 10 Dec 14:41:36 790 - <b>2</b> - Spinner Load Wait: (Sync) - com.generic.utils.WaitUtils.waitForSpinner(WaitUtils.java:160)</small> </font> </div><br/>
<div class="test-event"> <font color="maroon"> <small> &emsp; &emsp;--- 10 Dec 14:42:07 648 - Unable to find a element after 30 sec ==> Proxy element for: DefaultElementLocator 'By.xpath: /html/body/app-component/app-shell/section/div/div/div/credit-module/div/search-credit/div/tool-bar/div/div/h3'</small> </font> </div><br/>
<div class="test-message">&emsp;Selected Type : Search Buy To Let &emsp;<a href=".\ScreenShot\TC_001_UXP_SS_Sprint11_18691_7.png" target="_blank" >[ScreenShot]</a></div><br/>
<div class="test-message">&emsp;Navigated to Search Buy To let Page&emsp;<a href=".\ScreenShot\TC_001_UXP_SS_Sprint11_18691_8.png" target="_blank" >[ScreenShot]</a></div><br/>
<div class="test-event"> <font color="maroon"> <small> &emsp; &emsp;--- 10 Dec 14:42:08 309 - Element is displayed:: [[RemoteWebDriver: chrome on XP (aea75599-cd84-4dae-9fb7-a2ace53b89b1)] -> xpath: /html/body/app-component/app-shell/section/div/div/div/credit-module/div/search-buy-to-let/div/tool-bar/div/div/h3]</small> </font> </div><br/>
<div class="test-event"> <font color="maroon"> <small> &emsp; &emsp;--- 10 Dec 14:42:10 645 - <b>2</b> - Spinner Load Wait: (Sync) - com.generic.utils.WaitUtils.waitForSpinner(WaitUtils.java:160)</small> </font> </div><br/>
<div class="test-event"> <font color="maroon"> <small> &emsp; &emsp;--- 10 Dec 14:42:41 777 - Unable to find a element after 30 sec ==> Proxy element for: DefaultElementLocator 'By.xpath: /html/body/app-component/app-shell/section/div/div/div/credit-module/div/search-buy-to-let/div/tool-bar/div/div/h3'</small> </font> </div><br/>
<div class="test-message">&emsp;Selected Type : Link Dirty Payments &emsp;<a href=".\ScreenShot\TC_001_UXP_SS_Sprint11_18691_9.png" target="_blank" >[ScreenShot]</a></div><br/>
<div class="test-message">&emsp;Navigated to Link Dirty Payments Page&emsp;<a href=".\ScreenShot\TC_001_UXP_SS_Sprint11_18691_10.png" target="_blank" >[ScreenShot]</a></div><br/>
<div class="test-event"> <font color="maroon"> <small> &emsp; &emsp;--- 10 Dec 14:43:12 927 - Unable to find a element after 30 sec ==> Proxy element for: DefaultElementLocator 'By.xpath: //*[@id=navbar]/ul[1]/li[1]/div/ul/li[3]/a'</small> </font> </div><br/>
<div class="test-event"> <font color="maroon"> <small> &emsp; &emsp;--- 10 Dec 14:43:13 038 - Element is displayed:: [[RemoteWebDriver: chrome on XP (aea75599-cd84-4dae-9fb7-a2ace53b89b1)] -> xpath: /html/body/app-component/app-shell/section/div/div/div/credit-module/div/link-dirty-payments/div[2]/form/tool-bar/div/div/div/button[2]/span]</small> </font> </div><br/>
<div class="test-event"> <font color="maroon"> <small> &emsp; &emsp;--- 10 Dec 14:43:15 529 - <b>2</b> - Spinner Load Wait: (Sync) - com.generic.utils.WaitUtils.waitForSpinner(WaitUtils.java:160)</small> </font> </div><br/>
<div class="test-message">&emsp;Clicked close Button &emsp;</div><br/>
<div class="test-event"> <font color="maroon"> <small> &emsp; &emsp;--- 10 Dec 14:43:17 867 - <b>2</b> - Spinner Load Wait: (Sync) - com.generic.utils.WaitUtils.waitForSpinner(WaitUtils.java:160)</small> </font> </div><br/>
<div class="test-event"> <font color="maroon"> <small> &emsp; &emsp;--- 10 Dec 14:43:48 917 - Unable to find a element after 30 sec ==> Proxy element for: DefaultElementLocator 'By.xpath: /html/body/app-component/app-shell/section/div/div/div/credit-module/div/search-credit/div/tool-bar/div/div/h3'</small> </font> </div><br/>
<div class="test-message">&emsp;Selected Type : Link Dirty Payments &emsp;<a href=".\ScreenShot\TC_001_UXP_SS_Sprint11_18691_11.png" target="_blank" >[ScreenShot]</a></div><br/>
<div class="test-message">&emsp;Navigated to View Link Dirty Payments Page&emsp;<a href=".\ScreenShot\TC_001_UXP_SS_Sprint11_18691_12.png" target="_blank" >[ScreenShot]</a></div><br/>
<div class="test-event"> <font color="maroon"> <small> &emsp; &emsp;--- 10 Dec 14:43:49 560 - Element is displayed:: [[RemoteWebDriver: chrome on XP (aea75599-cd84-4dae-9fb7-a2ace53b89b1)] -> xpath: /html/body/app-component/app-shell/section/div/div/div/credit-module/div/view-link-dirty-payment/div/form/tool-bar/div/div/h3]</small> </font> </div><br/>
<div class="test-event"> <font color="maroon"> <small> &emsp; &emsp;--- 10 Dec 14:43:49 658 - Element is displayed:: [[RemoteWebDriver: chrome on XP (aea75599-cd84-4dae-9fb7-a2ace53b89b1)] -> xpath: /html/body/app-component/app-shell/section/div/div/div/credit-module/div/view-link-dirty-payment/div/form/tool-bar/div/div/div/button/span]</small> </font> </div><br/>
<div class="test-event"> <font color="maroon"> <small> &emsp; &emsp;--- 10 Dec 14:43:52 098 - <b>2</b> - Spinner Load Wait: (Sync) - com.generic.utils.WaitUtils.waitForSpinner(WaitUtils.java:160)</small> </font> </div><br/>
<div class="test-message">&emsp;Clicked close Button &emsp;</div><br/>
<div class="test-event"> <font color="maroon"> <small> &emsp; &emsp;--- 10 Dec 14:43:54 425 - <b>2</b> - Spinner Load Wait: (Sync) - com.generic.utils.WaitUtils.waitForSpinner(WaitUtils.java:160)</small> </font> </div><br/>
<div class="test-event"> <font color="maroon"> <small> &emsp; &emsp;--- 10 Dec 14:44:24 959 - Unable to find a element after 30 sec ==> Proxy element for: DefaultElementLocator 'By.xpath: /html/body/app-component/app-shell/section/div/div/div/credit-module/div/search-credit/div/tool-bar/div/div/h3'</small> </font> </div><br/>
<div class="test-message">&emsp;Selected Type : Link Dirty Payments &emsp;<a href=".\ScreenShot\TC_001_UXP_SS_Sprint11_18691_13.png" target="_blank" >[ScreenShot]</a></div><br/>
<div class="test-message">&emsp;Navigated to  Validate Payments Page&emsp;<a href=".\ScreenShot\TC_001_UXP_SS_Sprint11_18691_14.png" target="_blank" >[ScreenShot]</a></div><br/>
<div class="test-event"> <font color="maroon"> <small> &emsp; &emsp;--- 10 Dec 14:44:25 655 - Element is displayed:: [[RemoteWebDriver: chrome on XP (aea75599-cd84-4dae-9fb7-a2ace53b89b1)] -> xpath: /html/body/app-component/app-shell/section/div/div/div/credit-module/div/validate-payments/div/form/tool-bar/div/div/h3]</small> </font> </div><br/>
<div class="test-event"> <font color="maroon"> <small> &emsp; &emsp;--- 10 Dec 14:44:25 753 - Element is displayed:: [[RemoteWebDriver: chrome on XP (aea75599-cd84-4dae-9fb7-a2ace53b89b1)] -> xpath: /html/body/app-component/app-shell/section/div/div/div/credit-module/div/validate-payments/div/form/tool-bar/div/div/div/button[2]/span]</small> </font> </div><br/>
<div class="test-event"> <font color="maroon"> <small> &emsp; &emsp;--- 10 Dec 14:44:28 192 - <b>2</b> - Spinner Load Wait: (Sync) - com.generic.utils.WaitUtils.waitForSpinner(WaitUtils.java:160)</small> </font> </div><br/>
<div class="test-message">&emsp;Clicked close Button &emsp;</div><br/>
<div class="test-event"> <font color="maroon"> <small> &emsp; &emsp;--- 10 Dec 14:44:30 530 - <b>2</b> - Spinner Load Wait: (Sync) - com.generic.utils.WaitUtils.waitForSpinner(WaitUtils.java:160)</small> </font> </div><br/>
<div class="test-event"> <font color="maroon"> <small> &emsp; &emsp;--- 10 Dec 14:45:01 525 - Unable to find a element after 30 sec ==> Proxy element for: DefaultElementLocator 'By.xpath: /html/body/app-component/app-shell/section/div/div/div/credit-module/div/search-credit/div/tool-bar/div/div/h3'</small> </font> </div><br/>
<div class="test-message">&emsp;Selected Type : Link Dirty Payments &emsp;<a href=".\ScreenShot\TC_001_UXP_SS_Sprint11_18691_15.png" target="_blank" >[ScreenShot]</a></div><br/>
<div class="test-message">&emsp;Navigated to View Mortgage Dossier Requests Page&emsp;<a href=".\ScreenShot\TC_001_UXP_SS_Sprint11_18691_16.png" target="_blank" >[ScreenShot]</a></div><br/>
<div class="test-event"> <font color="maroon"> <small> &emsp; &emsp;--- 10 Dec 14:45:02 231 - Element is displayed:: [[RemoteWebDriver: chrome on XP (aea75599-cd84-4dae-9fb7-a2ace53b89b1)] -> xpath: /html/body/app-component/app-shell/section/div/div/div/credit-module/div/view-mortgage-dossier-requests/div/form/tool-bar/div/div/h3]</small> </font> </div><br/>
<div class="test-event"> <font color="maroon"> <small> &emsp; &emsp;--- 10 Dec 14:45:02 326 - Element is displayed:: [[RemoteWebDriver: chrome on XP (aea75599-cd84-4dae-9fb7-a2ace53b89b1)] -> xpath: /html/body/app-component/app-shell/section/div/div/div/credit-module/div/view-mortgage-dossier-requests/div/form/tool-bar/div/div/div/button[2]/span]</small> </font> </div><br/>
<div class="test-event"> <font color="maroon"> <small> &emsp; &emsp;--- 10 Dec 14:45:04 734 - <b>2</b> - Spinner Load Wait: (Sync) - com.generic.utils.WaitUtils.waitForSpinner(WaitUtils.java:160)</small> </font> </div><br/>
<div class="test-message">&emsp;Clicked Close Button &emsp;</div><br/>
<div class="test-event"> <font color="maroon"> <small> &emsp; &emsp;--- 10 Dec 14:45:07 069 - <b>2</b> - Spinner Load Wait: (Sync) - com.generic.utils.WaitUtils.waitForSpinner(WaitUtils.java:160)</small> </font> </div><br/>
<div class="test-event"> <font color="maroon"> <small> &emsp; &emsp;--- 10 Dec 14:45:37 699 - Unable to find a element after 30 sec ==> Proxy element for: DefaultElementLocator 'By.xpath: /html/body/app-component/app-shell/section/div/div/div/credit-module/div/search-credit/div/tool-bar/div/div/h3'</small> </font> </div><br/>
<div class="test-message">&emsp;Selected Type : Link Dirty Payments &emsp;<a href=".\ScreenShot\TC_001_UXP_SS_Sprint11_18691_17.png" target="_blank" >[ScreenShot]</a></div><br/>
<div class="test-message">&emsp;Navigated to Search Declarations Page&emsp;<a href=".\ScreenShot\TC_001_UXP_SS_Sprint11_18691_18.png" target="_blank" >[ScreenShot]</a></div><br/>
<div class="test-event"> <font color="maroon"> <small> &emsp; &emsp;--- 10 Dec 14:45:38 337 - Element is displayed:: [[RemoteWebDriver: chrome on XP (aea75599-cd84-4dae-9fb7-a2ace53b89b1)] -> xpath: /html/body/app-component/app-shell/section/div/div/div/credit-module/div/search-depot-declaration/div/tool-bar/div/div/h3]</small> </font> </div><br/>
<div class="test-event"> <font color="maroon"> <small> &emsp; &emsp;--- 10 Dec 14:45:38 433 - Element is displayed:: [[RemoteWebDriver: chrome on XP (aea75599-cd84-4dae-9fb7-a2ace53b89b1)] -> xpath: /html/body/app-component/app-shell/section/div/div/div/credit-module/div/search-depot-declaration/div/tool-bar/div/div/div/button/span]</small> </font> </div><br/>
<div class="test-event"> <font color="maroon"> <small> &emsp; &emsp;--- 10 Dec 14:45:40 839 - <b>2</b> - Spinner Load Wait: (Sync) - com.generic.utils.WaitUtils.waitForSpinner(WaitUtils.java:160)</small> </font> </div><br/>
<div class="test-message">&emsp;Clicked close Button &emsp;</div><br/>
<div class="test-event"> <font color="maroon"> <small> &emsp; &emsp;--- 10 Dec 14:45:43 155 - <b>2</b> - Spinner Load Wait: (Sync) - com.generic.utils.WaitUtils.waitForSpinner(WaitUtils.java:160)</small> </font> </div><br/>
<div class="test-result"><br><font color="red"><strong> Unable to locate AdministrativeHistoryOverview screen : org.openqa.selenium.WebDriverException: unknown error: Element <a _ngcontent-c1="" aria-expanded="false" aria-haspopup="true" class="dropdown-toggle" data-toggle="dropdown" href="javascript:void(0)" role="button" title="MANAGE CREDIT">...</a> is not clickable at point (431, 39). Other element would receive the click: <div _ngcontent-c1="" class="overlay-div" id="Shell" style="">...</div> </strong></font> <a href=".\ScreenShot\TC_001_UXP_SS_Sprint11_18691_19.png" target="_blank" >[ScreenShot]</a></div>&emsp;<br/>
</div>
</td>
<td><div><pre>java.lang.Exception: Unable to locate AdministrativeHistoryOverview screen : org.openqa.selenium.WebDriverException: unknown error: Element &lt;a _ngcontent-c1=&quot;&quot; aria-expanded=&quot;false&quot; aria-haspopup=&quot;true&quot; class=&quot;dropdown-toggle&quot; data-toggle=&quot;dropdown&quot; href=&quot;javascript:void(0)&quot; role=&quot;button&quot; title=&quot;MANAGE CREDIT&quot;&gt;...&lt;/a&gt; is not clickable at point (431, 39). Other element would receive the click: &lt;div _ngcontent-c1=&quot;&quot; class=&quot;overlay-div&quot; id=&quot;Shell&quot; style=&quot;&quot;&gt;...&lt;/div&gt;
  (Session info: chrome=78.0.3904.108)
  (Driver info: chromedriver=2.40.565498 (ea082db3280dd6843ebfb08a625e3eb905c4f5ab),platform=Windows NT 10.0.14393 x86_64) (WARNING: The server did not provide any stacktrace information)
Command duration or timeout: 36 milliseconds
Build info: version: &apos;3.0.1&apos;, revision: &apos;1969d75&apos;, time: &apos;2016-10-18 09:48:19 -0700&apos;
System info: host: &apos;Aspire1543&apos;, ip: &apos;172.24.166.252&apos;, os.name: &apos;Windows 10&apos;, os.arch: &apos;amd64&apos;, os.version: &apos;10.0&apos;, java.version: &apos;1.8.0_221&apos;
Driver info: org.openqa.selenium.chrome.ChromeDriver
Capabilities [{applicationCacheEnabled=false, rotatable=false, mobileEmulationEnabled=false, networkConnectionEnabled=false, chrome={chromedriverVersion=2.40.565498 (ea082db3280dd6843ebfb08a625e3eb905c4f5ab), userDataDir=C:\Users\RAMYA~1.PAN\AppData\Local\Temp\scoped_dir20340_29237}, takesHeapSnapshot=true, pageLoadStrategy=normal, databaseEnabled=false, handlesAlerts=true, hasTouchScreen=false, version=78.0.3904.108, platform=XP, browserConnectionEnabled=false, nativeEvents=true, acceptSslCerts=false, acceptInsecureCerts=false, locationContextEnabled=true, webStorageEnabled=true, browserName=chrome, takesScreenshot=true, javascriptEnabled=true, cssSelectorsEnabled=true, setWindowRect=true, unexpectedAlertBehaviour=}]
Session ID: 3051332e4cc5e4ebff5925562628b8aa
Command duration or timeout: 195 milliseconds
	at com.davinci.pages.SearchCreditPage.navigateToAdministrativeHistoryOverview(SearchCreditPage.java:441)
	at com.davinci_Testscripts.davinci_Script.TC_001(davinci_Script.java:118)
	at sun.reflect.NativeMethodAccessorImpl.invoke0(Native Method)
	at sun.reflect.NativeMethodAccessorImpl.invoke(Unknown Source)
	at sun.reflect.DelegatingMethodAccessorImpl.invoke(Unknown Source)
	at java.lang.reflect.Method.invoke(Unknown Source)
	at org.testng.internal.MethodInvocationHelper.invokeMethod(MethodInvocationHelper.java:100)
	at org.testng.internal.Invoker.invokeMethod(Invoker.java:646)
	at org.testng.internal.Invoker.invokeTestMethod(Invoker.java:811)
	at org.testng.internal.TestMethodWithDataProviderMethodWorker.call(TestMethodWithDataProviderMethodWorker.java:75)
	at org.testng.internal.TestMethodWithDataProviderMethodWorker.call(TestMethodWithDataProviderMethodWorker.java:14)
	at java.util.concurrent.FutureTask.run(Unknown Source)
	at java.util.concurrent.Executors$RunnableAdapter.call(Unknown Source)
	at java.util.concurrent.FutureTask.run(Unknown Source)
	at java.util.concurrent.ThreadPoolExecutor.runWorker(Unknown Source)
	at java.util.concurrent.ThreadPoolExecutor$Worker.run(Unknown Source)
	at java.lang.Thread.run(Unknown Source)
</pre></div><a href='#' onClick='toggleBox("stack-trace873006178", this, "Click to show all stack frames", "Click to hide stack frames")'>Click to show all stack frames</a>
<div class='stack-trace' id='stack-trace873006178'><pre>java.lang.Exception: Unable to locate AdministrativeHistoryOverview screen : org.openqa.selenium.WebDriverException: unknown error: Element &lt;a _ngcontent-c1=&quot;&quot; aria-expanded=&quot;false&quot; aria-haspopup=&quot;true&quot; class=&quot;dropdown-toggle&quot; data-toggle=&quot;dropdown&quot; href=&quot;javascript:void(0)&quot; role=&quot;button&quot; title=&quot;MANAGE CREDIT&quot;&gt;...&lt;/a&gt; is not clickable at point (431, 39). Other element would receive the click: &lt;div _ngcontent-c1=&quot;&quot; class=&quot;overlay-div&quot; id=&quot;Shell&quot; style=&quot;&quot;&gt;...&lt;/div&gt;
  (Session info: chrome=78.0.3904.108)
  (Driver info: chromedriver=2.40.565498 (ea082db3280dd6843ebfb08a625e3eb905c4f5ab),platform=Windows NT 10.0.14393 x86_64) (WARNING: The server did not provide any stacktrace information)
Command duration or timeout: 36 milliseconds
Build info: version: &apos;3.0.1&apos;, revision: &apos;1969d75&apos;, time: &apos;2016-10-18 09:48:19 -0700&apos;
System info: host: &apos;Aspire1543&apos;, ip: &apos;172.24.166.252&apos;, os.name: &apos;Windows 10&apos;, os.arch: &apos;amd64&apos;, os.version: &apos;10.0&apos;, java.version: &apos;1.8.0_221&apos;
Driver info: org.openqa.selenium.chrome.ChromeDriver
Capabilities [{applicationCacheEnabled=false, rotatable=false, mobileEmulationEnabled=false, networkConnectionEnabled=false, chrome={chromedriverVersion=2.40.565498 (ea082db3280dd6843ebfb08a625e3eb905c4f5ab), userDataDir=C:\Users\RAMYA~1.PAN\AppData\Local\Temp\scoped_dir20340_29237}, takesHeapSnapshot=true, pageLoadStrategy=normal, databaseEnabled=false, handlesAlerts=true, hasTouchScreen=false, version=78.0.3904.108, platform=XP, browserConnectionEnabled=false, nativeEvents=true, acceptSslCerts=false, acceptInsecureCerts=false, locationContextEnabled=true, webStorageEnabled=true, browserName=chrome, takesScreenshot=true, javascriptEnabled=true, cssSelectorsEnabled=true, setWindowRect=true, unexpectedAlertBehaviour=}]
Session ID: 3051332e4cc5e4ebff5925562628b8aa
Command duration or timeout: 195 milliseconds
	at com.davinci.pages.SearchCreditPage.navigateToAdministrativeHistoryOverview(SearchCreditPage.java:441)
	at com.davinci_Testscripts.davinci_Script.TC_001(davinci_Script.java:118)
	at sun.reflect.NativeMethodAccessorImpl.invoke0(Native Method)
	at sun.reflect.NativeMethodAccessorImpl.invoke(Unknown Source)
	at sun.reflect.DelegatingMethodAccessorImpl.invoke(Unknown Source)
	at java.lang.reflect.Method.invoke(Unknown Source)
	at org.testng.internal.MethodInvocationHelper.invokeMethod(MethodInvocationHelper.java:100)
	at org.testng.internal.Invoker.invokeMethod(Invoker.java:646)
	at org.testng.internal.Invoker.invokeTestMethod(Invoker.java:811)
	at org.testng.internal.TestMethodWithDataProviderMethodWorker.call(TestMethodWithDataProviderMethodWorker.java:75)
	at org.testng.internal.TestMethodWithDataProviderMethodWorker.call(TestMethodWithDataProviderMethodWorker.java:14)
	at java.util.concurrent.FutureTask.run(Unknown Source)
	at java.util.concurrent.Executors$RunnableAdapter.call(Unknown Source)
	at java.util.concurrent.FutureTask.run(Unknown Source)
	at java.util.concurrent.ThreadPoolExecutor.runWorker(Unknown Source)
	at java.util.concurrent.ThreadPoolExecutor$Worker.run(Unknown Source)
	at java.lang.Thread.run(Unknown Source)
</pre></div></td>
<td>275</td>
<td>com.davinci_Testscripts.davinci_Script@578486a3</td></tr>
</table><p>
</body>
</html>