<?xml version="1.0" encoding="UTF-8"?>
<!-- Generated by org.testng.reporters.JUnitXMLReporter -->
<testsuite hostname="aspirenav145" ignored="58" name="UXP_PBPhase2" tests="33" failures="15" timestamp="04 May 2018 15:24:10 GMT" time="14559.276" errors="0">
  <testcase name="TC_059" time="513.885" classname="com.pure.selfservice.testscripts.PB_Household"/>
  <testcase name="TC_060" time="525.613" classname="com.pure.selfservice.testscripts.PB_Household"/>
  <testcase name="TC_061" time="157.11" classname="com.pure.selfservice.testscripts.PB_Household">
    <failure type="java.lang.Exception" message="Error while clicking change My policy button : org.openqa.selenium.NoSuchElementException: no such element: Unable to locate element: {&amp;quot;method&amp;quot;:&amp;quot;css selector&amp;quot;,&amp;quot;selector&amp;quot;:&amp;quot;#C2__BUT_7D4422F57C5E7EC5157917_Rnull&amp;quot;}
  (Session info: chrome=66.0.3359.139)
  (Driver info: chromedriver=2.35.528161 (5b82f2d2aae0ca24b877009200ced9065a772e73),platform=Windows NT 10.0.10240 x86_64) (WARNING: The server did not provide any stacktrace information)
Command duration or timeout: 36 milliseconds
For documentation on this error, please visit: http://seleniumhq.org/exceptions/no_such_element.html
Build info: version: &amp;apos;3.4.0&amp;apos;, revision: &amp;apos;unknown&amp;apos;, time: &amp;apos;unknown&amp;apos;
System info: host: &amp;apos;ASPIRENAV145&amp;apos;, ip: &amp;apos;192.168.71.94&amp;apos;, os.name: &amp;apos;Windows 10&amp;apos;, os.arch: &amp;apos;amd64&amp;apos;, os.version: &amp;apos;10.0&amp;apos;, java.version: &amp;apos;1.8.0_77&amp;apos;
Driver info: org.openqa.selenium.remote.RemoteWebDriver
Capabilities [{mobileEmulationEnabled=false, hasTouchScreen=false, platform=XP, acceptSslCerts=false, acceptInsecureCerts=false, webStorageEnabled=true, browserName=chrome, takesScreenshot=true, javascriptEnabled=true, setWindowRect=true, unexpectedAlertBehaviour=, applicationCacheEnabled=false, rotatable=false, networkConnectionEnabled=false, chrome={chromedriverVersion=2.35.528161 (5b82f2d2aae0ca24b877009200ced9065a772e73), userDataDir=C:\Users\RANJIT~1.MAD\AppData\Local\Temp\scoped_dir15860_17215}, takesHeapSnapshot=true, pageLoadStrategy=normal, databaseEnabled=false, handlesAlerts=true, version=66.0.3359.139, browserConnectionEnabled=false, nativeEvents=true, webdriver.remote.sessionid=4336b267bc161a49926a5c72c6d1e4ee, locationContextEnabled=true, cssSelectorsEnabled=true}]
Session ID: 4336b267bc161a49926a5c72c6d1e4ee
*** Element info: {Using=css selector, value=#C2__BUT_7D4422F57C5E7EC5157917_Rnull}">
      <![CDATA[java.lang.Exception: Error while clicking change My policy button : org.openqa.selenium.NoSuchElementException: no such element: Unable to locate element: {"method":"css selector","selector":"#C2__BUT_7D4422F57C5E7EC5157917_Rnull"}  (Session info: chrome=66.0.3359.139)  (Driver info: chromedriver=2.35.528161 (5b82f2d2aae0ca24b877009200ced9065a772e73),platform=Windows NT 10.0.10240 x86_64) (WARNING: The server did not provide any stacktrace information)Command duration or timeout: 36 millisecondsFor documentation on this error, please visit: http://seleniumhq.org/exceptions/no_such_element.htmlBuild info: version: '3.4.0', revision: 'unknown', time: 'unknown'System info: host: 'ASPIRENAV145', ip: '192.168.71.94', os.name: 'Windows 10', os.arch: 'amd64', os.version: '10.0', java.version: '1.8.0_77'Driver info: org.openqa.selenium.remote.RemoteWebDriverCapabilities [{mobileEmulationEnabled=false, hasTouchScreen=false, platform=XP, acceptSslCerts=false, acceptInsecureCerts=false, webStorageEnabled=true, browserName=chrome, takesScreenshot=true, javascriptEnabled=true, setWindowRect=true, unexpectedAlertBehaviour=, applicationCacheEnabled=false, rotatable=false, networkConnectionEnabled=false, chrome={chromedriverVersion=2.35.528161 (5b82f2d2aae0ca24b877009200ced9065a772e73), userDataDir=C:\Users\RANJIT~1.MAD\AppData\Local\Temp\scoped_dir15860_17215}, takesHeapSnapshot=true, pageLoadStrategy=normal, databaseEnabled=false, handlesAlerts=true, version=66.0.3359.139, browserConnectionEnabled=false, nativeEvents=true, webdriver.remote.sessionid=4336b267bc161a49926a5c72c6d1e4ee, locationContextEnabled=true, cssSelectorsEnabled=true}]Session ID: 4336b267bc161a49926a5c72c6d1e4ee*** Element info: {Using=css selector, value=#C2__BUT_7D4422F57C5E7EC5157917_Rnull}at com.pure.selfservice.pages.CustomerDashboardPage.clickChangePolicyButton(CustomerDashboardPage.java:1314)at com.pure.selfservice.testscripts.PB_Household.TC_061(PB_Household.java:5191)at sun.reflect.NativeMethodAccessorImpl.invoke0(Native Method)at sun.reflect.NativeMethodAccessorImpl.invoke(Unknown Source)at sun.reflect.DelegatingMethodAccessorImpl.invoke(Unknown Source)at java.lang.reflect.Method.invoke(Unknown Source)at org.testng.internal.MethodInvocationHelper.invokeMethod(MethodInvocationHelper.java:124)at org.testng.internal.Invoker.invokeMethod(Invoker.java:571)at org.testng.internal.Invoker.invokeTestMethod(Invoker.java:707)at org.testng.internal.TestMethodWithDataProviderMethodWorker.call(TestMethodWithDataProviderMethodWorker.java:71)at org.testng.internal.TestMethodWithDataProviderMethodWorker.call(TestMethodWithDataProviderMethodWorker.java:14)at java.util.concurrent.FutureTask.run(Unknown Source)at java.util.concurrent.Executors$RunnableAdapter.call(Unknown Source)at java.util.concurrent.FutureTask.run(Unknown Source)at java.util.concurrent.ThreadPoolExecutor.runWorker(Unknown Source)at java.util.concurrent.ThreadPoolExecutor$Worker.run(Unknown Source)at java.lang.Thread.run(Unknown Source)]]>
    </failure>
  </testcase> <!-- TC_061 -->
  <testcase name="TC_062" time="440.984" classname="com.pure.selfservice.testscripts.PB_Household"/>
  <testcase name="TC_063" time="544.105" classname="com.pure.selfservice.testscripts.PB_Household"/>
  <testcase name="TC_064" time="424.876" classname="com.pure.selfservice.testscripts.PB_Household"/>
  <testcase name="TC_065" time="553.825" classname="com.pure.selfservice.testscripts.PB_Household"/>
  <testcase name="TC_066" time="290.716" classname="com.pure.selfservice.testscripts.PB_Household">
    <failure type="java.lang.Exception" message="Error while verifing restored values in Property Used for Business question: org.openqa.selenium.TimeoutException: Expected condition failed: Field &amp;apos;Property Extended&amp;apos; question is not found (tried for 30 second(s) with 200 MILLISECONDS interval)
Build info: version: &amp;apos;3.4.0&amp;apos;, revision: &amp;apos;unknown&amp;apos;, time: &amp;apos;unknown&amp;apos;
System info: host: &amp;apos;ASPIRENAV145&amp;apos;, ip: &amp;apos;192.168.71.94&amp;apos;, os.name: &amp;apos;Windows 10&amp;apos;, os.arch: &amp;apos;amd64&amp;apos;, os.version: &amp;apos;10.0&amp;apos;, java.version: &amp;apos;1.8.0_77&amp;apos;
Driver info: org.openqa.selenium.remote.RemoteWebDriver
Capabilities [{mobileEmulationEnabled=false, hasTouchScreen=false, platform=XP, acceptSslCerts=false, acceptInsecureCerts=false, webStorageEnabled=true, browserName=chrome, takesScreenshot=true, javascriptEnabled=true, setWindowRect=true, unexpectedAlertBehaviour=, applicationCacheEnabled=false, rotatable=false, networkConnectionEnabled=false, chrome={chromedriverVersion=2.35.528161 (5b82f2d2aae0ca24b877009200ced9065a772e73), userDataDir=C:\Users\RANJIT~1.MAD\AppData\Local\Temp\scoped_dir15968_15148}, takesHeapSnapshot=true, pageLoadStrategy=normal, databaseEnabled=false, handlesAlerts=true, version=66.0.3359.139, browserConnectionEnabled=false, nativeEvents=true, webdriver.remote.sessionid=9ef86585b36f1cc56abfb75e71d33cc0, locationContextEnabled=true, cssSelectorsEnabled=true}]
Session ID: 9ef86585b36f1cc56abfb75e71d33cc0">
      <![CDATA[java.lang.Exception: Error while verifing restored values in Property Used for Business question: org.openqa.selenium.TimeoutException: Expected condition failed: Field 'Property Extended' question is not found (tried for 30 second(s) with 200 MILLISECONDS interval)Build info: version: '3.4.0', revision: 'unknown', time: 'unknown'System info: host: 'ASPIRENAV145', ip: '192.168.71.94', os.name: 'Windows 10', os.arch: 'amd64', os.version: '10.0', java.version: '1.8.0_77'Driver info: org.openqa.selenium.remote.RemoteWebDriverCapabilities [{mobileEmulationEnabled=false, hasTouchScreen=false, platform=XP, acceptSslCerts=false, acceptInsecureCerts=false, webStorageEnabled=true, browserName=chrome, takesScreenshot=true, javascriptEnabled=true, setWindowRect=true, unexpectedAlertBehaviour=, applicationCacheEnabled=false, rotatable=false, networkConnectionEnabled=false, chrome={chromedriverVersion=2.35.528161 (5b82f2d2aae0ca24b877009200ced9065a772e73), userDataDir=C:\Users\RANJIT~1.MAD\AppData\Local\Temp\scoped_dir15968_15148}, takesHeapSnapshot=true, pageLoadStrategy=normal, databaseEnabled=false, handlesAlerts=true, version=66.0.3359.139, browserConnectionEnabled=false, nativeEvents=true, webdriver.remote.sessionid=9ef86585b36f1cc56abfb75e71d33cc0, locationContextEnabled=true, cssSelectorsEnabled=true}]Session ID: 9ef86585b36f1cc56abfb75e71d33cc0at com.pure.selfservice.pages.ChangeMyPropertyPage.verifyRestoreInBuildingConstructionPropertyUsedforBusiness(ChangeMyPropertyPage.java:2612)at com.pure.selfservice.testscripts.PB_Household.TC_066(PB_Household.java:5827)at sun.reflect.NativeMethodAccessorImpl.invoke0(Native Method)at sun.reflect.NativeMethodAccessorImpl.invoke(Unknown Source)at sun.reflect.DelegatingMethodAccessorImpl.invoke(Unknown Source)at java.lang.reflect.Method.invoke(Unknown Source)at org.testng.internal.MethodInvocationHelper.invokeMethod(MethodInvocationHelper.java:124)at org.testng.internal.Invoker.invokeMethod(Invoker.java:571)at org.testng.internal.Invoker.invokeTestMethod(Invoker.java:707)at org.testng.internal.TestMethodWithDataProviderMethodWorker.call(TestMethodWithDataProviderMethodWorker.java:71)at org.testng.internal.TestMethodWithDataProviderMethodWorker.call(TestMethodWithDataProviderMethodWorker.java:14)at java.util.concurrent.FutureTask.run(Unknown Source)at java.util.concurrent.Executors$RunnableAdapter.call(Unknown Source)at java.util.concurrent.FutureTask.run(Unknown Source)at java.util.concurrent.ThreadPoolExecutor.runWorker(Unknown Source)at java.util.concurrent.ThreadPoolExecutor$Worker.run(Unknown Source)at java.lang.Thread.run(Unknown Source)]]>
    </failure>
  </testcase> <!-- TC_066 -->
  <testcase name="TC_067" time="431.079" classname="com.pure.selfservice.testscripts.PB_Household">
    <failure type="java.lang.Exception" message="Error while clicking Continue button : java.lang.Exception: Error while clicking hour time : org.openqa.selenium.ElementNotVisibleException: element not visible
  (Session info: chrome=66.0.3359.139)
  (Driver info: chromedriver=2.35.528161 (5b82f2d2aae0ca24b877009200ced9065a772e73),platform=Windows NT 10.0.10240 x86_64) (WARNING: The server did not provide any stacktrace information)
Command duration or timeout: 25 milliseconds
Build info: version: &amp;apos;3.4.0&amp;apos;, revision: &amp;apos;unknown&amp;apos;, time: &amp;apos;unknown&amp;apos;
System info: host: &amp;apos;ASPIRENAV145&amp;apos;, ip: &amp;apos;192.168.71.94&amp;apos;, os.name: &amp;apos;Windows 10&amp;apos;, os.arch: &amp;apos;amd64&amp;apos;, os.version: &amp;apos;10.0&amp;apos;, java.version: &amp;apos;1.8.0_77&amp;apos;
Driver info: org.openqa.selenium.remote.RemoteWebDriver
Capabilities [{mobileEmulationEnabled=false, hasTouchScreen=false, platform=XP, acceptSslCerts=false, acceptInsecureCerts=false, webStorageEnabled=true, browserName=chrome, takesScreenshot=true, javascriptEnabled=true, setWindowRect=true, unexpectedAlertBehaviour=, applicationCacheEnabled=false, rotatable=false, networkConnectionEnabled=false, chrome={chromedriverVersion=2.35.528161 (5b82f2d2aae0ca24b877009200ced9065a772e73), userDataDir=C:\Users\RANJIT~1.MAD\AppData\Local\Temp\scoped_dir14432_12596}, takesHeapSnapshot=true, pageLoadStrategy=normal, databaseEnabled=false, handlesAlerts=true, version=66.0.3359.139, browserConnectionEnabled=false, nativeEvents=true, webdriver.remote.sessionid=7fccbe54706c4e8898302b23a0cc8843, locationContextEnabled=true, cssSelectorsEnabled=true}]
Session ID: 7fccbe54706c4e8898302b23a0cc8843">
      <![CDATA[java.lang.Exception: Error while clicking Continue button : java.lang.Exception: Error while clicking hour time : org.openqa.selenium.ElementNotVisibleException: element not visible  (Session info: chrome=66.0.3359.139)  (Driver info: chromedriver=2.35.528161 (5b82f2d2aae0ca24b877009200ced9065a772e73),platform=Windows NT 10.0.10240 x86_64) (WARNING: The server did not provide any stacktrace information)Command duration or timeout: 25 millisecondsBuild info: version: '3.4.0', revision: 'unknown', time: 'unknown'System info: host: 'ASPIRENAV145', ip: '192.168.71.94', os.name: 'Windows 10', os.arch: 'amd64', os.version: '10.0', java.version: '1.8.0_77'Driver info: org.openqa.selenium.remote.RemoteWebDriverCapabilities [{mobileEmulationEnabled=false, hasTouchScreen=false, platform=XP, acceptSslCerts=false, acceptInsecureCerts=false, webStorageEnabled=true, browserName=chrome, takesScreenshot=true, javascriptEnabled=true, setWindowRect=true, unexpectedAlertBehaviour=, applicationCacheEnabled=false, rotatable=false, networkConnectionEnabled=false, chrome={chromedriverVersion=2.35.528161 (5b82f2d2aae0ca24b877009200ced9065a772e73), userDataDir=C:\Users\RANJIT~1.MAD\AppData\Local\Temp\scoped_dir14432_12596}, takesHeapSnapshot=true, pageLoadStrategy=normal, databaseEnabled=false, handlesAlerts=true, version=66.0.3359.139, browserConnectionEnabled=false, nativeEvents=true, webdriver.remote.sessionid=7fccbe54706c4e8898302b23a0cc8843, locationContextEnabled=true, cssSelectorsEnabled=true}]Session ID: 7fccbe54706c4e8898302b23a0cc8843at com.pure.selfservice.pages.MTAInitiatePage.clickContinueButton(MTAInitiatePage.java:202)at com.pure.selfservice.testscripts.PB_Household.TC_067(PB_Household.java:6124)at sun.reflect.NativeMethodAccessorImpl.invoke0(Native Method)at sun.reflect.NativeMethodAccessorImpl.invoke(Unknown Source)at sun.reflect.DelegatingMethodAccessorImpl.invoke(Unknown Source)at java.lang.reflect.Method.invoke(Unknown Source)at org.testng.internal.MethodInvocationHelper.invokeMethod(MethodInvocationHelper.java:124)at org.testng.internal.Invoker.invokeMethod(Invoker.java:571)at org.testng.internal.Invoker.invokeTestMethod(Invoker.java:707)at org.testng.internal.TestMethodWithDataProviderMethodWorker.call(TestMethodWithDataProviderMethodWorker.java:71)at org.testng.internal.TestMethodWithDataProviderMethodWorker.call(TestMethodWithDataProviderMethodWorker.java:14)at java.util.concurrent.FutureTask.run(Unknown Source)at java.util.concurrent.Executors$RunnableAdapter.call(Unknown Source)at java.util.concurrent.FutureTask.run(Unknown Source)at java.util.concurrent.ThreadPoolExecutor.runWorker(Unknown Source)at java.util.concurrent.ThreadPoolExecutor$Worker.run(Unknown Source)at java.lang.Thread.run(Unknown Source)]]>
    </failure>
  </testcase> <!-- TC_067 -->
  <testcase name="TC_068" time="536.857" classname="com.pure.selfservice.testscripts.PB_Household">
    <failure type="java.lang.Exception" message="TCNO_17847_Error while clicking Occupation  button : org.openqa.selenium.WebDriverException: unknown error: Element &amp;lt;span&amp;gt;...&amp;lt;/span&amp;gt; is not clickable at point (693, 17). Other element would receive the click: &amp;lt;div class=&amp;quot;xs-msg-block-active-bg spinning-on-load-bg-table-active&amp;quot;&amp;gt;&amp;lt;/div&amp;gt;
  (Session info: chrome=66.0.3359.139)
  (Driver info: chromedriver=2.35.528161 (5b82f2d2aae0ca24b877009200ced9065a772e73),platform=Windows NT 10.0.10240 x86_64) (WARNING: The server did not provide any stacktrace information)
Command duration or timeout: 42 milliseconds
Build info: version: &amp;apos;3.4.0&amp;apos;, revision: &amp;apos;unknown&amp;apos;, time: &amp;apos;unknown&amp;apos;
System info: host: &amp;apos;ASPIRENAV145&amp;apos;, ip: &amp;apos;192.168.71.94&amp;apos;, os.name: &amp;apos;Windows 10&amp;apos;, os.arch: &amp;apos;amd64&amp;apos;, os.version: &amp;apos;10.0&amp;apos;, java.version: &amp;apos;1.8.0_77&amp;apos;
Driver info: org.openqa.selenium.remote.RemoteWebDriver
Capabilities [{mobileEmulationEnabled=false, hasTouchScreen=false, platform=XP, acceptSslCerts=false, acceptInsecureCerts=false, webStorageEnabled=true, browserName=chrome, takesScreenshot=true, javascriptEnabled=true, setWindowRect=true, unexpectedAlertBehaviour=, applicationCacheEnabled=false, rotatable=false, networkConnectionEnabled=false, chrome={chromedriverVersion=2.35.528161 (5b82f2d2aae0ca24b877009200ced9065a772e73), userDataDir=C:\Users\RANJIT~1.MAD\AppData\Local\Temp\scoped_dir16716_29838}, takesHeapSnapshot=true, pageLoadStrategy=normal, databaseEnabled=false, handlesAlerts=true, version=66.0.3359.139, browserConnectionEnabled=false, nativeEvents=true, webdriver.remote.sessionid=25012fd7027791fe067068663df9e2e1, locationContextEnabled=true, cssSelectorsEnabled=true}]
Session ID: 25012fd7027791fe067068663df9e2e1">
      <![CDATA[java.lang.Exception: TCNO_17847_Error while clicking Occupation  button : org.openqa.selenium.WebDriverException: unknown error: Element <span>...</span> is not clickable at point (693, 17). Other element would receive the click: <div class="xs-msg-block-active-bg spinning-on-load-bg-table-active"></div>  (Session info: chrome=66.0.3359.139)  (Driver info: chromedriver=2.35.528161 (5b82f2d2aae0ca24b877009200ced9065a772e73),platform=Windows NT 10.0.10240 x86_64) (WARNING: The server did not provide any stacktrace information)Command duration or timeout: 42 millisecondsBuild info: version: '3.4.0', revision: 'unknown', time: 'unknown'System info: host: 'ASPIRENAV145', ip: '192.168.71.94', os.name: 'Windows 10', os.arch: 'amd64', os.version: '10.0', java.version: '1.8.0_77'Driver info: org.openqa.selenium.remote.RemoteWebDriverCapabilities [{mobileEmulationEnabled=false, hasTouchScreen=false, platform=XP, acceptSslCerts=false, acceptInsecureCerts=false, webStorageEnabled=true, browserName=chrome, takesScreenshot=true, javascriptEnabled=true, setWindowRect=true, unexpectedAlertBehaviour=, applicationCacheEnabled=false, rotatable=false, networkConnectionEnabled=false, chrome={chromedriverVersion=2.35.528161 (5b82f2d2aae0ca24b877009200ced9065a772e73), userDataDir=C:\Users\RANJIT~1.MAD\AppData\Local\Temp\scoped_dir16716_29838}, takesHeapSnapshot=true, pageLoadStrategy=normal, databaseEnabled=false, handlesAlerts=true, version=66.0.3359.139, browserConnectionEnabled=false, nativeEvents=true, webdriver.remote.sessionid=25012fd7027791fe067068663df9e2e1, locationContextEnabled=true, cssSelectorsEnabled=true}]Session ID: 25012fd7027791fe067068663df9e2e1at com.pure.selfservice.pages.ChangeMyPropertyPage.clickYesOrNoAddAnotherOccupation(ChangeMyPropertyPage.java:3785)at com.pure.selfservice.testscripts.PB_Household.TC_068(PB_Household.java:6295)at sun.reflect.NativeMethodAccessorImpl.invoke0(Native Method)at sun.reflect.NativeMethodAccessorImpl.invoke(Unknown Source)at sun.reflect.DelegatingMethodAccessorImpl.invoke(Unknown Source)at java.lang.reflect.Method.invoke(Unknown Source)at org.testng.internal.MethodInvocationHelper.invokeMethod(MethodInvocationHelper.java:124)at org.testng.internal.Invoker.invokeMethod(Invoker.java:571)at org.testng.internal.Invoker.invokeTestMethod(Invoker.java:707)at org.testng.internal.TestMethodWithDataProviderMethodWorker.call(TestMethodWithDataProviderMethodWorker.java:71)at org.testng.internal.TestMethodWithDataProviderMethodWorker.call(TestMethodWithDataProviderMethodWorker.java:14)at java.util.concurrent.FutureTask.run(Unknown Source)at java.util.concurrent.Executors$RunnableAdapter.call(Unknown Source)at java.util.concurrent.FutureTask.run(Unknown Source)at java.util.concurrent.ThreadPoolExecutor.runWorker(Unknown Source)at java.util.concurrent.ThreadPoolExecutor$Worker.run(Unknown Source)at java.lang.Thread.run(Unknown Source)]]>
    </failure>
  </testcase> <!-- TC_068 -->
  <testcase name="TC_069" time="684.302" classname="com.pure.selfservice.testscripts.PB_Household"/>
  <testcase name="TC_070" time="312.542" classname="com.pure.selfservice.testscripts.PB_Household">
    <failure type="java.lang.Exception" message="TCNO_17846_Error while clicking &amp;apos;Next&amp;apos; button of  Occupation in &amp;apos;People&amp;apos; page : org.openqa.selenium.NoSuchElementException: no such element: Unable to locate element: {&amp;quot;method&amp;quot;:&amp;quot;css selector&amp;quot;,&amp;quot;selector&amp;quot;:&amp;quot;#C2__C1__BUT_F6EBE6B19D11AB751049817&amp;quot;}
  (Session info: chrome=66.0.3359.139)
  (Driver info: chromedriver=2.35.528161 (5b82f2d2aae0ca24b877009200ced9065a772e73),platform=Windows NT 10.0.10240 x86_64) (WARNING: The server did not provide any stacktrace information)
Command duration or timeout: 31 milliseconds
For documentation on this error, please visit: http://seleniumhq.org/exceptions/no_such_element.html
Build info: version: &amp;apos;3.4.0&amp;apos;, revision: &amp;apos;unknown&amp;apos;, time: &amp;apos;unknown&amp;apos;
System info: host: &amp;apos;ASPIRENAV145&amp;apos;, ip: &amp;apos;192.168.71.94&amp;apos;, os.name: &amp;apos;Windows 10&amp;apos;, os.arch: &amp;apos;amd64&amp;apos;, os.version: &amp;apos;10.0&amp;apos;, java.version: &amp;apos;1.8.0_77&amp;apos;
Driver info: org.openqa.selenium.remote.RemoteWebDriver
Capabilities [{mobileEmulationEnabled=false, hasTouchScreen=false, platform=XP, acceptSslCerts=false, acceptInsecureCerts=false, webStorageEnabled=true, browserName=chrome, takesScreenshot=true, javascriptEnabled=true, setWindowRect=true, unexpectedAlertBehaviour=, applicationCacheEnabled=false, rotatable=false, networkConnectionEnabled=false, chrome={chromedriverVersion=2.35.528161 (5b82f2d2aae0ca24b877009200ced9065a772e73), userDataDir=C:\Users\RANJIT~1.MAD\AppData\Local\Temp\scoped_dir12112_29258}, takesHeapSnapshot=true, pageLoadStrategy=normal, databaseEnabled=false, handlesAlerts=true, version=66.0.3359.139, browserConnectionEnabled=false, nativeEvents=true, webdriver.remote.sessionid=56f6a562e534d7c1c463f72a42f9c56e, locationContextEnabled=true, cssSelectorsEnabled=true}]
Session ID: 56f6a562e534d7c1c463f72a42f9c56e
*** Element info: {Using=css selector, value=#C2__C1__BUT_F6EBE6B19D11AB751049817}">
      <![CDATA[java.lang.Exception: TCNO_17846_Error while clicking 'Next' button of  Occupation in 'People' page : org.openqa.selenium.NoSuchElementException: no such element: Unable to locate element: {"method":"css selector","selector":"#C2__C1__BUT_F6EBE6B19D11AB751049817"}  (Session info: chrome=66.0.3359.139)  (Driver info: chromedriver=2.35.528161 (5b82f2d2aae0ca24b877009200ced9065a772e73),platform=Windows NT 10.0.10240 x86_64) (WARNING: The server did not provide any stacktrace information)Command duration or timeout: 31 millisecondsFor documentation on this error, please visit: http://seleniumhq.org/exceptions/no_such_element.htmlBuild info: version: '3.4.0', revision: 'unknown', time: 'unknown'System info: host: 'ASPIRENAV145', ip: '192.168.71.94', os.name: 'Windows 10', os.arch: 'amd64', os.version: '10.0', java.version: '1.8.0_77'Driver info: org.openqa.selenium.remote.RemoteWebDriverCapabilities [{mobileEmulationEnabled=false, hasTouchScreen=false, platform=XP, acceptSslCerts=false, acceptInsecureCerts=false, webStorageEnabled=true, browserName=chrome, takesScreenshot=true, javascriptEnabled=true, setWindowRect=true, unexpectedAlertBehaviour=, applicationCacheEnabled=false, rotatable=false, networkConnectionEnabled=false, chrome={chromedriverVersion=2.35.528161 (5b82f2d2aae0ca24b877009200ced9065a772e73), userDataDir=C:\Users\RANJIT~1.MAD\AppData\Local\Temp\scoped_dir12112_29258}, takesHeapSnapshot=true, pageLoadStrategy=normal, databaseEnabled=false, handlesAlerts=true, version=66.0.3359.139, browserConnectionEnabled=false, nativeEvents=true, webdriver.remote.sessionid=56f6a562e534d7c1c463f72a42f9c56e, locationContextEnabled=true, cssSelectorsEnabled=true}]Session ID: 56f6a562e534d7c1c463f72a42f9c56e*** Element info: {Using=css selector, value=#C2__C1__BUT_F6EBE6B19D11AB751049817}at com.pure.selfservice.pages.ChangeMyPropertyPage.clickNextOccupation(ChangeMyPropertyPage.java:3943)at com.pure.selfservice.testscripts.PB_Household.TC_070(PB_Household.java:6653)at sun.reflect.NativeMethodAccessorImpl.invoke0(Native Method)at sun.reflect.NativeMethodAccessorImpl.invoke(Unknown Source)at sun.reflect.DelegatingMethodAccessorImpl.invoke(Unknown Source)at java.lang.reflect.Method.invoke(Unknown Source)at org.testng.internal.MethodInvocationHelper.invokeMethod(MethodInvocationHelper.java:124)at org.testng.internal.Invoker.invokeMethod(Invoker.java:571)at org.testng.internal.Invoker.invokeTestMethod(Invoker.java:707)at org.testng.internal.TestMethodWithDataProviderMethodWorker.call(TestMethodWithDataProviderMethodWorker.java:71)at org.testng.internal.TestMethodWithDataProviderMethodWorker.call(TestMethodWithDataProviderMethodWorker.java:14)at java.util.concurrent.FutureTask.run(Unknown Source)at java.util.concurrent.Executors$RunnableAdapter.call(Unknown Source)at java.util.concurrent.FutureTask.run(Unknown Source)at java.util.concurrent.ThreadPoolExecutor.runWorker(Unknown Source)at java.util.concurrent.ThreadPoolExecutor$Worker.run(Unknown Source)at java.lang.Thread.run(Unknown Source)]]>
    </failure>
  </testcase> <!-- TC_070 -->
  <testcase name="TC_071" time="583.568" classname="com.pure.selfservice.testscripts.PB_Household"/>
  <testcase name="TC_072" time="308.679" classname="com.pure.selfservice.testscripts.PB_Household">
    <failure type="java.lang.Exception" message="TCNO_17846_Error while clicking &amp;apos;Next&amp;apos; button of  Occupation in &amp;apos;People&amp;apos; page : org.openqa.selenium.NoSuchElementException: no such element: Unable to locate element: {&amp;quot;method&amp;quot;:&amp;quot;css selector&amp;quot;,&amp;quot;selector&amp;quot;:&amp;quot;#C2__C1__BUT_F6EBE6B19D11AB751049817&amp;quot;}
  (Session info: chrome=66.0.3359.139)
  (Driver info: chromedriver=2.35.528161 (5b82f2d2aae0ca24b877009200ced9065a772e73),platform=Windows NT 10.0.10240 x86_64) (WARNING: The server did not provide any stacktrace information)
Command duration or timeout: 31 milliseconds
For documentation on this error, please visit: http://seleniumhq.org/exceptions/no_such_element.html
Build info: version: &amp;apos;3.4.0&amp;apos;, revision: &amp;apos;unknown&amp;apos;, time: &amp;apos;unknown&amp;apos;
System info: host: &amp;apos;ASPIRENAV145&amp;apos;, ip: &amp;apos;192.168.71.94&amp;apos;, os.name: &amp;apos;Windows 10&amp;apos;, os.arch: &amp;apos;amd64&amp;apos;, os.version: &amp;apos;10.0&amp;apos;, java.version: &amp;apos;1.8.0_77&amp;apos;
Driver info: org.openqa.selenium.remote.RemoteWebDriver
Capabilities [{mobileEmulationEnabled=false, hasTouchScreen=false, platform=XP, acceptSslCerts=false, acceptInsecureCerts=false, webStorageEnabled=true, browserName=chrome, takesScreenshot=true, javascriptEnabled=true, setWindowRect=true, unexpectedAlertBehaviour=, applicationCacheEnabled=false, rotatable=false, networkConnectionEnabled=false, chrome={chromedriverVersion=2.35.528161 (5b82f2d2aae0ca24b877009200ced9065a772e73), userDataDir=C:\Users\RANJIT~1.MAD\AppData\Local\Temp\scoped_dir12916_24895}, takesHeapSnapshot=true, pageLoadStrategy=normal, databaseEnabled=false, handlesAlerts=true, version=66.0.3359.139, browserConnectionEnabled=false, nativeEvents=true, webdriver.remote.sessionid=3dac893f24d7d3442ffdd8a107a869be, locationContextEnabled=true, cssSelectorsEnabled=true}]
Session ID: 3dac893f24d7d3442ffdd8a107a869be
*** Element info: {Using=css selector, value=#C2__C1__BUT_F6EBE6B19D11AB751049817}">
      <![CDATA[java.lang.Exception: TCNO_17846_Error while clicking 'Next' button of  Occupation in 'People' page : org.openqa.selenium.NoSuchElementException: no such element: Unable to locate element: {"method":"css selector","selector":"#C2__C1__BUT_F6EBE6B19D11AB751049817"}  (Session info: chrome=66.0.3359.139)  (Driver info: chromedriver=2.35.528161 (5b82f2d2aae0ca24b877009200ced9065a772e73),platform=Windows NT 10.0.10240 x86_64) (WARNING: The server did not provide any stacktrace information)Command duration or timeout: 31 millisecondsFor documentation on this error, please visit: http://seleniumhq.org/exceptions/no_such_element.htmlBuild info: version: '3.4.0', revision: 'unknown', time: 'unknown'System info: host: 'ASPIRENAV145', ip: '192.168.71.94', os.name: 'Windows 10', os.arch: 'amd64', os.version: '10.0', java.version: '1.8.0_77'Driver info: org.openqa.selenium.remote.RemoteWebDriverCapabilities [{mobileEmulationEnabled=false, hasTouchScreen=false, platform=XP, acceptSslCerts=false, acceptInsecureCerts=false, webStorageEnabled=true, browserName=chrome, takesScreenshot=true, javascriptEnabled=true, setWindowRect=true, unexpectedAlertBehaviour=, applicationCacheEnabled=false, rotatable=false, networkConnectionEnabled=false, chrome={chromedriverVersion=2.35.528161 (5b82f2d2aae0ca24b877009200ced9065a772e73), userDataDir=C:\Users\RANJIT~1.MAD\AppData\Local\Temp\scoped_dir12916_24895}, takesHeapSnapshot=true, pageLoadStrategy=normal, databaseEnabled=false, handlesAlerts=true, version=66.0.3359.139, browserConnectionEnabled=false, nativeEvents=true, webdriver.remote.sessionid=3dac893f24d7d3442ffdd8a107a869be, locationContextEnabled=true, cssSelectorsEnabled=true}]Session ID: 3dac893f24d7d3442ffdd8a107a869be*** Element info: {Using=css selector, value=#C2__C1__BUT_F6EBE6B19D11AB751049817}at com.pure.selfservice.pages.ChangeMyPropertyPage.clickNextOccupation(ChangeMyPropertyPage.java:3943)at com.pure.selfservice.testscripts.PB_Household.TC_072(PB_Household.java:6913)at sun.reflect.NativeMethodAccessorImpl.invoke0(Native Method)at sun.reflect.NativeMethodAccessorImpl.invoke(Unknown Source)at sun.reflect.DelegatingMethodAccessorImpl.invoke(Unknown Source)at java.lang.reflect.Method.invoke(Unknown Source)at org.testng.internal.MethodInvocationHelper.invokeMethod(MethodInvocationHelper.java:124)at org.testng.internal.Invoker.invokeMethod(Invoker.java:571)at org.testng.internal.Invoker.invokeTestMethod(Invoker.java:707)at org.testng.internal.TestMethodWithDataProviderMethodWorker.call(TestMethodWithDataProviderMethodWorker.java:71)at org.testng.internal.TestMethodWithDataProviderMethodWorker.call(TestMethodWithDataProviderMethodWorker.java:14)at java.util.concurrent.FutureTask.run(Unknown Source)at java.util.concurrent.Executors$RunnableAdapter.call(Unknown Source)at java.util.concurrent.FutureTask.run(Unknown Source)at java.util.concurrent.ThreadPoolExecutor.runWorker(Unknown Source)at java.util.concurrent.ThreadPoolExecutor$Worker.run(Unknown Source)at java.lang.Thread.run(Unknown Source)]]>
    </failure>
  </testcase> <!-- TC_072 -->
  <testcase name="TC_073" time="430.469" classname="com.pure.selfservice.testscripts.PB_Household">
    <failure type="java.lang.Exception" message="Error while clicking Continue button : java.lang.Exception: Error while clicking hour time : org.openqa.selenium.ElementNotVisibleException: element not visible
  (Session info: chrome=66.0.3359.139)
  (Driver info: chromedriver=2.35.528161 (5b82f2d2aae0ca24b877009200ced9065a772e73),platform=Windows NT 10.0.10240 x86_64) (WARNING: The server did not provide any stacktrace information)
Command duration or timeout: 27 milliseconds
Build info: version: &amp;apos;3.4.0&amp;apos;, revision: &amp;apos;unknown&amp;apos;, time: &amp;apos;unknown&amp;apos;
System info: host: &amp;apos;ASPIRENAV145&amp;apos;, ip: &amp;apos;192.168.71.94&amp;apos;, os.name: &amp;apos;Windows 10&amp;apos;, os.arch: &amp;apos;amd64&amp;apos;, os.version: &amp;apos;10.0&amp;apos;, java.version: &amp;apos;1.8.0_77&amp;apos;
Driver info: org.openqa.selenium.remote.RemoteWebDriver
Capabilities [{mobileEmulationEnabled=false, hasTouchScreen=false, platform=XP, acceptSslCerts=false, acceptInsecureCerts=false, webStorageEnabled=true, browserName=chrome, takesScreenshot=true, javascriptEnabled=true, setWindowRect=true, unexpectedAlertBehaviour=, applicationCacheEnabled=false, rotatable=false, networkConnectionEnabled=false, chrome={chromedriverVersion=2.35.528161 (5b82f2d2aae0ca24b877009200ced9065a772e73), userDataDir=C:\Users\RANJIT~1.MAD\AppData\Local\Temp\scoped_dir15668_26739}, takesHeapSnapshot=true, pageLoadStrategy=normal, databaseEnabled=false, handlesAlerts=true, version=66.0.3359.139, browserConnectionEnabled=false, nativeEvents=true, webdriver.remote.sessionid=6311e64efce8beed630021c721e2310d, locationContextEnabled=true, cssSelectorsEnabled=true}]
Session ID: 6311e64efce8beed630021c721e2310d">
      <![CDATA[java.lang.Exception: Error while clicking Continue button : java.lang.Exception: Error while clicking hour time : org.openqa.selenium.ElementNotVisibleException: element not visible  (Session info: chrome=66.0.3359.139)  (Driver info: chromedriver=2.35.528161 (5b82f2d2aae0ca24b877009200ced9065a772e73),platform=Windows NT 10.0.10240 x86_64) (WARNING: The server did not provide any stacktrace information)Command duration or timeout: 27 millisecondsBuild info: version: '3.4.0', revision: 'unknown', time: 'unknown'System info: host: 'ASPIRENAV145', ip: '192.168.71.94', os.name: 'Windows 10', os.arch: 'amd64', os.version: '10.0', java.version: '1.8.0_77'Driver info: org.openqa.selenium.remote.RemoteWebDriverCapabilities [{mobileEmulationEnabled=false, hasTouchScreen=false, platform=XP, acceptSslCerts=false, acceptInsecureCerts=false, webStorageEnabled=true, browserName=chrome, takesScreenshot=true, javascriptEnabled=true, setWindowRect=true, unexpectedAlertBehaviour=, applicationCacheEnabled=false, rotatable=false, networkConnectionEnabled=false, chrome={chromedriverVersion=2.35.528161 (5b82f2d2aae0ca24b877009200ced9065a772e73), userDataDir=C:\Users\RANJIT~1.MAD\AppData\Local\Temp\scoped_dir15668_26739}, takesHeapSnapshot=true, pageLoadStrategy=normal, databaseEnabled=false, handlesAlerts=true, version=66.0.3359.139, browserConnectionEnabled=false, nativeEvents=true, webdriver.remote.sessionid=6311e64efce8beed630021c721e2310d, locationContextEnabled=true, cssSelectorsEnabled=true}]Session ID: 6311e64efce8beed630021c721e2310dat com.pure.selfservice.pages.MTAInitiatePage.clickContinueButton(MTAInitiatePage.java:202)at com.pure.selfservice.testscripts.PB_Household.TC_073(PB_Household.java:7064)at sun.reflect.NativeMethodAccessorImpl.invoke0(Native Method)at sun.reflect.NativeMethodAccessorImpl.invoke(Unknown Source)at sun.reflect.DelegatingMethodAccessorImpl.invoke(Unknown Source)at java.lang.reflect.Method.invoke(Unknown Source)at org.testng.internal.MethodInvocationHelper.invokeMethod(MethodInvocationHelper.java:124)at org.testng.internal.Invoker.invokeMethod(Invoker.java:571)at org.testng.internal.Invoker.invokeTestMethod(Invoker.java:707)at org.testng.internal.TestMethodWithDataProviderMethodWorker.call(TestMethodWithDataProviderMethodWorker.java:71)at org.testng.internal.TestMethodWithDataProviderMethodWorker.call(TestMethodWithDataProviderMethodWorker.java:14)at java.util.concurrent.FutureTask.run(Unknown Source)at java.util.concurrent.Executors$RunnableAdapter.call(Unknown Source)at java.util.concurrent.FutureTask.run(Unknown Source)at java.util.concurrent.ThreadPoolExecutor.runWorker(Unknown Source)at java.util.concurrent.ThreadPoolExecutor$Worker.run(Unknown Source)at java.lang.Thread.run(Unknown Source)]]>
    </failure>
  </testcase> <!-- TC_073 -->
  <testcase name="TC_074" time="552.994" classname="com.pure.selfservice.testscripts.PB_Household">
    <failure type="java.lang.Exception" message="Error while clicking Continue button : java.lang.Exception: Error while clicking hour time : org.openqa.selenium.ElementNotVisibleException: element not visible
  (Session info: chrome=66.0.3359.139)
  (Driver info: chromedriver=2.35.528161 (5b82f2d2aae0ca24b877009200ced9065a772e73),platform=Windows NT 10.0.10240 x86_64) (WARNING: The server did not provide any stacktrace information)
Command duration or timeout: 23 milliseconds
Build info: version: &amp;apos;3.4.0&amp;apos;, revision: &amp;apos;unknown&amp;apos;, time: &amp;apos;unknown&amp;apos;
System info: host: &amp;apos;ASPIRENAV145&amp;apos;, ip: &amp;apos;192.168.71.94&amp;apos;, os.name: &amp;apos;Windows 10&amp;apos;, os.arch: &amp;apos;amd64&amp;apos;, os.version: &amp;apos;10.0&amp;apos;, java.version: &amp;apos;1.8.0_77&amp;apos;
Driver info: org.openqa.selenium.remote.RemoteWebDriver
Capabilities [{mobileEmulationEnabled=false, hasTouchScreen=false, platform=XP, acceptSslCerts=false, acceptInsecureCerts=false, webStorageEnabled=true, browserName=chrome, takesScreenshot=true, javascriptEnabled=true, setWindowRect=true, unexpectedAlertBehaviour=, applicationCacheEnabled=false, rotatable=false, networkConnectionEnabled=false, chrome={chromedriverVersion=2.35.528161 (5b82f2d2aae0ca24b877009200ced9065a772e73), userDataDir=C:\Users\RANJIT~1.MAD\AppData\Local\Temp\scoped_dir7404_834}, takesHeapSnapshot=true, pageLoadStrategy=normal, databaseEnabled=false, handlesAlerts=true, version=66.0.3359.139, browserConnectionEnabled=false, nativeEvents=true, webdriver.remote.sessionid=3ffe4843338443904b0a86cde558b1da, locationContextEnabled=true, cssSelectorsEnabled=true}]
Session ID: 3ffe4843338443904b0a86cde558b1da">
      <![CDATA[java.lang.Exception: Error while clicking Continue button : java.lang.Exception: Error while clicking hour time : org.openqa.selenium.ElementNotVisibleException: element not visible  (Session info: chrome=66.0.3359.139)  (Driver info: chromedriver=2.35.528161 (5b82f2d2aae0ca24b877009200ced9065a772e73),platform=Windows NT 10.0.10240 x86_64) (WARNING: The server did not provide any stacktrace information)Command duration or timeout: 23 millisecondsBuild info: version: '3.4.0', revision: 'unknown', time: 'unknown'System info: host: 'ASPIRENAV145', ip: '192.168.71.94', os.name: 'Windows 10', os.arch: 'amd64', os.version: '10.0', java.version: '1.8.0_77'Driver info: org.openqa.selenium.remote.RemoteWebDriverCapabilities [{mobileEmulationEnabled=false, hasTouchScreen=false, platform=XP, acceptSslCerts=false, acceptInsecureCerts=false, webStorageEnabled=true, browserName=chrome, takesScreenshot=true, javascriptEnabled=true, setWindowRect=true, unexpectedAlertBehaviour=, applicationCacheEnabled=false, rotatable=false, networkConnectionEnabled=false, chrome={chromedriverVersion=2.35.528161 (5b82f2d2aae0ca24b877009200ced9065a772e73), userDataDir=C:\Users\RANJIT~1.MAD\AppData\Local\Temp\scoped_dir7404_834}, takesHeapSnapshot=true, pageLoadStrategy=normal, databaseEnabled=false, handlesAlerts=true, version=66.0.3359.139, browserConnectionEnabled=false, nativeEvents=true, webdriver.remote.sessionid=3ffe4843338443904b0a86cde558b1da, locationContextEnabled=true, cssSelectorsEnabled=true}]Session ID: 3ffe4843338443904b0a86cde558b1daat com.pure.selfservice.pages.MTAInitiatePage.clickContinueButton(MTAInitiatePage.java:202)at com.pure.selfservice.testscripts.PB_Household.TC_074(PB_Household.java:7303)at sun.reflect.NativeMethodAccessorImpl.invoke0(Native Method)at sun.reflect.NativeMethodAccessorImpl.invoke(Unknown Source)at sun.reflect.DelegatingMethodAccessorImpl.invoke(Unknown Source)at java.lang.reflect.Method.invoke(Unknown Source)at org.testng.internal.MethodInvocationHelper.invokeMethod(MethodInvocationHelper.java:124)at org.testng.internal.Invoker.invokeMethod(Invoker.java:571)at org.testng.internal.Invoker.invokeTestMethod(Invoker.java:707)at org.testng.internal.TestMethodWithDataProviderMethodWorker.call(TestMethodWithDataProviderMethodWorker.java:71)at org.testng.internal.TestMethodWithDataProviderMethodWorker.call(TestMethodWithDataProviderMethodWorker.java:14)at java.util.concurrent.FutureTask.run(Unknown Source)at java.util.concurrent.Executors$RunnableAdapter.call(Unknown Source)at java.util.concurrent.FutureTask.run(Unknown Source)at java.util.concurrent.ThreadPoolExecutor.runWorker(Unknown Source)at java.util.concurrent.ThreadPoolExecutor$Worker.run(Unknown Source)at java.lang.Thread.run(Unknown Source)]]>
    </failure>
  </testcase> <!-- TC_074 -->
  <testcase name="TC_075" time="424.769" classname="com.pure.selfservice.testscripts.PB_Household"/>
  <testcase name="TC_076" time="439.891" classname="com.pure.selfservice.testscripts.PB_Household">
    <failure type="java.lang.Exception" message="Error while clicking Continue button : java.lang.Exception: Error while clicking hour time : org.openqa.selenium.ElementNotVisibleException: element not visible
  (Session info: chrome=66.0.3359.139)
  (Driver info: chromedriver=2.35.528161 (5b82f2d2aae0ca24b877009200ced9065a772e73),platform=Windows NT 10.0.10240 x86_64) (WARNING: The server did not provide any stacktrace information)
Command duration or timeout: 26 milliseconds
Build info: version: &amp;apos;3.4.0&amp;apos;, revision: &amp;apos;unknown&amp;apos;, time: &amp;apos;unknown&amp;apos;
System info: host: &amp;apos;ASPIRENAV145&amp;apos;, ip: &amp;apos;192.168.71.94&amp;apos;, os.name: &amp;apos;Windows 10&amp;apos;, os.arch: &amp;apos;amd64&amp;apos;, os.version: &amp;apos;10.0&amp;apos;, java.version: &amp;apos;1.8.0_77&amp;apos;
Driver info: org.openqa.selenium.remote.RemoteWebDriver
Capabilities [{mobileEmulationEnabled=false, hasTouchScreen=false, platform=XP, acceptSslCerts=false, acceptInsecureCerts=false, webStorageEnabled=true, browserName=chrome, takesScreenshot=true, javascriptEnabled=true, setWindowRect=true, unexpectedAlertBehaviour=, applicationCacheEnabled=false, rotatable=false, networkConnectionEnabled=false, chrome={chromedriverVersion=2.35.528161 (5b82f2d2aae0ca24b877009200ced9065a772e73), userDataDir=C:\Users\RANJIT~1.MAD\AppData\Local\Temp\scoped_dir7876_18171}, takesHeapSnapshot=true, pageLoadStrategy=normal, databaseEnabled=false, handlesAlerts=true, version=66.0.3359.139, browserConnectionEnabled=false, nativeEvents=true, webdriver.remote.sessionid=04a521495d9b46a60db131132ce85b0e, locationContextEnabled=true, cssSelectorsEnabled=true}]
Session ID: 04a521495d9b46a60db131132ce85b0e">
      <![CDATA[java.lang.Exception: Error while clicking Continue button : java.lang.Exception: Error while clicking hour time : org.openqa.selenium.ElementNotVisibleException: element not visible  (Session info: chrome=66.0.3359.139)  (Driver info: chromedriver=2.35.528161 (5b82f2d2aae0ca24b877009200ced9065a772e73),platform=Windows NT 10.0.10240 x86_64) (WARNING: The server did not provide any stacktrace information)Command duration or timeout: 26 millisecondsBuild info: version: '3.4.0', revision: 'unknown', time: 'unknown'System info: host: 'ASPIRENAV145', ip: '192.168.71.94', os.name: 'Windows 10', os.arch: 'amd64', os.version: '10.0', java.version: '1.8.0_77'Driver info: org.openqa.selenium.remote.RemoteWebDriverCapabilities [{mobileEmulationEnabled=false, hasTouchScreen=false, platform=XP, acceptSslCerts=false, acceptInsecureCerts=false, webStorageEnabled=true, browserName=chrome, takesScreenshot=true, javascriptEnabled=true, setWindowRect=true, unexpectedAlertBehaviour=, applicationCacheEnabled=false, rotatable=false, networkConnectionEnabled=false, chrome={chromedriverVersion=2.35.528161 (5b82f2d2aae0ca24b877009200ced9065a772e73), userDataDir=C:\Users\RANJIT~1.MAD\AppData\Local\Temp\scoped_dir7876_18171}, takesHeapSnapshot=true, pageLoadStrategy=normal, databaseEnabled=false, handlesAlerts=true, version=66.0.3359.139, browserConnectionEnabled=false, nativeEvents=true, webdriver.remote.sessionid=04a521495d9b46a60db131132ce85b0e, locationContextEnabled=true, cssSelectorsEnabled=true}]Session ID: 04a521495d9b46a60db131132ce85b0eat com.pure.selfservice.pages.MTAInitiatePage.clickContinueButton(MTAInitiatePage.java:202)at com.pure.selfservice.testscripts.PB_Household.TC_076(PB_Household.java:7649)at sun.reflect.NativeMethodAccessorImpl.invoke0(Native Method)at sun.reflect.NativeMethodAccessorImpl.invoke(Unknown Source)at sun.reflect.DelegatingMethodAccessorImpl.invoke(Unknown Source)at java.lang.reflect.Method.invoke(Unknown Source)at org.testng.internal.MethodInvocationHelper.invokeMethod(MethodInvocationHelper.java:124)at org.testng.internal.Invoker.invokeMethod(Invoker.java:571)at org.testng.internal.Invoker.invokeTestMethod(Invoker.java:707)at org.testng.internal.TestMethodWithDataProviderMethodWorker.call(TestMethodWithDataProviderMethodWorker.java:71)at org.testng.internal.TestMethodWithDataProviderMethodWorker.call(TestMethodWithDataProviderMethodWorker.java:14)at java.util.concurrent.FutureTask.run(Unknown Source)at java.util.concurrent.Executors$RunnableAdapter.call(Unknown Source)at java.util.concurrent.FutureTask.run(Unknown Source)at java.util.concurrent.ThreadPoolExecutor.runWorker(Unknown Source)at java.util.concurrent.ThreadPoolExecutor$Worker.run(Unknown Source)at java.lang.Thread.run(Unknown Source)]]>
    </failure>
  </testcase> <!-- TC_076 -->
  <testcase name="TC_077" time="620.446" classname="com.pure.selfservice.testscripts.PB_Household"/>
  <testcase name="TC_078" time="669.197" classname="com.pure.selfservice.testscripts.PB_Household"/>
  <testcase name="TC_079" time="498.054" classname="com.pure.selfservice.testscripts.PB_Household"/>
  <testcase name="TC_080" time="400.834" classname="com.pure.selfservice.testscripts.PB_Household"/>
  <testcase name="TC_081" time="249.745" classname="com.pure.selfservice.testscripts.PB_Household">
    <failure type="java.lang.Exception" message="TCNO_17698_17699_Error while clicking &amp;apos;Quote&amp;apos; button in &amp;apos;Add Specified Cover&amp;apos; page : org.openqa.selenium.ElementNotVisibleException: element not visible
  (Session info: chrome=66.0.3359.139)
  (Driver info: chromedriver=2.35.528161 (5b82f2d2aae0ca24b877009200ced9065a772e73),platform=Windows NT 10.0.10240 x86_64) (WARNING: The server did not provide any stacktrace information)
Command duration or timeout: 22 milliseconds
Build info: version: &amp;apos;3.4.0&amp;apos;, revision: &amp;apos;unknown&amp;apos;, time: &amp;apos;unknown&amp;apos;
System info: host: &amp;apos;ASPIRENAV145&amp;apos;, ip: &amp;apos;192.168.71.94&amp;apos;, os.name: &amp;apos;Windows 10&amp;apos;, os.arch: &amp;apos;amd64&amp;apos;, os.version: &amp;apos;10.0&amp;apos;, java.version: &amp;apos;1.8.0_77&amp;apos;
Driver info: org.openqa.selenium.remote.RemoteWebDriver
Capabilities [{mobileEmulationEnabled=false, hasTouchScreen=false, platform=XP, acceptSslCerts=false, acceptInsecureCerts=false, webStorageEnabled=true, browserName=chrome, takesScreenshot=true, javascriptEnabled=true, setWindowRect=true, unexpectedAlertBehaviour=, applicationCacheEnabled=false, rotatable=false, networkConnectionEnabled=false, chrome={chromedriverVersion=2.35.528161 (5b82f2d2aae0ca24b877009200ced9065a772e73), userDataDir=C:\Users\RANJIT~1.MAD\AppData\Local\Temp\scoped_dir16392_27616}, takesHeapSnapshot=true, pageLoadStrategy=normal, databaseEnabled=false, handlesAlerts=true, version=66.0.3359.139, browserConnectionEnabled=false, nativeEvents=true, webdriver.remote.sessionid=053d8764c166aed4c673f5503b5fcc75, locationContextEnabled=true, cssSelectorsEnabled=true}]
Session ID: 053d8764c166aed4c673f5503b5fcc75">
      <![CDATA[java.lang.Exception: TCNO_17698_17699_Error while clicking 'Quote' button in 'Add Specified Cover' page : org.openqa.selenium.ElementNotVisibleException: element not visible  (Session info: chrome=66.0.3359.139)  (Driver info: chromedriver=2.35.528161 (5b82f2d2aae0ca24b877009200ced9065a772e73),platform=Windows NT 10.0.10240 x86_64) (WARNING: The server did not provide any stacktrace information)Command duration or timeout: 22 millisecondsBuild info: version: '3.4.0', revision: 'unknown', time: 'unknown'System info: host: 'ASPIRENAV145', ip: '192.168.71.94', os.name: 'Windows 10', os.arch: 'amd64', os.version: '10.0', java.version: '1.8.0_77'Driver info: org.openqa.selenium.remote.RemoteWebDriverCapabilities [{mobileEmulationEnabled=false, hasTouchScreen=false, platform=XP, acceptSslCerts=false, acceptInsecureCerts=false, webStorageEnabled=true, browserName=chrome, takesScreenshot=true, javascriptEnabled=true, setWindowRect=true, unexpectedAlertBehaviour=, applicationCacheEnabled=false, rotatable=false, networkConnectionEnabled=false, chrome={chromedriverVersion=2.35.528161 (5b82f2d2aae0ca24b877009200ced9065a772e73), userDataDir=C:\Users\RANJIT~1.MAD\AppData\Local\Temp\scoped_dir16392_27616}, takesHeapSnapshot=true, pageLoadStrategy=normal, databaseEnabled=false, handlesAlerts=true, version=66.0.3359.139, browserConnectionEnabled=false, nativeEvents=true, webdriver.remote.sessionid=053d8764c166aed4c673f5503b5fcc75, locationContextEnabled=true, cssSelectorsEnabled=true}]Session ID: 053d8764c166aed4c673f5503b5fcc75at com.pure.selfservice.pages.ChangeMyPropertyPage.enterAddressManually(ChangeMyPropertyPage.java:8309)at com.pure.selfservice.testscripts.PB_Household.TC_081(PB_Household.java:8324)at sun.reflect.NativeMethodAccessorImpl.invoke0(Native Method)at sun.reflect.NativeMethodAccessorImpl.invoke(Unknown Source)at sun.reflect.DelegatingMethodAccessorImpl.invoke(Unknown Source)at java.lang.reflect.Method.invoke(Unknown Source)at org.testng.internal.MethodInvocationHelper.invokeMethod(MethodInvocationHelper.java:124)at org.testng.internal.Invoker.invokeMethod(Invoker.java:571)at org.testng.internal.Invoker.invokeTestMethod(Invoker.java:707)at org.testng.internal.TestMethodWithDataProviderMethodWorker.call(TestMethodWithDataProviderMethodWorker.java:71)at org.testng.internal.TestMethodWithDataProviderMethodWorker.call(TestMethodWithDataProviderMethodWorker.java:14)at java.util.concurrent.FutureTask.run(Unknown Source)at java.util.concurrent.Executors$RunnableAdapter.call(Unknown Source)at java.util.concurrent.FutureTask.run(Unknown Source)at java.util.concurrent.ThreadPoolExecutor.runWorker(Unknown Source)at java.util.concurrent.ThreadPoolExecutor$Worker.run(Unknown Source)at java.lang.Thread.run(Unknown Source)]]>
    </failure>
  </testcase> <!-- TC_081 -->
  <testcase name="TC_082" time="276.116" classname="com.pure.selfservice.testscripts.PB_Household"/>
  <testcase name="TC_083" time="440.198" classname="com.pure.selfservice.testscripts.PB_Household"/>
  <testcase name="TC_084" time="300.07" classname="com.pure.selfservice.testscripts.PB_Household">
    <failure type="java.lang.Exception" message="TCNO_17783_17784_Error while clicking radio button : org.openqa.selenium.ElementNotVisibleException: element not visible
  (Session info: chrome=66.0.3359.139)
  (Driver info: chromedriver=2.35.528161 (5b82f2d2aae0ca24b877009200ced9065a772e73),platform=Windows NT 10.0.10240 x86_64) (WARNING: The server did not provide any stacktrace information)
Command duration or timeout: 31 milliseconds
Build info: version: &amp;apos;3.4.0&amp;apos;, revision: &amp;apos;unknown&amp;apos;, time: &amp;apos;unknown&amp;apos;
System info: host: &amp;apos;ASPIRENAV145&amp;apos;, ip: &amp;apos;192.168.71.94&amp;apos;, os.name: &amp;apos;Windows 10&amp;apos;, os.arch: &amp;apos;amd64&amp;apos;, os.version: &amp;apos;10.0&amp;apos;, java.version: &amp;apos;1.8.0_77&amp;apos;
Driver info: org.openqa.selenium.remote.RemoteWebDriver
Capabilities [{mobileEmulationEnabled=false, hasTouchScreen=false, platform=XP, acceptSslCerts=false, acceptInsecureCerts=false, webStorageEnabled=true, browserName=chrome, takesScreenshot=true, javascriptEnabled=true, setWindowRect=true, unexpectedAlertBehaviour=, applicationCacheEnabled=false, rotatable=false, networkConnectionEnabled=false, chrome={chromedriverVersion=2.35.528161 (5b82f2d2aae0ca24b877009200ced9065a772e73), userDataDir=C:\Users\RANJIT~1.MAD\AppData\Local\Temp\scoped_dir1748_21424}, takesHeapSnapshot=true, pageLoadStrategy=normal, databaseEnabled=false, handlesAlerts=true, version=66.0.3359.139, browserConnectionEnabled=false, nativeEvents=true, webdriver.remote.sessionid=f58a757bd12fdf54f0de50a858c138c9, locationContextEnabled=true, cssSelectorsEnabled=true}]
Session ID: f58a757bd12fdf54f0de50a858c138c9">
      <![CDATA[java.lang.Exception: TCNO_17783_17784_Error while clicking radio button : org.openqa.selenium.ElementNotVisibleException: element not visible  (Session info: chrome=66.0.3359.139)  (Driver info: chromedriver=2.35.528161 (5b82f2d2aae0ca24b877009200ced9065a772e73),platform=Windows NT 10.0.10240 x86_64) (WARNING: The server did not provide any stacktrace information)Command duration or timeout: 31 millisecondsBuild info: version: '3.4.0', revision: 'unknown', time: 'unknown'System info: host: 'ASPIRENAV145', ip: '192.168.71.94', os.name: 'Windows 10', os.arch: 'amd64', os.version: '10.0', java.version: '1.8.0_77'Driver info: org.openqa.selenium.remote.RemoteWebDriverCapabilities [{mobileEmulationEnabled=false, hasTouchScreen=false, platform=XP, acceptSslCerts=false, acceptInsecureCerts=false, webStorageEnabled=true, browserName=chrome, takesScreenshot=true, javascriptEnabled=true, setWindowRect=true, unexpectedAlertBehaviour=, applicationCacheEnabled=false, rotatable=false, networkConnectionEnabled=false, chrome={chromedriverVersion=2.35.528161 (5b82f2d2aae0ca24b877009200ced9065a772e73), userDataDir=C:\Users\RANJIT~1.MAD\AppData\Local\Temp\scoped_dir1748_21424}, takesHeapSnapshot=true, pageLoadStrategy=normal, databaseEnabled=false, handlesAlerts=true, version=66.0.3359.139, browserConnectionEnabled=false, nativeEvents=true, webdriver.remote.sessionid=f58a757bd12fdf54f0de50a858c138c9, locationContextEnabled=true, cssSelectorsEnabled=true}]Session ID: f58a757bd12fdf54f0de50a858c138c9at com.pure.selfservice.pages.ChangeMyPropertyPage.clickYesOrNoAddAnotherItemInWithinHome(ChangeMyPropertyPage.java:1712)at com.pure.selfservice.testscripts.PB_Household.TC_084(PB_Household.java:8629)at sun.reflect.NativeMethodAccessorImpl.invoke0(Native Method)at sun.reflect.NativeMethodAccessorImpl.invoke(Unknown Source)at sun.reflect.DelegatingMethodAccessorImpl.invoke(Unknown Source)at java.lang.reflect.Method.invoke(Unknown Source)at org.testng.internal.MethodInvocationHelper.invokeMethod(MethodInvocationHelper.java:124)at org.testng.internal.Invoker.invokeMethod(Invoker.java:571)at org.testng.internal.Invoker.invokeTestMethod(Invoker.java:707)at org.testng.internal.TestMethodWithDataProviderMethodWorker.call(TestMethodWithDataProviderMethodWorker.java:71)at org.testng.internal.TestMethodWithDataProviderMethodWorker.call(TestMethodWithDataProviderMethodWorker.java:14)at java.util.concurrent.FutureTask.run(Unknown Source)at java.util.concurrent.Executors$RunnableAdapter.call(Unknown Source)at java.util.concurrent.FutureTask.run(Unknown Source)at java.util.concurrent.ThreadPoolExecutor.runWorker(Unknown Source)at java.util.concurrent.ThreadPoolExecutor$Worker.run(Unknown Source)at java.lang.Thread.run(Unknown Source)]]>
    </failure>
  </testcase> <!-- TC_084 -->
  <testcase name="TC_085" time="569.115" classname="com.pure.selfservice.testscripts.PB_Household"/>
  <testcase name="TC_086" time="503.695" classname="com.pure.selfservice.testscripts.PB_Household"/>
  <testcase name="TC_087" time="301.933" classname="com.pure.selfservice.testscripts.PB_Household">
    <failure type="java.lang.Exception" message="Error while entering Home Contents Value on Add Buildings cover: org.openqa.selenium.NoSuchElementException: no such element: Unable to locate element: {&amp;quot;method&amp;quot;:&amp;quot;css selector&amp;quot;,&amp;quot;selector&amp;quot;:&amp;quot;#C2__C1__C1__QUE_885CBC1D2759A867391554&amp;quot;}
  (Session info: chrome=66.0.3359.139)
  (Driver info: chromedriver=2.35.528161 (5b82f2d2aae0ca24b877009200ced9065a772e73),platform=Windows NT 10.0.10240 x86_64) (WARNING: The server did not provide any stacktrace information)
Command duration or timeout: 22 milliseconds
For documentation on this error, please visit: http://seleniumhq.org/exceptions/no_such_element.html
Build info: version: &amp;apos;3.4.0&amp;apos;, revision: &amp;apos;unknown&amp;apos;, time: &amp;apos;unknown&amp;apos;
System info: host: &amp;apos;ASPIRENAV145&amp;apos;, ip: &amp;apos;192.168.71.94&amp;apos;, os.name: &amp;apos;Windows 10&amp;apos;, os.arch: &amp;apos;amd64&amp;apos;, os.version: &amp;apos;10.0&amp;apos;, java.version: &amp;apos;1.8.0_77&amp;apos;
Driver info: org.openqa.selenium.remote.RemoteWebDriver
Capabilities [{mobileEmulationEnabled=false, hasTouchScreen=false, platform=XP, acceptSslCerts=false, acceptInsecureCerts=false, webStorageEnabled=true, browserName=chrome, takesScreenshot=true, javascriptEnabled=true, setWindowRect=true, unexpectedAlertBehaviour=, applicationCacheEnabled=false, rotatable=false, networkConnectionEnabled=false, chrome={chromedriverVersion=2.35.528161 (5b82f2d2aae0ca24b877009200ced9065a772e73), userDataDir=C:\Users\RANJIT~1.MAD\AppData\Local\Temp\scoped_dir6620_32238}, takesHeapSnapshot=true, pageLoadStrategy=normal, databaseEnabled=false, handlesAlerts=true, version=66.0.3359.139, browserConnectionEnabled=false, nativeEvents=true, webdriver.remote.sessionid=09cf026f0b410a36fbd6cffcb891b85e, locationContextEnabled=true, cssSelectorsEnabled=true}]
Session ID: 09cf026f0b410a36fbd6cffcb891b85e
*** Element info: {Using=css selector, value=#C2__C1__C1__QUE_885CBC1D2759A867391554}">
      <![CDATA[java.lang.Exception: Error while entering Home Contents Value on Add Buildings cover: org.openqa.selenium.NoSuchElementException: no such element: Unable to locate element: {"method":"css selector","selector":"#C2__C1__C1__QUE_885CBC1D2759A867391554"}  (Session info: chrome=66.0.3359.139)  (Driver info: chromedriver=2.35.528161 (5b82f2d2aae0ca24b877009200ced9065a772e73),platform=Windows NT 10.0.10240 x86_64) (WARNING: The server did not provide any stacktrace information)Command duration or timeout: 22 millisecondsFor documentation on this error, please visit: http://seleniumhq.org/exceptions/no_such_element.htmlBuild info: version: '3.4.0', revision: 'unknown', time: 'unknown'System info: host: 'ASPIRENAV145', ip: '192.168.71.94', os.name: 'Windows 10', os.arch: 'amd64', os.version: '10.0', java.version: '1.8.0_77'Driver info: org.openqa.selenium.remote.RemoteWebDriverCapabilities [{mobileEmulationEnabled=false, hasTouchScreen=false, platform=XP, acceptSslCerts=false, acceptInsecureCerts=false, webStorageEnabled=true, browserName=chrome, takesScreenshot=true, javascriptEnabled=true, setWindowRect=true, unexpectedAlertBehaviour=, applicationCacheEnabled=false, rotatable=false, networkConnectionEnabled=false, chrome={chromedriverVersion=2.35.528161 (5b82f2d2aae0ca24b877009200ced9065a772e73), userDataDir=C:\Users\RANJIT~1.MAD\AppData\Local\Temp\scoped_dir6620_32238}, takesHeapSnapshot=true, pageLoadStrategy=normal, databaseEnabled=false, handlesAlerts=true, version=66.0.3359.139, browserConnectionEnabled=false, nativeEvents=true, webdriver.remote.sessionid=09cf026f0b410a36fbd6cffcb891b85e, locationContextEnabled=true, cssSelectorsEnabled=true}]Session ID: 09cf026f0b410a36fbd6cffcb891b85e*** Element info: {Using=css selector, value=#C2__C1__C1__QUE_885CBC1D2759A867391554}at com.pure.selfservice.pages.ChangeMyPropertyPage.enterTotalValueOfYourHomeContents(ChangeMyPropertyPage.java:3313)at com.pure.selfservice.testscripts.PB_Household.TC_087(PB_Household.java:8998)at sun.reflect.NativeMethodAccessorImpl.invoke0(Native Method)at sun.reflect.NativeMethodAccessorImpl.invoke(Unknown Source)at sun.reflect.DelegatingMethodAccessorImpl.invoke(Unknown Source)at java.lang.reflect.Method.invoke(Unknown Source)at org.testng.internal.MethodInvocationHelper.invokeMethod(MethodInvocationHelper.java:124)at org.testng.internal.Invoker.invokeMethod(Invoker.java:571)at org.testng.internal.Invoker.invokeTestMethod(Invoker.java:707)at org.testng.internal.TestMethodWithDataProviderMethodWorker.call(TestMethodWithDataProviderMethodWorker.java:71)at org.testng.internal.TestMethodWithDataProviderMethodWorker.call(TestMethodWithDataProviderMethodWorker.java:14)at java.util.concurrent.FutureTask.run(Unknown Source)at java.util.concurrent.Executors$RunnableAdapter.call(Unknown Source)at java.util.concurrent.FutureTask.run(Unknown Source)at java.util.concurrent.ThreadPoolExecutor.runWorker(Unknown Source)at java.util.concurrent.ThreadPoolExecutor$Worker.run(Unknown Source)at java.lang.Thread.run(Unknown Source)]]>
    </failure>
  </testcase> <!-- TC_087 -->
  <testcase name="TC_088" time="519.619" classname="com.pure.selfservice.testscripts.PB_Household"/>
  <testcase name="TC_089" time="350.331" classname="com.pure.selfservice.testscripts.PB_Household">
    <failure type="java.lang.Exception" message="TCNO_17783_17784_Error while clicking radio button : org.openqa.selenium.WebDriverException: unknown error: Element &amp;lt;span&amp;gt;...&amp;lt;/span&amp;gt; is not clickable at point (895, 271). Other element would receive the click: &amp;lt;div class=&amp;quot;modal-popup-body clearfix&amp;quot;&amp;gt;...&amp;lt;/div&amp;gt;
  (Session info: chrome=66.0.3359.139)
  (Driver info: chromedriver=2.35.528161 (5b82f2d2aae0ca24b877009200ced9065a772e73),platform=Windows NT 10.0.10240 x86_64) (WARNING: The server did not provide any stacktrace information)
Command duration or timeout: 39 milliseconds
Build info: version: &amp;apos;3.4.0&amp;apos;, revision: &amp;apos;unknown&amp;apos;, time: &amp;apos;unknown&amp;apos;
System info: host: &amp;apos;ASPIRENAV145&amp;apos;, ip: &amp;apos;192.168.71.94&amp;apos;, os.name: &amp;apos;Windows 10&amp;apos;, os.arch: &amp;apos;amd64&amp;apos;, os.version: &amp;apos;10.0&amp;apos;, java.version: &amp;apos;1.8.0_77&amp;apos;
Driver info: org.openqa.selenium.remote.RemoteWebDriver
Capabilities [{mobileEmulationEnabled=false, hasTouchScreen=false, platform=XP, acceptSslCerts=false, acceptInsecureCerts=false, webStorageEnabled=true, browserName=chrome, takesScreenshot=true, javascriptEnabled=true, setWindowRect=true, unexpectedAlertBehaviour=, applicationCacheEnabled=false, rotatable=false, networkConnectionEnabled=false, chrome={chromedriverVersion=2.35.528161 (5b82f2d2aae0ca24b877009200ced9065a772e73), userDataDir=C:\Users\RANJIT~1.MAD\AppData\Local\Temp\scoped_dir13616_14559}, takesHeapSnapshot=true, pageLoadStrategy=normal, databaseEnabled=false, handlesAlerts=true, version=66.0.3359.139, browserConnectionEnabled=false, nativeEvents=true, webdriver.remote.sessionid=f4d12a13d65128cd0605a8c58694c163, locationContextEnabled=true, cssSelectorsEnabled=true}]
Session ID: f4d12a13d65128cd0605a8c58694c163">
      <![CDATA[java.lang.Exception: TCNO_17783_17784_Error while clicking radio button : org.openqa.selenium.WebDriverException: unknown error: Element <span>...</span> is not clickable at point (895, 271). Other element would receive the click: <div class="modal-popup-body clearfix">...</div>  (Session info: chrome=66.0.3359.139)  (Driver info: chromedriver=2.35.528161 (5b82f2d2aae0ca24b877009200ced9065a772e73),platform=Windows NT 10.0.10240 x86_64) (WARNING: The server did not provide any stacktrace information)Command duration or timeout: 39 millisecondsBuild info: version: '3.4.0', revision: 'unknown', time: 'unknown'System info: host: 'ASPIRENAV145', ip: '192.168.71.94', os.name: 'Windows 10', os.arch: 'amd64', os.version: '10.0', java.version: '1.8.0_77'Driver info: org.openqa.selenium.remote.RemoteWebDriverCapabilities [{mobileEmulationEnabled=false, hasTouchScreen=false, platform=XP, acceptSslCerts=false, acceptInsecureCerts=false, webStorageEnabled=true, browserName=chrome, takesScreenshot=true, javascriptEnabled=true, setWindowRect=true, unexpectedAlertBehaviour=, applicationCacheEnabled=false, rotatable=false, networkConnectionEnabled=false, chrome={chromedriverVersion=2.35.528161 (5b82f2d2aae0ca24b877009200ced9065a772e73), userDataDir=C:\Users\RANJIT~1.MAD\AppData\Local\Temp\scoped_dir13616_14559}, takesHeapSnapshot=true, pageLoadStrategy=normal, databaseEnabled=false, handlesAlerts=true, version=66.0.3359.139, browserConnectionEnabled=false, nativeEvents=true, webdriver.remote.sessionid=f4d12a13d65128cd0605a8c58694c163, locationContextEnabled=true, cssSelectorsEnabled=true}]Session ID: f4d12a13d65128cd0605a8c58694c163at com.pure.selfservice.pages.ChangeMyPropertyPage.clickYesOrNoAddAnotherItemInWithinHome(ChangeMyPropertyPage.java:1712)at com.pure.selfservice.testscripts.PB_Household.TC_089(PB_Household.java:9275)at sun.reflect.NativeMethodAccessorImpl.invoke0(Native Method)at sun.reflect.NativeMethodAccessorImpl.invoke(Unknown Source)at sun.reflect.DelegatingMethodAccessorImpl.invoke(Unknown Source)at java.lang.reflect.Method.invoke(Unknown Source)at org.testng.internal.MethodInvocationHelper.invokeMethod(MethodInvocationHelper.java:124)at org.testng.internal.Invoker.invokeMethod(Invoker.java:571)at org.testng.internal.Invoker.invokeTestMethod(Invoker.java:707)at org.testng.internal.TestMethodWithDataProviderMethodWorker.call(TestMethodWithDataProviderMethodWorker.java:71)at org.testng.internal.TestMethodWithDataProviderMethodWorker.call(TestMethodWithDataProviderMethodWorker.java:14)at java.util.concurrent.FutureTask.run(Unknown Source)at java.util.concurrent.Executors$RunnableAdapter.call(Unknown Source)at java.util.concurrent.FutureTask.run(Unknown Source)at java.util.concurrent.ThreadPoolExecutor.runWorker(Unknown Source)at java.util.concurrent.ThreadPoolExecutor$Worker.run(Unknown Source)at java.lang.Thread.run(Unknown Source)]]>
    </failure>
  </testcase> <!-- TC_089 -->
  <testcase name="TC_090" time="239.605" classname="com.pure.selfservice.testscripts.PB_Household">
    <failure type="java.lang.Exception" message="Error while hovering On HelpIcon Of Address of Property To Be Insured : org.openqa.selenium.WebDriverException: unknown error: Element &amp;lt;a id=&amp;quot;C2__C1__HELP_HEAD_A335DC66FD885731498370&amp;quot; onclick=&amp;quot;javascript:showAjaxHelp(&amp;apos;C2__C1__HELP_HEAD_A335DC66FD885731498370&amp;apos;, &amp;apos;C2__C1__A335DC66FD885731 Heading 21&amp;apos;, &amp;apos;&amp;apos;, &amp;apos;servletcontroller&amp;apos;, &amp;apos;&amp;apos;, event, &amp;apos;&amp;apos;, &amp;apos;hover&amp;apos;);&amp;quot; onmouseover=&amp;quot;this.style.cursor=&amp;apos;pointer&amp;apos;;showAjaxHelp(&amp;apos;C2__C1__HELP_HEAD_A335DC66FD885731498370&amp;apos;, &amp;apos;C2__C1__A335DC66FD885731 Heading 21&amp;apos;, &amp;apos;&amp;apos;, &amp;apos;servletcontroller&amp;apos;, &amp;apos;&amp;apos;, event, &amp;apos;&amp;apos;, &amp;apos;hover&amp;apos;);&amp;quot; onmouseout=&amp;quot;;hideHelpContent();&amp;quot; onfocus=&amp;quot;this.style.cursor=&amp;apos;pointer&amp;apos;;showAjaxHelp(&amp;apos;C2__C1__HELP_HEAD_A335DC66FD885731498370&amp;apos;, &amp;apos;C2__C1__A335DC66FD885731 Heading 21&amp;apos;, &amp;apos;&amp;apos;, &amp;apos;servletcontroller&amp;apos;, &amp;apos;&amp;apos;, event, &amp;apos;&amp;apos;, &amp;apos;hover&amp;apos;);&amp;quot;&amp;gt;...&amp;lt;/a&amp;gt; is not clickable at point (1153, 320). Other element would receive the click: &amp;lt;div style=&amp;quot;clear: left;&amp;quot; id=&amp;quot;C2__C1__row_HEAD_A335DC66FD885731498370&amp;quot; class=&amp;quot;icon-panel-circle  &amp;quot;&amp;gt;...&amp;lt;/div&amp;gt;
  (Session info: chrome=66.0.3359.139)
  (Driver info: chromedriver=2.35.528161 (5b82f2d2aae0ca24b877009200ced9065a772e73),platform=Windows NT 10.0.10240 x86_64) (WARNING: The server did not provide any stacktrace information)
Command duration or timeout: 39 milliseconds
Build info: version: &amp;apos;3.4.0&amp;apos;, revision: &amp;apos;unknown&amp;apos;, time: &amp;apos;unknown&amp;apos;
System info: host: &amp;apos;ASPIRENAV145&amp;apos;, ip: &amp;apos;192.168.71.94&amp;apos;, os.name: &amp;apos;Windows 10&amp;apos;, os.arch: &amp;apos;amd64&amp;apos;, os.version: &amp;apos;10.0&amp;apos;, java.version: &amp;apos;1.8.0_77&amp;apos;
Driver info: org.openqa.selenium.remote.RemoteWebDriver
Capabilities [{mobileEmulationEnabled=false, hasTouchScreen=false, platform=XP, acceptSslCerts=false, acceptInsecureCerts=false, webStorageEnabled=true, browserName=chrome, takesScreenshot=true, javascriptEnabled=true, setWindowRect=true, unexpectedAlertBehaviour=, applicationCacheEnabled=false, rotatable=false, networkConnectionEnabled=false, chrome={chromedriverVersion=2.35.528161 (5b82f2d2aae0ca24b877009200ced9065a772e73), userDataDir=C:\Users\RANJIT~1.MAD\AppData\Local\Temp\scoped_dir10728_23104}, takesHeapSnapshot=true, pageLoadStrategy=normal, databaseEnabled=false, handlesAlerts=true, version=66.0.3359.139, browserConnectionEnabled=false, nativeEvents=true, webdriver.remote.sessionid=513e0498049c39ce4207ad5d1f90d008, locationContextEnabled=true, cssSelectorsEnabled=true}]
Session ID: 513e0498049c39ce4207ad5d1f90d008">
      <![CDATA[java.lang.Exception: Error while hovering On HelpIcon Of Address of Property To Be Insured : org.openqa.selenium.WebDriverException: unknown error: Element <a id="C2__C1__HELP_HEAD_A335DC66FD885731498370" onclick="javascript:showAjaxHelp('C2__C1__HELP_HEAD_A335DC66FD885731498370', 'C2__C1__A335DC66FD885731 Heading 21', '', 'servletcontroller', '', event, '', 'hover');" onmouseover="this.style.cursor='pointer';showAjaxHelp('C2__C1__HELP_HEAD_A335DC66FD885731498370', 'C2__C1__A335DC66FD885731 Heading 21', '', 'servletcontroller', '', event, '', 'hover');" onmouseout=";hideHelpContent();" onfocus="this.style.cursor='pointer';showAjaxHelp('C2__C1__HELP_HEAD_A335DC66FD885731498370', 'C2__C1__A335DC66FD885731 Heading 21', '', 'servletcontroller', '', event, '', 'hover');">...</a> is not clickable at point (1153, 320). Other element would receive the click: <div style="clear: left;" id="C2__C1__row_HEAD_A335DC66FD885731498370" class="icon-panel-circle  ">...</div>  (Session info: chrome=66.0.3359.139)  (Driver info: chromedriver=2.35.528161 (5b82f2d2aae0ca24b877009200ced9065a772e73),platform=Windows NT 10.0.10240 x86_64) (WARNING: The server did not provide any stacktrace information)Command duration or timeout: 39 millisecondsBuild info: version: '3.4.0', revision: 'unknown', time: 'unknown'System info: host: 'ASPIRENAV145', ip: '192.168.71.94', os.name: 'Windows 10', os.arch: 'amd64', os.version: '10.0', java.version: '1.8.0_77'Driver info: org.openqa.selenium.remote.RemoteWebDriverCapabilities [{mobileEmulationEnabled=false, hasTouchScreen=false, platform=XP, acceptSslCerts=false, acceptInsecureCerts=false, webStorageEnabled=true, browserName=chrome, takesScreenshot=true, javascriptEnabled=true, setWindowRect=true, unexpectedAlertBehaviour=, applicationCacheEnabled=false, rotatable=false, networkConnectionEnabled=false, chrome={chromedriverVersion=2.35.528161 (5b82f2d2aae0ca24b877009200ced9065a772e73), userDataDir=C:\Users\RANJIT~1.MAD\AppData\Local\Temp\scoped_dir10728_23104}, takesHeapSnapshot=true, pageLoadStrategy=normal, databaseEnabled=false, handlesAlerts=true, version=66.0.3359.139, browserConnectionEnabled=false, nativeEvents=true, webdriver.remote.sessionid=513e0498049c39ce4207ad5d1f90d008, locationContextEnabled=true, cssSelectorsEnabled=true}]Session ID: 513e0498049c39ce4207ad5d1f90d008at com.pure.selfservice.pages.ChangeMyPropertyPage.hoverOnHelpIconAddressofPropertyToBeInsured(ChangeMyPropertyPage.java:4736)at com.pure.selfservice.testscripts.PB_Household.TC_090(PB_Household.java:9445)at sun.reflect.NativeMethodAccessorImpl.invoke0(Native Method)at sun.reflect.NativeMethodAccessorImpl.invoke(Unknown Source)at sun.reflect.DelegatingMethodAccessorImpl.invoke(Unknown Source)at java.lang.reflect.Method.invoke(Unknown Source)at org.testng.internal.MethodInvocationHelper.invokeMethod(MethodInvocationHelper.java:124)at org.testng.internal.Invoker.invokeMethod(Invoker.java:571)at org.testng.internal.Invoker.invokeTestMethod(Invoker.java:707)at org.testng.internal.TestMethodWithDataProviderMethodWorker.call(TestMethodWithDataProviderMethodWorker.java:71)at org.testng.internal.TestMethodWithDataProviderMethodWorker.call(TestMethodWithDataProviderMethodWorker.java:14)at java.util.concurrent.FutureTask.run(Unknown Source)at java.util.concurrent.Executors$RunnableAdapter.call(Unknown Source)at java.util.concurrent.FutureTask.run(Unknown Source)at java.util.concurrent.ThreadPoolExecutor.runWorker(Unknown Source)at java.util.concurrent.ThreadPoolExecutor$Worker.run(Unknown Source)at java.lang.Thread.run(Unknown Source)]]>
    </failure>
  </testcase> <!-- TC_090 -->
  <testcase name="TC_091" time="356.85" classname="com.pure.selfservice.testscripts.PB_Household">
    <failure type="java.lang.Exception" message="Error while hovering On HelpIcon Of Add Contents Cover : org.openqa.selenium.NoSuchElementException: no such element: Unable to locate element: {&amp;quot;method&amp;quot;:&amp;quot;css selector&amp;quot;,&amp;quot;selector&amp;quot;:&amp;quot;#C2__C1__HELP_QUE_3AACC90BFC13E0AE309146&amp;quot;}
  (Session info: chrome=66.0.3359.139)
  (Driver info: chromedriver=2.35.528161 (5b82f2d2aae0ca24b877009200ced9065a772e73),platform=Windows NT 10.0.10240 x86_64) (WARNING: The server did not provide any stacktrace information)
Command duration or timeout: 14 milliseconds
For documentation on this error, please visit: http://seleniumhq.org/exceptions/no_such_element.html
Build info: version: &amp;apos;3.4.0&amp;apos;, revision: &amp;apos;unknown&amp;apos;, time: &amp;apos;unknown&amp;apos;
System info: host: &amp;apos;ASPIRENAV145&amp;apos;, ip: &amp;apos;192.168.71.94&amp;apos;, os.name: &amp;apos;Windows 10&amp;apos;, os.arch: &amp;apos;amd64&amp;apos;, os.version: &amp;apos;10.0&amp;apos;, java.version: &amp;apos;1.8.0_77&amp;apos;
Driver info: org.openqa.selenium.remote.RemoteWebDriver
Capabilities [{mobileEmulationEnabled=false, hasTouchScreen=false, platform=XP, acceptSslCerts=false, acceptInsecureCerts=false, webStorageEnabled=true, browserName=chrome, takesScreenshot=true, javascriptEnabled=true, setWindowRect=true, unexpectedAlertBehaviour=, applicationCacheEnabled=false, rotatable=false, networkConnectionEnabled=false, chrome={chromedriverVersion=2.35.528161 (5b82f2d2aae0ca24b877009200ced9065a772e73), userDataDir=C:\Users\RANJIT~1.MAD\AppData\Local\Temp\scoped_dir13464_13751}, takesHeapSnapshot=true, pageLoadStrategy=normal, databaseEnabled=false, handlesAlerts=true, version=66.0.3359.139, browserConnectionEnabled=false, nativeEvents=true, webdriver.remote.sessionid=3b0d1cbd5fba603711b4078eee9f1c75, locationContextEnabled=true, cssSelectorsEnabled=true}]
Session ID: 3b0d1cbd5fba603711b4078eee9f1c75
*** Element info: {Using=css selector, value=#C2__C1__HELP_QUE_3AACC90BFC13E0AE309146}">
      <![CDATA[java.lang.Exception: Error while hovering On HelpIcon Of Add Contents Cover : org.openqa.selenium.NoSuchElementException: no such element: Unable to locate element: {"method":"css selector","selector":"#C2__C1__HELP_QUE_3AACC90BFC13E0AE309146"}  (Session info: chrome=66.0.3359.139)  (Driver info: chromedriver=2.35.528161 (5b82f2d2aae0ca24b877009200ced9065a772e73),platform=Windows NT 10.0.10240 x86_64) (WARNING: The server did not provide any stacktrace information)Command duration or timeout: 14 millisecondsFor documentation on this error, please visit: http://seleniumhq.org/exceptions/no_such_element.htmlBuild info: version: '3.4.0', revision: 'unknown', time: 'unknown'System info: host: 'ASPIRENAV145', ip: '192.168.71.94', os.name: 'Windows 10', os.arch: 'amd64', os.version: '10.0', java.version: '1.8.0_77'Driver info: org.openqa.selenium.remote.RemoteWebDriverCapabilities [{mobileEmulationEnabled=false, hasTouchScreen=false, platform=XP, acceptSslCerts=false, acceptInsecureCerts=false, webStorageEnabled=true, browserName=chrome, takesScreenshot=true, javascriptEnabled=true, setWindowRect=true, unexpectedAlertBehaviour=, applicationCacheEnabled=false, rotatable=false, networkConnectionEnabled=false, chrome={chromedriverVersion=2.35.528161 (5b82f2d2aae0ca24b877009200ced9065a772e73), userDataDir=C:\Users\RANJIT~1.MAD\AppData\Local\Temp\scoped_dir13464_13751}, takesHeapSnapshot=true, pageLoadStrategy=normal, databaseEnabled=false, handlesAlerts=true, version=66.0.3359.139, browserConnectionEnabled=false, nativeEvents=true, webdriver.remote.sessionid=3b0d1cbd5fba603711b4078eee9f1c75, locationContextEnabled=true, cssSelectorsEnabled=true}]Session ID: 3b0d1cbd5fba603711b4078eee9f1c75*** Element info: {Using=css selector, value=#C2__C1__HELP_QUE_3AACC90BFC13E0AE309146}at com.pure.selfservice.pages.ChangeMyPropertyPage.hoverOnHelpIconOfNoOfYearsWithoutClaiming(ChangeMyPropertyPage.java:7031)at com.pure.selfservice.testscripts.PB_Household.TC_091(PB_Household.java:10334)at sun.reflect.NativeMethodAccessorImpl.invoke0(Native Method)at sun.reflect.NativeMethodAccessorImpl.invoke(Unknown Source)at sun.reflect.DelegatingMethodAccessorImpl.invoke(Unknown Source)at java.lang.reflect.Method.invoke(Unknown Source)at org.testng.internal.MethodInvocationHelper.invokeMethod(MethodInvocationHelper.java:124)at org.testng.internal.Invoker.invokeMethod(Invoker.java:571)at org.testng.internal.Invoker.invokeTestMethod(Invoker.java:707)at org.testng.internal.TestMethodWithDataProviderMethodWorker.call(TestMethodWithDataProviderMethodWorker.java:71)at org.testng.internal.TestMethodWithDataProviderMethodWorker.call(TestMethodWithDataProviderMethodWorker.java:14)at java.util.concurrent.FutureTask.run(Unknown Source)at java.util.concurrent.Executors$RunnableAdapter.call(Unknown Source)at java.util.concurrent.FutureTask.run(Unknown Source)at java.util.concurrent.ThreadPoolExecutor.runWorker(Unknown Source)at java.util.concurrent.ThreadPoolExecutor$Worker.run(Unknown Source)at java.lang.Thread.run(Unknown Source)]]>
    </failure>
  </testcase> <!-- TC_091 -->
  <testcase name="TC_045" time="0.0" classname="com.pure.selfservice.testscripts.PB_Household">
    <ignored/>
  </testcase> <!-- TC_045 -->
  <testcase name="TC_001" time="0.0" classname="com.pure.selfservice.testscripts.PB_Household">
    <ignored/>
  </testcase> <!-- TC_001 -->
  <testcase name="TC_046" time="0.0" classname="com.pure.selfservice.testscripts.PB_Household">
    <ignored/>
  </testcase> <!-- TC_046 -->
  <testcase name="TC_002" time="0.0" classname="com.pure.selfservice.testscripts.PB_Household">
    <ignored/>
  </testcase> <!-- TC_002 -->
  <testcase name="TC_044" time="0.0" classname="com.pure.selfservice.testscripts.PB_Household">
    <ignored/>
  </testcase> <!-- TC_044 -->
  <testcase name="TC_049" time="0.0" classname="com.pure.selfservice.testscripts.PB_Household">
    <ignored/>
  </testcase> <!-- TC_049 -->
  <testcase name="TC_005" time="0.0" classname="com.pure.selfservice.testscripts.PB_Household">
    <ignored/>
  </testcase> <!-- TC_005 -->
  <testcase name="TC_006" time="0.0" classname="com.pure.selfservice.testscripts.PB_Household">
    <ignored/>
  </testcase> <!-- TC_006 -->
  <testcase name="TC_003" time="0.0" classname="com.pure.selfservice.testscripts.PB_Household">
    <ignored/>
  </testcase> <!-- TC_003 -->
  <testcase name="TC_047" time="0.0" classname="com.pure.selfservice.testscripts.PB_Household">
    <ignored/>
  </testcase> <!-- TC_047 -->
  <testcase name="TC_004" time="0.0" classname="com.pure.selfservice.testscripts.PB_Household">
    <ignored/>
  </testcase> <!-- TC_004 -->
  <testcase name="TC_048" time="0.0" classname="com.pure.selfservice.testscripts.PB_Household">
    <ignored/>
  </testcase> <!-- TC_048 -->
  <testcase name="TC_009" time="0.0" classname="com.pure.selfservice.testscripts.PB_Household">
    <ignored/>
  </testcase> <!-- TC_009 -->
  <testcase name="TC_008" time="0.0" classname="com.pure.selfservice.testscripts.PB_Household">
    <ignored/>
  </testcase> <!-- TC_008 -->
  <testcase name="TC_054" time="0.0" classname="com.pure.selfservice.testscripts.PB_Household">
    <ignored/>
  </testcase> <!-- TC_054 -->
  <testcase name="TC_010" time="0.0" classname="com.pure.selfservice.testscripts.PB_Household">
    <ignored/>
  </testcase> <!-- TC_010 -->
  <testcase name="TC_052" time="0.0" classname="com.pure.selfservice.testscripts.PB_Household">
    <ignored/>
  </testcase> <!-- TC_052 -->
  <testcase name="TC_053" time="0.0" classname="com.pure.selfservice.testscripts.PB_Household">
    <ignored/>
  </testcase> <!-- TC_053 -->
  <testcase name="TC_050" time="0.0" classname="com.pure.selfservice.testscripts.PB_Household">
    <ignored/>
  </testcase> <!-- TC_050 -->
  <testcase name="TC_051" time="0.0" classname="com.pure.selfservice.testscripts.PB_Household">
    <ignored/>
  </testcase> <!-- TC_051 -->
  <testcase name="TC_034" time="0.0" classname="com.pure.selfservice.testscripts.PB_Household">
    <ignored/>
  </testcase> <!-- TC_034 -->
  <testcase name="TC_035" time="0.0" classname="com.pure.selfservice.testscripts.PB_Household">
    <ignored/>
  </testcase> <!-- TC_035 -->
  <testcase name="TC_033" time="0.0" classname="com.pure.selfservice.testscripts.PB_Household">
    <ignored/>
  </testcase> <!-- TC_033 -->
  <testcase name="TC_038" time="0.0" classname="com.pure.selfservice.testscripts.PB_Household">
    <ignored/>
  </testcase> <!-- TC_038 -->
  <testcase name="TC_039" time="0.0" classname="com.pure.selfservice.testscripts.PB_Household">
    <ignored/>
  </testcase> <!-- TC_039 -->
  <testcase name="TC_036" time="0.0" classname="com.pure.selfservice.testscripts.PB_Household">
    <ignored/>
  </testcase> <!-- TC_036 -->
  <testcase name="TC_037" time="0.0" classname="com.pure.selfservice.testscripts.PB_Household">
    <ignored/>
  </testcase> <!-- TC_037 -->
  <testcase name="TC_043" time="0.0" classname="com.pure.selfservice.testscripts.PB_Household">
    <ignored/>
  </testcase> <!-- TC_043 -->
  <testcase name="TC_029" time="0.0" classname="com.pure.selfservice.testscripts.PB_Household">
    <ignored/>
  </testcase> <!-- TC_029 -->
  <testcase name="TC_041" time="0.0" classname="com.pure.selfservice.testscripts.PB_Household">
    <ignored/>
  </testcase> <!-- TC_041 -->
  <testcase name="TC_042" time="0.0" classname="com.pure.selfservice.testscripts.PB_Household">
    <ignored/>
  </testcase> <!-- TC_042 -->
  <testcase name="TC_040" time="0.0" classname="com.pure.selfservice.testscripts.PB_Household">
    <ignored/>
  </testcase> <!-- TC_040 -->
  <testcase name="TC_023" time="0.0" classname="com.pure.selfservice.testscripts.PB_Household">
    <ignored/>
  </testcase> <!-- TC_023 -->
  <testcase name="TC_024" time="0.0" classname="com.pure.selfservice.testscripts.PB_Household">
    <ignored/>
  </testcase> <!-- TC_024 -->
  <testcase name="TC_022" time="0.0" classname="com.pure.selfservice.testscripts.PB_Household">
    <ignored/>
  </testcase> <!-- TC_022 -->
  <testcase name="TC_027" time="0.0" classname="com.pure.selfservice.testscripts.PB_Household">
    <ignored/>
  </testcase> <!-- TC_027 -->
  <testcase name="TC_028" time="0.0" classname="com.pure.selfservice.testscripts.PB_Household">
    <ignored/>
  </testcase> <!-- TC_028 -->
  <testcase name="TC_025" time="0.0" classname="com.pure.selfservice.testscripts.PB_Household">
    <ignored/>
  </testcase> <!-- TC_025 -->
  <testcase name="TC_026" time="0.0" classname="com.pure.selfservice.testscripts.PB_Household">
    <ignored/>
  </testcase> <!-- TC_026 -->
  <testcase name="TC_032" time="0.0" classname="com.pure.selfservice.testscripts.PB_Household">
    <ignored/>
  </testcase> <!-- TC_032 -->
  <testcase name="TC_018" time="0.0" classname="com.pure.selfservice.testscripts.PB_Household">
    <ignored/>
  </testcase> <!-- TC_018 -->
  <testcase name="TC_030" time="0.0" classname="com.pure.selfservice.testscripts.PB_Household">
    <ignored/>
  </testcase> <!-- TC_030 -->
  <testcase name="TC_031" time="0.0" classname="com.pure.selfservice.testscripts.PB_Household">
    <ignored/>
  </testcase> <!-- TC_031 -->
  <testcase name="TC_012" time="0.0" classname="com.pure.selfservice.testscripts.PB_Household">
    <ignored/>
  </testcase> <!-- TC_012 -->
  <testcase name="TC_056" time="0.0" classname="com.pure.selfservice.testscripts.PB_Household">
    <ignored/>
  </testcase> <!-- TC_056 -->
  <testcase name="TC_057" time="0.0" classname="com.pure.selfservice.testscripts.PB_Household">
    <ignored/>
  </testcase> <!-- TC_057 -->
  <testcase name="TC_013" time="0.0" classname="com.pure.selfservice.testscripts.PB_Household">
    <ignored/>
  </testcase> <!-- TC_013 -->
  <testcase name="TC_011" time="0.0" classname="com.pure.selfservice.testscripts.PB_Household">
    <ignored/>
  </testcase> <!-- TC_011 -->
  <testcase name="TC_055" time="0.0" classname="com.pure.selfservice.testscripts.PB_Household">
    <ignored/>
  </testcase> <!-- TC_055 -->
  <testcase name="TC_016" time="0.0" classname="com.pure.selfservice.testscripts.PB_Household">
    <ignored/>
  </testcase> <!-- TC_016 -->
  <testcase name="TC_017" time="0.0" classname="com.pure.selfservice.testscripts.PB_Household">
    <ignored/>
  </testcase> <!-- TC_017 -->
  <testcase name="TC_058" time="0.0" classname="com.pure.selfservice.testscripts.PB_Household">
    <ignored/>
  </testcase> <!-- TC_058 -->
  <testcase name="TC_014" time="0.0" classname="com.pure.selfservice.testscripts.PB_Household">
    <ignored/>
  </testcase> <!-- TC_014 -->
  <testcase name="TC_015" time="0.0" classname="com.pure.selfservice.testscripts.PB_Household">
    <ignored/>
  </testcase> <!-- TC_015 -->
  <testcase name="TC_019" time="0.0" classname="com.pure.selfservice.testscripts.PB_Household">
    <ignored/>
  </testcase> <!-- TC_019 -->
  <testcase name="TC_021" time="0.0" classname="com.pure.selfservice.testscripts.PB_Household">
    <ignored/>
  </testcase> <!-- TC_021 -->
  <testcase name="TC_007" time="0.0" classname="com.pure.selfservice.testscripts.PB_Household">
    <ignored/>
  </testcase> <!-- TC_007 -->
  <testcase name="TC_020" time="0.0" classname="com.pure.selfservice.testscripts.PB_Household">
    <ignored/>
  </testcase> <!-- TC_020 -->
</testsuite> <!-- UXP_PBPhase2 -->
