<?xml version="1.0" encoding="UTF-8"?>
<!-- Generated by org.testng.reporters.JUnitXMLReporter -->
<testsuite hostname="Aspire1543" name="UXP_SS_Sprint11_18691" tests="1" failures="1" timestamp="10 Dec 2019 09:15:44 GMT" time="279.0" errors="0">
  <testcase name="TC_001" time="275.066" classname="com.davinci_Testscripts.davinci_Script">
    <failure type="java.lang.Exception" message="Unable to locate AdministrativeHistoryOverview screen : org.openqa.selenium.WebDriverException: unknown error: Element &amp;lt;a _ngcontent-c1=&amp;quot;&amp;quot; aria-expanded=&amp;quot;false&amp;quot; aria-haspopup=&amp;quot;true&amp;quot; class=&amp;quot;dropdown-toggle&amp;quot; data-toggle=&amp;quot;dropdown&amp;quot; href=&amp;quot;javascript:void(0)&amp;quot; role=&amp;quot;button&amp;quot; title=&amp;quot;MANAGE CREDIT&amp;quot;&amp;gt;...&amp;lt;/a&amp;gt; is not clickable at point (431, 39). Other element would receive the click: &amp;lt;div _ngcontent-c1=&amp;quot;&amp;quot; class=&amp;quot;overlay-div&amp;quot; id=&amp;quot;Shell&amp;quot; style=&amp;quot;&amp;quot;&amp;gt;...&amp;lt;/div&amp;gt;
  (Session info: chrome=78.0.3904.108)
  (Driver info: chromedriver=2.40.565498 (ea082db3280dd6843ebfb08a625e3eb905c4f5ab),platform=Windows NT 10.0.14393 x86_64) (WARNING: The server did not provide any stacktrace information)
Command duration or timeout: 36 milliseconds
Build info: version: &amp;apos;3.0.1&amp;apos;, revision: &amp;apos;1969d75&amp;apos;, time: &amp;apos;2016-10-18 09:48:19 -0700&amp;apos;
System info: host: &amp;apos;Aspire1543&amp;apos;, ip: &amp;apos;172.24.166.252&amp;apos;, os.name: &amp;apos;Windows 10&amp;apos;, os.arch: &amp;apos;amd64&amp;apos;, os.version: &amp;apos;10.0&amp;apos;, java.version: &amp;apos;1.8.0_221&amp;apos;
Driver info: org.openqa.selenium.chrome.ChromeDriver
Capabilities [{applicationCacheEnabled=false, rotatable=false, mobileEmulationEnabled=false, networkConnectionEnabled=false, chrome={chromedriverVersion=2.40.565498 (ea082db3280dd6843ebfb08a625e3eb905c4f5ab), userDataDir=C:\Users\RAMYA~1.PAN\AppData\Local\Temp\scoped_dir20340_29237}, takesHeapSnapshot=true, pageLoadStrategy=normal, databaseEnabled=false, handlesAlerts=true, hasTouchScreen=false, version=78.0.3904.108, platform=XP, browserConnectionEnabled=false, nativeEvents=true, acceptSslCerts=false, acceptInsecureCerts=false, locationContextEnabled=true, webStorageEnabled=true, browserName=chrome, takesScreenshot=true, javascriptEnabled=true, cssSelectorsEnabled=true, setWindowRect=true, unexpectedAlertBehaviour=}]
Session ID: 3051332e4cc5e4ebff5925562628b8aa
Command duration or timeout: 195 milliseconds">
      <![CDATA[java.lang.Exception: Unable to locate AdministrativeHistoryOverview screen : org.openqa.selenium.WebDriverException: unknown error: Element <a _ngcontent-c1="" aria-expanded="false" aria-haspopup="true" class="dropdown-toggle" data-toggle="dropdown" href="javascript:void(0)" role="button" title="MANAGE CREDIT">...</a> is not clickable at point (431, 39). Other element would receive the click: <div _ngcontent-c1="" class="overlay-div" id="Shell" style="">...</div>
  (Session info: chrome=78.0.3904.108)
  (Driver info: chromedriver=2.40.565498 (ea082db3280dd6843ebfb08a625e3eb905c4f5ab),platform=Windows NT 10.0.14393 x86_64) (WARNING: The server did not provide any stacktrace information)
Command duration or timeout: 36 milliseconds
Build info: version: '3.0.1', revision: '1969d75', time: '2016-10-18 09:48:19 -0700'
System info: host: 'Aspire1543', ip: '172.24.166.252', os.name: 'Windows 10', os.arch: 'amd64', os.version: '10.0', java.version: '1.8.0_221'
Driver info: org.openqa.selenium.chrome.ChromeDriver
Capabilities [{applicationCacheEnabled=false, rotatable=false, mobileEmulationEnabled=false, networkConnectionEnabled=false, chrome={chromedriverVersion=2.40.565498 (ea082db3280dd6843ebfb08a625e3eb905c4f5ab), userDataDir=C:\Users\RAMYA~1.PAN\AppData\Local\Temp\scoped_dir20340_29237}, takesHeapSnapshot=true, pageLoadStrategy=normal, databaseEnabled=false, handlesAlerts=true, hasTouchScreen=false, version=78.0.3904.108, platform=XP, browserConnectionEnabled=false, nativeEvents=true, acceptSslCerts=false, acceptInsecureCerts=false, locationContextEnabled=true, webStorageEnabled=true, browserName=chrome, takesScreenshot=true, javascriptEnabled=true, cssSelectorsEnabled=true, setWindowRect=true, unexpectedAlertBehaviour=}]
Session ID: 3051332e4cc5e4ebff5925562628b8aa
Command duration or timeout: 195 milliseconds
	at com.davinci.pages.SearchCreditPage.navigateToAdministrativeHistoryOverview(SearchCreditPage.java:441)
	at com.davinci_Testscripts.davinci_Script.TC_001(davinci_Script.java:118)
	at sun.reflect.NativeMethodAccessorImpl.invoke0(Native Method)
	at sun.reflect.NativeMethodAccessorImpl.invoke(Unknown Source)
	at sun.reflect.DelegatingMethodAccessorImpl.invoke(Unknown Source)
	at java.lang.reflect.Method.invoke(Unknown Source)
	at org.testng.internal.MethodInvocationHelper.invokeMethod(MethodInvocationHelper.java:100)
	at org.testng.internal.Invoker.invokeMethod(Invoker.java:646)
	at org.testng.internal.Invoker.invokeTestMethod(Invoker.java:811)
	at org.testng.internal.TestMethodWithDataProviderMethodWorker.call(TestMethodWithDataProviderMethodWorker.java:75)
	at org.testng.internal.TestMethodWithDataProviderMethodWorker.call(TestMethodWithDataProviderMethodWorker.java:14)
	at java.util.concurrent.FutureTask.run(Unknown Source)
	at java.util.concurrent.Executors$RunnableAdapter.call(Unknown Source)
	at java.util.concurrent.FutureTask.run(Unknown Source)
	at java.util.concurrent.ThreadPoolExecutor.runWorker(Unknown Source)
	at java.util.concurrent.ThreadPoolExecutor$Worker.run(Unknown Source)
	at java.lang.Thread.run(Unknown Source)
]]>
    </failure>
  </testcase> <!-- TC_001 -->
</testsuite> <!-- UXP_SS_Sprint11_18691 -->
