<?xml version="1.0" encoding="UTF-8"?>
<!-- Generated by org.testng.reporters.JUnitXMLReporter -->
<testsuite hostname="aspirenav145" ignored="31" name="UXP_Sprint_02" tests="1" failures="1" timestamp="04 Sep 2018 06:41:17 GMT" time="31.49" errors="0">
  <testcase name="TC_001" time="25.991" classname="com.pure.HouseHold.Smoke_Pack">
    <failure type="java.lang.Exception" message="Exception while performing Signin : java.lang.Exception: Error while clicking Sign in button : org.openqa.selenium.WebDriverException: unknown error: Element &amp;lt;button title=&amp;quot;...&amp;quot; onclick=&amp;quot;return ajaxButtonAction(&amp;apos;C2__email_address|C2__password&amp;apos;, &amp;apos;C2____3D8461446F669061 FormButton 30&amp;apos;, &amp;apos;C2__sign_in&amp;apos;, true, null, &amp;apos;&amp;apos;, &amp;apos;servletcontroller&amp;apos;, &amp;apos;&amp;apos;, true, true, &amp;apos;&amp;apos;);&amp;quot; type=&amp;quot;button&amp;quot; name=&amp;quot;C2____3D8461446F669061 FormButton 30&amp;quot; onmouseover=&amp;quot;this.style.cursor=&amp;apos;pointer&amp;apos;&amp;quot; value=&amp;quot;Log in&amp;quot; class=&amp;quot;btn ajax-spinner  btn-success btn-rounded  signin_btn ga-push-data ga-push-data-before&amp;quot; id=&amp;quot;C2__sign_in&amp;quot; disabled=&amp;quot;&amp;quot;&amp;gt;Log in&amp;lt;/button&amp;gt; is not clickable at point (826, 578). Other element would receive the click: &amp;lt;div&amp;gt;...&amp;lt;/div&amp;gt;
  (Session info: chrome=68.0.3440.106)
  (Driver info: chromedriver=2.35.528161 (5b82f2d2aae0ca24b877009200ced9065a772e73),platform=Windows NT 10.0.10240 x86_64) (WARNING: The server did not provide any stacktrace information)
Command duration or timeout: 45 milliseconds
Build info: version: &amp;apos;3.4.0&amp;apos;, revision: &amp;apos;unknown&amp;apos;, time: &amp;apos;unknown&amp;apos;
System info: host: &amp;apos;ASPIRENAV145&amp;apos;, ip: &amp;apos;192.168.71.194&amp;apos;, os.name: &amp;apos;Windows 10&amp;apos;, os.arch: &amp;apos;amd64&amp;apos;, os.version: &amp;apos;10.0&amp;apos;, java.version: &amp;apos;1.8.0_77&amp;apos;
Driver info: org.openqa.selenium.remote.RemoteWebDriver
Capabilities [{mobileEmulationEnabled=false, hasTouchScreen=false, platform=XP, acceptSslCerts=false, acceptInsecureCerts=false, webStorageEnabled=true, browserName=chrome, takesScreenshot=true, javascriptEnabled=true, setWindowRect=true, unexpectedAlertBehaviour=, applicationCacheEnabled=false, rotatable=false, networkConnectionEnabled=false, chrome={chromedriverVersion=2.35.528161 (5b82f2d2aae0ca24b877009200ced9065a772e73), userDataDir=C:\Users\RANJIT~1.MAD\AppData\Local\Temp\scoped_dir28248_17654}, takesHeapSnapshot=true, pageLoadStrategy=normal, databaseEnabled=false, handlesAlerts=true, version=68.0.3440.106, browserConnectionEnabled=false, nativeEvents=true, webdriver.remote.sessionid=dd0e2c80a8cb8d92c910852ea48e456d, locationContextEnabled=true, cssSelectorsEnabled=true}]
Session ID: dd0e2c80a8cb8d92c910852ea48e456d">
      <![CDATA[java.lang.Exception: Exception while performing Signin : java.lang.Exception: Error while clicking Sign in button : org.openqa.selenium.WebDriverException: unknown error: Element <button title="..." onclick="return ajaxButtonAction('C2__email_address|C2__password', 'C2____3D8461446F669061 FormButton 30', 'C2__sign_in', true, null, '', 'servletcontroller', '', true, true, '');" type="button" name="C2____3D8461446F669061 FormButton 30" onmouseover="this.style.cursor='pointer'" value="Log in" class="btn ajax-spinner  btn-success btn-rounded  signin_btn ga-push-data ga-push-data-before" id="C2__sign_in" disabled="">Log in</button> is not clickable at point (826, 578). Other element would receive the click: <div>...</div>
  (Session info: chrome=68.0.3440.106)
  (Driver info: chromedriver=2.35.528161 (5b82f2d2aae0ca24b877009200ced9065a772e73),platform=Windows NT 10.0.10240 x86_64) (WARNING: The server did not provide any stacktrace information)
Command duration or timeout: 45 milliseconds
Build info: version: '3.4.0', revision: 'unknown', time: 'unknown'
System info: host: 'ASPIRENAV145', ip: '192.168.71.194', os.name: 'Windows 10', os.arch: 'amd64', os.version: '10.0', java.version: '1.8.0_77'
Driver info: org.openqa.selenium.remote.RemoteWebDriver
Capabilities [{mobileEmulationEnabled=false, hasTouchScreen=false, platform=XP, acceptSslCerts=false, acceptInsecureCerts=false, webStorageEnabled=true, browserName=chrome, takesScreenshot=true, javascriptEnabled=true, setWindowRect=true, unexpectedAlertBehaviour=, applicationCacheEnabled=false, rotatable=false, networkConnectionEnabled=false, chrome={chromedriverVersion=2.35.528161 (5b82f2d2aae0ca24b877009200ced9065a772e73), userDataDir=C:\Users\RANJIT~1.MAD\AppData\Local\Temp\scoped_dir28248_17654}, takesHeapSnapshot=true, pageLoadStrategy=normal, databaseEnabled=false, handlesAlerts=true, version=68.0.3440.106, browserConnectionEnabled=false, nativeEvents=true, webdriver.remote.sessionid=dd0e2c80a8cb8d92c910852ea48e456d, locationContextEnabled=true, cssSelectorsEnabled=true}]
Session ID: dd0e2c80a8cb8d92c910852ea48e456d
at com.pure.selfservice.pages.CustomerSignInPage.loginToSSCustomerDashboard(CustomerSignInPage.java:180)
at com.pure.HouseHold.Smoke_Pack.TC_001(Smoke_Pack.java:85)
at sun.reflect.NativeMethodAccessorImpl.invoke0(Native Method)
at sun.reflect.NativeMethodAccessorImpl.invoke(Unknown Source)
at sun.reflect.DelegatingMethodAccessorImpl.invoke(Unknown Source)
at java.lang.reflect.Method.invoke(Unknown Source)
at org.testng.internal.MethodInvocationHelper.invokeMethod(MethodInvocationHelper.java:124)
at org.testng.internal.Invoker.invokeMethod(Invoker.java:583)
at org.testng.internal.Invoker.invokeTestMethod(Invoker.java:719)
at org.testng.internal.TestMethodWithDataProviderMethodWorker.call(TestMethodWithDataProviderMethodWorker.java:71)
at org.testng.internal.TestMethodWithDataProviderMethodWorker.call(TestMethodWithDataProviderMethodWorker.java:14)
at java.util.concurrent.FutureTask.run(Unknown Source)
at java.util.concurrent.Executors$RunnableAdapter.call(Unknown Source)
at java.util.concurrent.FutureTask.run(Unknown Source)
at java.util.concurrent.ThreadPoolExecutor.runWorker(Unknown Source)
at java.util.concurrent.ThreadPoolExecutor$Worker.run(Unknown Source)
at java.lang.Thread.run(Unknown Source)
]]>
    </failure>
  </testcase> <!-- TC_001 -->
  <testcase name="TC_013" time="0.0" classname="com.pure.HouseHold.Smoke_Pack">
    <ignored/>
  </testcase> <!-- TC_013 -->
  <testcase name="TC_016" time="0.0" classname="com.pure.HouseHold.Smoke_Pack">
    <ignored/>
  </testcase> <!-- TC_016 -->
  <testcase name="TC_015" time="0.0" classname="com.pure.HouseHold.Smoke_Pack">
    <ignored/>
  </testcase> <!-- TC_015 -->
  <testcase name="TC_012" time="0.0" classname="com.pure.HouseHold.Smoke_Pack">
    <ignored/>
  </testcase> <!-- TC_012 -->
  <testcase name="TC_011" time="0.0" classname="com.pure.HouseHold.Smoke_Pack">
    <ignored/>
  </testcase> <!-- TC_011 -->
  <testcase name="TC_21" time="0.0" classname="com.pure.HouseHold.Smoke_Pack">
    <ignored/>
  </testcase> <!-- TC_21 -->
  <testcase name="TC_014" time="0.0" classname="com.pure.HouseHold.Smoke_Pack">
    <ignored/>
  </testcase> <!-- TC_014 -->
  <testcase name="TC_20" time="0.0" classname="com.pure.HouseHold.Smoke_Pack">
    <ignored/>
  </testcase> <!-- TC_20 -->
  <testcase name="TC_23" time="0.0" classname="com.pure.HouseHold.Smoke_Pack">
    <ignored/>
  </testcase> <!-- TC_23 -->
  <testcase name="TC_22" time="0.0" classname="com.pure.HouseHold.Smoke_Pack">
    <ignored/>
  </testcase> <!-- TC_22 -->
  <testcase name="TC_27" time="0.0" classname="com.pure.HouseHold.Smoke_Pack">
    <ignored/>
  </testcase> <!-- TC_27 -->
  <testcase name="TC_26" time="0.0" classname="com.pure.HouseHold.Smoke_Pack">
    <ignored/>
  </testcase> <!-- TC_26 -->
  <testcase name="TC_29" time="0.0" classname="com.pure.HouseHold.Smoke_Pack">
    <ignored/>
  </testcase> <!-- TC_29 -->
  <testcase name="TC_28" time="0.0" classname="com.pure.HouseHold.Smoke_Pack">
    <ignored/>
  </testcase> <!-- TC_28 -->
  <testcase name="TC_006" time="0.0" classname="com.pure.HouseHold.Smoke_Pack">
    <ignored/>
  </testcase> <!-- TC_006 -->
  <testcase name="TC_009" time="0.0" classname="com.pure.HouseHold.Smoke_Pack">
    <ignored/>
  </testcase> <!-- TC_009 -->
  <testcase name="TC_008" time="0.0" classname="com.pure.HouseHold.Smoke_Pack">
    <ignored/>
  </testcase> <!-- TC_008 -->
  <testcase name="TC_024" time="0.0" classname="com.pure.HouseHold.Smoke_Pack">
    <ignored/>
  </testcase> <!-- TC_024 -->
  <testcase name="TC_002" time="0.0" classname="com.pure.HouseHold.Smoke_Pack">
    <ignored/>
  </testcase> <!-- TC_002 -->
  <testcase name="TC_005" time="0.0" classname="com.pure.HouseHold.Smoke_Pack">
    <ignored/>
  </testcase> <!-- TC_005 -->
  <testcase name="TC_004" time="0.0" classname="com.pure.HouseHold.Smoke_Pack">
    <ignored/>
  </testcase> <!-- TC_004 -->
  <testcase name="TC_007" time="0.0" classname="com.pure.HouseHold.Smoke_Pack">
    <ignored/>
  </testcase> <!-- TC_007 -->
  <testcase name="TC_30" time="0.0" classname="com.pure.HouseHold.Smoke_Pack">
    <ignored/>
  </testcase> <!-- TC_30 -->
  <testcase name="TC_003" time="0.0" classname="com.pure.HouseHold.Smoke_Pack">
    <ignored/>
  </testcase> <!-- TC_003 -->
  <testcase name="TC_32" time="0.0" classname="com.pure.HouseHold.Smoke_Pack">
    <ignored/>
  </testcase> <!-- TC_32 -->
  <testcase name="TC_025" time="0.0" classname="com.pure.HouseHold.Smoke_Pack">
    <ignored/>
  </testcase> <!-- TC_025 -->
  <testcase name="TC_31" time="0.0" classname="com.pure.HouseHold.Smoke_Pack">
    <ignored/>
  </testcase> <!-- TC_31 -->
  <testcase name="TC_010" time="0.0" classname="com.pure.HouseHold.Smoke_Pack">
    <ignored/>
  </testcase> <!-- TC_010 -->
  <testcase name="TC_18" time="0.0" classname="com.pure.HouseHold.Smoke_Pack">
    <ignored/>
  </testcase> <!-- TC_18 -->
  <testcase name="TC_17" time="0.0" classname="com.pure.HouseHold.Smoke_Pack">
    <ignored/>
  </testcase> <!-- TC_17 -->
  <testcase name="TC_19" time="0.0" classname="com.pure.HouseHold.Smoke_Pack">
    <ignored/>
  </testcase> <!-- TC_19 -->
</testsuite> <!-- UXP_Sprint_02 -->
