<?xml version="1.0" encoding="UTF-8"?>
<!-- Generated by org.testng.reporters.JUnitXMLReporter -->
<testsuite hostname="aspirenav145" ignored="17" name="UXP_Sprint_03" tests="2" failures="2" timestamp="25 Aug 2018 13:56:48 GMT" time="236.905" errors="0">
  <testcase name="TC_024" time="160.527" classname="com.pure.HouseHold.Sprint_03">
    <failure type="java.lang.Exception" message="Error while clicking Continue button : org.openqa.selenium.NoSuchElementException: no such element: Unable to locate element: {&amp;quot;method&amp;quot;:&amp;quot;css selector&amp;quot;,&amp;quot;selector&amp;quot;:&amp;quot;[name=&amp;apos;C2__MTA[1].MTAINITIATE[1].HOUR&amp;apos;]+a&amp;gt;span[class=&amp;apos;ui-icon ui-icon-triangle-1-n&amp;apos;]&amp;quot;}
  (Session info: chrome=68.0.3440.106)
  (Driver info: chromedriver=2.35.528161 (5b82f2d2aae0ca24b877009200ced9065a772e73),platform=Windows NT 10.0.10240 x86_64) (WARNING: The server did not provide any stacktrace information)
Command duration or timeout: 32 milliseconds
For documentation on this error, please visit: http://seleniumhq.org/exceptions/no_such_element.html
Build info: version: &amp;apos;3.4.0&amp;apos;, revision: &amp;apos;unknown&amp;apos;, time: &amp;apos;unknown&amp;apos;
System info: host: &amp;apos;ASPIRENAV145&amp;apos;, ip: &amp;apos;192.168.71.182&amp;apos;, os.name: &amp;apos;Windows 10&amp;apos;, os.arch: &amp;apos;amd64&amp;apos;, os.version: &amp;apos;10.0&amp;apos;, java.version: &amp;apos;1.8.0_77&amp;apos;
Driver info: org.openqa.selenium.remote.RemoteWebDriver
Capabilities [{mobileEmulationEnabled=false, hasTouchScreen=false, platform=XP, acceptSslCerts=false, acceptInsecureCerts=false, webStorageEnabled=true, browserName=chrome, takesScreenshot=true, javascriptEnabled=true, setWindowRect=true, unexpectedAlertBehaviour=, applicationCacheEnabled=false, rotatable=false, networkConnectionEnabled=false, chrome={chromedriverVersion=2.35.528161 (5b82f2d2aae0ca24b877009200ced9065a772e73), userDataDir=C:\Users\RANJIT~1.MAD\AppData\Local\Temp\scoped_dir42364_10164}, takesHeapSnapshot=true, pageLoadStrategy=normal, databaseEnabled=false, handlesAlerts=true, version=68.0.3440.106, browserConnectionEnabled=false, nativeEvents=true, webdriver.remote.sessionid=1295399c552ac44cb2904fa18d5bcd43, locationContextEnabled=true, cssSelectorsEnabled=true}]
Session ID: 1295399c552ac44cb2904fa18d5bcd43
*** Element info: {Using=css selector, value=[name=&amp;apos;C2__MTA[1].MTAINITIATE[1].HOUR&amp;apos;]+a&amp;gt;span[class=&amp;apos;ui-icon ui-icon-triangle-1-n&amp;apos;]}">
      <![CDATA[java.lang.Exception: Error while clicking Continue button : org.openqa.selenium.NoSuchElementException: no such element: Unable to locate element: {"method":"css selector","selector":"[name='C2__MTA[1].MTAINITIATE[1].HOUR']+a>span[class='ui-icon ui-icon-triangle-1-n']"}
  (Session info: chrome=68.0.3440.106)
  (Driver info: chromedriver=2.35.528161 (5b82f2d2aae0ca24b877009200ced9065a772e73),platform=Windows NT 10.0.10240 x86_64) (WARNING: The server did not provide any stacktrace information)
Command duration or timeout: 32 milliseconds
For documentation on this error, please visit: http://seleniumhq.org/exceptions/no_such_element.html
Build info: version: '3.4.0', revision: 'unknown', time: 'unknown'
System info: host: 'ASPIRENAV145', ip: '192.168.71.182', os.name: 'Windows 10', os.arch: 'amd64', os.version: '10.0', java.version: '1.8.0_77'
Driver info: org.openqa.selenium.remote.RemoteWebDriver
Capabilities [{mobileEmulationEnabled=false, hasTouchScreen=false, platform=XP, acceptSslCerts=false, acceptInsecureCerts=false, webStorageEnabled=true, browserName=chrome, takesScreenshot=true, javascriptEnabled=true, setWindowRect=true, unexpectedAlertBehaviour=, applicationCacheEnabled=false, rotatable=false, networkConnectionEnabled=false, chrome={chromedriverVersion=2.35.528161 (5b82f2d2aae0ca24b877009200ced9065a772e73), userDataDir=C:\Users\RANJIT~1.MAD\AppData\Local\Temp\scoped_dir42364_10164}, takesHeapSnapshot=true, pageLoadStrategy=normal, databaseEnabled=false, handlesAlerts=true, version=68.0.3440.106, browserConnectionEnabled=false, nativeEvents=true, webdriver.remote.sessionid=1295399c552ac44cb2904fa18d5bcd43, locationContextEnabled=true, cssSelectorsEnabled=true}]
Session ID: 1295399c552ac44cb2904fa18d5bcd43
*** Element info: {Using=css selector, value=[name='C2__MTA[1].MTAINITIATE[1].HOUR']+a>span[class='ui-icon ui-icon-triangle-1-n']}
at com.pure.selfservice.pages.MTAInitiatePage.clickContinueButton(MTAInitiatePage.java:205)
at com.pure.HouseHold.Sprint_03.TC_024(Sprint_03.java:565)
at sun.reflect.NativeMethodAccessorImpl.invoke0(Native Method)
at sun.reflect.NativeMethodAccessorImpl.invoke(Unknown Source)
at sun.reflect.DelegatingMethodAccessorImpl.invoke(Unknown Source)
at java.lang.reflect.Method.invoke(Unknown Source)
at org.testng.internal.MethodInvocationHelper.invokeMethod(MethodInvocationHelper.java:124)
at org.testng.internal.Invoker.invokeMethod(Invoker.java:583)
at org.testng.internal.Invoker.invokeTestMethod(Invoker.java:719)
at org.testng.internal.TestMethodWithDataProviderMethodWorker.call(TestMethodWithDataProviderMethodWorker.java:71)
at org.testng.internal.TestMethodWithDataProviderMethodWorker.call(TestMethodWithDataProviderMethodWorker.java:14)
at java.util.concurrent.FutureTask.run(Unknown Source)
at java.util.concurrent.Executors$RunnableAdapter.call(Unknown Source)
at java.util.concurrent.FutureTask.run(Unknown Source)
at java.util.concurrent.ThreadPoolExecutor.runWorker(Unknown Source)
at java.util.concurrent.ThreadPoolExecutor$Worker.run(Unknown Source)
at java.lang.Thread.run(Unknown Source)
]]>
    </failure>
  </testcase> <!-- TC_024 -->
  <testcase name="TC_023" time="230.873" classname="com.pure.HouseHold.Sprint_03">
    <failure type="java.lang.Exception" message="Error while hovering On HelpIcon Of Add Buildings Cover : org.openqa.selenium.StaleElementReferenceException: stale element reference: element is not attached to the page document
  (Session info: chrome=68.0.3440.106)
  (Driver info: chromedriver=2.35.528161 (5b82f2d2aae0ca24b877009200ced9065a772e73),platform=Windows NT 10.0.10240 x86_64) (WARNING: The server did not provide any stacktrace information)
Command duration or timeout: 115 milliseconds
For documentation on this error, please visit: http://seleniumhq.org/exceptions/stale_element_reference.html
Build info: version: &amp;apos;3.4.0&amp;apos;, revision: &amp;apos;unknown&amp;apos;, time: &amp;apos;unknown&amp;apos;
System info: host: &amp;apos;ASPIRENAV145&amp;apos;, ip: &amp;apos;192.168.71.182&amp;apos;, os.name: &amp;apos;Windows 10&amp;apos;, os.arch: &amp;apos;amd64&amp;apos;, os.version: &amp;apos;10.0&amp;apos;, java.version: &amp;apos;1.8.0_77&amp;apos;
Driver info: org.openqa.selenium.remote.RemoteWebDriver
Capabilities [{mobileEmulationEnabled=false, hasTouchScreen=false, platform=XP, acceptSslCerts=false, acceptInsecureCerts=false, webStorageEnabled=true, browserName=chrome, takesScreenshot=true, javascriptEnabled=true, setWindowRect=true, unexpectedAlertBehaviour=, applicationCacheEnabled=false, rotatable=false, networkConnectionEnabled=false, chrome={chromedriverVersion=2.35.528161 (5b82f2d2aae0ca24b877009200ced9065a772e73), userDataDir=C:\Users\RANJIT~1.MAD\AppData\Local\Temp\scoped_dir87156_14360}, takesHeapSnapshot=true, pageLoadStrategy=normal, databaseEnabled=false, handlesAlerts=true, version=68.0.3440.106, browserConnectionEnabled=false, nativeEvents=true, webdriver.remote.sessionid=e99521dc96194cf3f90fd4070cd34daa, locationContextEnabled=true, cssSelectorsEnabled=true}]
Session ID: e99521dc96194cf3f90fd4070cd34daa">
      <![CDATA[java.lang.Exception: Error while hovering On HelpIcon Of Add Buildings Cover : org.openqa.selenium.StaleElementReferenceException: stale element reference: element is not attached to the page document
  (Session info: chrome=68.0.3440.106)
  (Driver info: chromedriver=2.35.528161 (5b82f2d2aae0ca24b877009200ced9065a772e73),platform=Windows NT 10.0.10240 x86_64) (WARNING: The server did not provide any stacktrace information)
Command duration or timeout: 115 milliseconds
For documentation on this error, please visit: http://seleniumhq.org/exceptions/stale_element_reference.html
Build info: version: '3.4.0', revision: 'unknown', time: 'unknown'
System info: host: 'ASPIRENAV145', ip: '192.168.71.182', os.name: 'Windows 10', os.arch: 'amd64', os.version: '10.0', java.version: '1.8.0_77'
Driver info: org.openqa.selenium.remote.RemoteWebDriver
Capabilities [{mobileEmulationEnabled=false, hasTouchScreen=false, platform=XP, acceptSslCerts=false, acceptInsecureCerts=false, webStorageEnabled=true, browserName=chrome, takesScreenshot=true, javascriptEnabled=true, setWindowRect=true, unexpectedAlertBehaviour=, applicationCacheEnabled=false, rotatable=false, networkConnectionEnabled=false, chrome={chromedriverVersion=2.35.528161 (5b82f2d2aae0ca24b877009200ced9065a772e73), userDataDir=C:\Users\RANJIT~1.MAD\AppData\Local\Temp\scoped_dir87156_14360}, takesHeapSnapshot=true, pageLoadStrategy=normal, databaseEnabled=false, handlesAlerts=true, version=68.0.3440.106, browserConnectionEnabled=false, nativeEvents=true, webdriver.remote.sessionid=e99521dc96194cf3f90fd4070cd34daa, locationContextEnabled=true, cssSelectorsEnabled=true}]
Session ID: e99521dc96194cf3f90fd4070cd34daa
at com.pure.selfservice.pages.AddBuildingCoverPage.hoverOnHelpIconOfPolicyNumberOfPreviousInsurance(AddBuildingCoverPage.java:794)
at com.pure.HouseHold.Sprint_03.TC_023(Sprint_03.java:475)
at sun.reflect.NativeMethodAccessorImpl.invoke0(Native Method)
at sun.reflect.NativeMethodAccessorImpl.invoke(Unknown Source)
at sun.reflect.DelegatingMethodAccessorImpl.invoke(Unknown Source)
at java.lang.reflect.Method.invoke(Unknown Source)
at org.testng.internal.MethodInvocationHelper.invokeMethod(MethodInvocationHelper.java:124)
at org.testng.internal.Invoker.invokeMethod(Invoker.java:583)
at org.testng.internal.Invoker.invokeTestMethod(Invoker.java:719)
at org.testng.internal.TestMethodWithDataProviderMethodWorker.call(TestMethodWithDataProviderMethodWorker.java:71)
at org.testng.internal.TestMethodWithDataProviderMethodWorker.call(TestMethodWithDataProviderMethodWorker.java:14)
at java.util.concurrent.FutureTask.run(Unknown Source)
at java.util.concurrent.Executors$RunnableAdapter.call(Unknown Source)
at java.util.concurrent.FutureTask.run(Unknown Source)
at java.util.concurrent.ThreadPoolExecutor.runWorker(Unknown Source)
at java.util.concurrent.ThreadPoolExecutor$Worker.run(Unknown Source)
at java.lang.Thread.run(Unknown Source)
]]>
    </failure>
  </testcase> <!-- TC_023 -->
  <testcase name="TC_022" time="0.0" classname="com.pure.HouseHold.Sprint_03">
    <ignored/>
  </testcase> <!-- TC_022 -->
  <testcase name="TC_021" time="0.0" classname="com.pure.HouseHold.Sprint_03">
    <ignored/>
  </testcase> <!-- TC_021 -->
  <testcase name="TC_101" time="0.0" classname="com.pure.HouseHold.Sprint_03">
    <ignored/>
  </testcase> <!-- TC_101 -->
  <testcase name="TC_026" time="0.0" classname="com.pure.HouseHold.Sprint_03">
    <ignored/>
  </testcase> <!-- TC_026 -->
  <testcase name="TC_025" time="0.0" classname="com.pure.HouseHold.Sprint_03">
    <ignored/>
  </testcase> <!-- TC_025 -->
  <testcase name="TC_104" time="0.0" classname="com.pure.HouseHold.Sprint_03">
    <ignored/>
  </testcase> <!-- TC_104 -->
  <testcase name="TC_049" time="0.0" classname="com.pure.HouseHold.Sprint_03">
    <ignored/>
  </testcase> <!-- TC_049 -->
  <testcase name="TC_019" time="0.0" classname="com.pure.HouseHold.Sprint_03">
    <ignored/>
  </testcase> <!-- TC_019 -->
  <testcase name="TC_106" time="0.0" classname="com.pure.HouseHold.Sprint_03">
    <ignored/>
  </testcase> <!-- TC_106 -->
  <testcase name="TC_109" time="0.0" classname="com.pure.HouseHold.Sprint_03">
    <ignored/>
  </testcase> <!-- TC_109 -->
  <testcase name="TC_093" time="0.0" classname="com.pure.HouseHold.Sprint_03">
    <ignored/>
  </testcase> <!-- TC_093 -->
  <testcase name="TC_092" time="0.0" classname="com.pure.HouseHold.Sprint_03">
    <ignored/>
  </testcase> <!-- TC_092 -->
  <testcase name="TC_051" time="0.0" classname="com.pure.HouseHold.Sprint_03">
    <ignored/>
  </testcase> <!-- TC_051 -->
  <testcase name="TC_050" time="0.0" classname="com.pure.HouseHold.Sprint_03">
    <ignored/>
  </testcase> <!-- TC_050 -->
  <testcase name="TC_020" time="0.0" classname="com.pure.HouseHold.Sprint_03">
    <ignored/>
  </testcase> <!-- TC_020 -->
  <testcase name="TC_053" time="0.0" classname="com.pure.HouseHold.Sprint_03">
    <ignored/>
  </testcase> <!-- TC_053 -->
  <testcase name="TC_052" time="0.0" classname="com.pure.HouseHold.Sprint_03">
    <ignored/>
  </testcase> <!-- TC_052 -->
</testsuite> <!-- UXP_Sprint_03 -->
