<?xml version="1.0" encoding="UTF-8"?>
<!-- Generated by org.testng.reporters.JUnitXMLReporter -->
<testsuite hostname="aspirenav145" ignored="24" name="UXP_PBPhase2" tests="2" failures="1" timestamp="04 Jul 2018 16:14:00 GMT" time="653.41" errors="0">
  <testcase name="TC_032" time="245.989" classname="com.pure.HouseHold.Sprint_04">
    <failure type="java.lang.Exception" message="Error while hovering On HelpIcon Of Add Contents Cover : org.openqa.selenium.StaleElementReferenceException: stale element reference: element is not attached to the page document
  (Session info: chrome=67.0.3396.99)
  (Driver info: chromedriver=2.35.528161 (5b82f2d2aae0ca24b877009200ced9065a772e73),platform=Windows NT 10.0.10240 x86_64) (WARNING: The server did not provide any stacktrace information)
Command duration or timeout: 38 milliseconds
For documentation on this error, please visit: http://seleniumhq.org/exceptions/stale_element_reference.html
Build info: version: &amp;apos;3.4.0&amp;apos;, revision: &amp;apos;unknown&amp;apos;, time: &amp;apos;unknown&amp;apos;
System info: host: &amp;apos;ASPIRENAV145&amp;apos;, ip: &amp;apos;192.168.71.69&amp;apos;, os.name: &amp;apos;Windows 10&amp;apos;, os.arch: &amp;apos;amd64&amp;apos;, os.version: &amp;apos;10.0&amp;apos;, java.version: &amp;apos;1.8.0_77&amp;apos;
Driver info: org.openqa.selenium.remote.RemoteWebDriver
Capabilities [{mobileEmulationEnabled=false, hasTouchScreen=false, platform=XP, acceptSslCerts=false, acceptInsecureCerts=false, webStorageEnabled=true, browserName=chrome, takesScreenshot=true, javascriptEnabled=true, setWindowRect=true, unexpectedAlertBehaviour=, applicationCacheEnabled=false, rotatable=false, networkConnectionEnabled=false, chrome={chromedriverVersion=2.35.528161 (5b82f2d2aae0ca24b877009200ced9065a772e73), userDataDir=C:\Users\RANJIT~1.MAD\AppData\Local\Temp\scoped_dir70316_10214}, takesHeapSnapshot=true, pageLoadStrategy=normal, databaseEnabled=false, handlesAlerts=true, version=67.0.3396.99, browserConnectionEnabled=false, nativeEvents=true, webdriver.remote.sessionid=f8e93b10534d988c59a3d7a674bca17e, locationContextEnabled=true, cssSelectorsEnabled=true}]
Session ID: f8e93b10534d988c59a3d7a674bca17e">
      <![CDATA[java.lang.Exception: Error while hovering On HelpIcon Of Add Contents Cover : org.openqa.selenium.StaleElementReferenceException: stale element reference: element is not attached to the page document
  (Session info: chrome=67.0.3396.99)
  (Driver info: chromedriver=2.35.528161 (5b82f2d2aae0ca24b877009200ced9065a772e73),platform=Windows NT 10.0.10240 x86_64) (WARNING: The server did not provide any stacktrace information)
Command duration or timeout: 38 milliseconds
For documentation on this error, please visit: http://seleniumhq.org/exceptions/stale_element_reference.html
Build info: version: '3.4.0', revision: 'unknown', time: 'unknown'
System info: host: 'ASPIRENAV145', ip: '192.168.71.69', os.name: 'Windows 10', os.arch: 'amd64', os.version: '10.0', java.version: '1.8.0_77'
Driver info: org.openqa.selenium.remote.RemoteWebDriver
Capabilities [{mobileEmulationEnabled=false, hasTouchScreen=false, platform=XP, acceptSslCerts=false, acceptInsecureCerts=false, webStorageEnabled=true, browserName=chrome, takesScreenshot=true, javascriptEnabled=true, setWindowRect=true, unexpectedAlertBehaviour=, applicationCacheEnabled=false, rotatable=false, networkConnectionEnabled=false, chrome={chromedriverVersion=2.35.528161 (5b82f2d2aae0ca24b877009200ced9065a772e73), userDataDir=C:\Users\RANJIT~1.MAD\AppData\Local\Temp\scoped_dir70316_10214}, takesHeapSnapshot=true, pageLoadStrategy=normal, databaseEnabled=false, handlesAlerts=true, version=67.0.3396.99, browserConnectionEnabled=false, nativeEvents=true, webdriver.remote.sessionid=f8e93b10534d988c59a3d7a674bca17e, locationContextEnabled=true, cssSelectorsEnabled=true}]
Session ID: f8e93b10534d988c59a3d7a674bca17e
at com.pure.selfservice.pages.AddSpecifiedItemPage.hoverOnHelpIItemtypeNewSpecifiedItemOutsideHome(AddSpecifiedItemPage.java:1799)
at com.pure.HouseHold.Sprint_04.TC_032(Sprint_04.java:2567)
at sun.reflect.NativeMethodAccessorImpl.invoke0(Native Method)
at sun.reflect.NativeMethodAccessorImpl.invoke(Unknown Source)
at sun.reflect.DelegatingMethodAccessorImpl.invoke(Unknown Source)
at java.lang.reflect.Method.invoke(Unknown Source)
at org.testng.internal.MethodInvocationHelper.invokeMethod(MethodInvocationHelper.java:124)
at org.testng.internal.Invoker.invokeMethod(Invoker.java:583)
at org.testng.internal.Invoker.invokeTestMethod(Invoker.java:719)
at org.testng.internal.TestMethodWithDataProviderMethodWorker.call(TestMethodWithDataProviderMethodWorker.java:71)
at org.testng.internal.TestMethodWithDataProviderMethodWorker.call(TestMethodWithDataProviderMethodWorker.java:14)
at java.util.concurrent.FutureTask.run(Unknown Source)
at java.util.concurrent.Executors$RunnableAdapter.call(Unknown Source)
at java.util.concurrent.FutureTask.run(Unknown Source)
at java.util.concurrent.ThreadPoolExecutor.runWorker(Unknown Source)
at java.util.concurrent.ThreadPoolExecutor$Worker.run(Unknown Source)
at java.lang.Thread.run(Unknown Source)
]]>
    </failure>
  </testcase> <!-- TC_032 -->
  <testcase name="TC_048" time="400.571" classname="com.pure.HouseHold.Sprint_04"/>
  <testcase name="TC_034" time="0.0" classname="com.pure.HouseHold.Sprint_04">
    <ignored/>
  </testcase> <!-- TC_034 -->
  <testcase name="TC_045" time="0.0" classname="com.pure.HouseHold.Sprint_04">
    <ignored/>
  </testcase> <!-- TC_045 -->
  <testcase name="TC_100" time="0.0" classname="com.pure.HouseHold.Sprint_04">
    <ignored/>
  </testcase> <!-- TC_100 -->
  <testcase name="TC_097" time="0.0" classname="com.pure.HouseHold.Sprint_04">
    <ignored/>
  </testcase> <!-- TC_097 -->
  <testcase name="TC_031" time="0.0" classname="com.pure.HouseHold.Sprint_04">
    <ignored/>
  </testcase> <!-- TC_031 -->
  <testcase name="TC_036" time="0.0" classname="com.pure.HouseHold.Sprint_04">
    <ignored/>
  </testcase> <!-- TC_036 -->
  <testcase name="TC_047" time="0.0" classname="com.pure.HouseHold.Sprint_04">
    <ignored/>
  </testcase> <!-- TC_047 -->
  <testcase name="TC_099" time="0.0" classname="com.pure.HouseHold.Sprint_04">
    <ignored/>
  </testcase> <!-- TC_099 -->
  <testcase name="TC_033" time="0.0" classname="com.pure.HouseHold.Sprint_04">
    <ignored/>
  </testcase> <!-- TC_033 -->
  <testcase name="TC_044" time="0.0" classname="com.pure.HouseHold.Sprint_04">
    <ignored/>
  </testcase> <!-- TC_044 -->
  <testcase name="TC_038" time="0.0" classname="com.pure.HouseHold.Sprint_04">
    <ignored/>
  </testcase> <!-- TC_038 -->
  <testcase name="TC_027" time="0.0" classname="com.pure.HouseHold.Sprint_04">
    <ignored/>
  </testcase> <!-- TC_027 -->
  <testcase name="TC_035" time="0.0" classname="com.pure.HouseHold.Sprint_04">
    <ignored/>
  </testcase> <!-- TC_035 -->
  <testcase name="TC_046" time="0.0" classname="com.pure.HouseHold.Sprint_04">
    <ignored/>
  </testcase> <!-- TC_046 -->
  <testcase name="TC_029" time="0.0" classname="com.pure.HouseHold.Sprint_04">
    <ignored/>
  </testcase> <!-- TC_029 -->
  <testcase name="TC_037" time="0.0" classname="com.pure.HouseHold.Sprint_04">
    <ignored/>
  </testcase> <!-- TC_037 -->
  <testcase name="TC_028" time="0.0" classname="com.pure.HouseHold.Sprint_04">
    <ignored/>
  </testcase> <!-- TC_028 -->
  <testcase name="TC_039" time="0.0" classname="com.pure.HouseHold.Sprint_04">
    <ignored/>
  </testcase> <!-- TC_039 -->
  <testcase name="TC_094" time="0.0" classname="com.pure.HouseHold.Sprint_04">
    <ignored/>
  </testcase> <!-- TC_094 -->
  <testcase name="TC_030" time="0.0" classname="com.pure.HouseHold.Sprint_04">
    <ignored/>
  </testcase> <!-- TC_030 -->
  <testcase name="TC_096" time="0.0" classname="com.pure.HouseHold.Sprint_04">
    <ignored/>
  </testcase> <!-- TC_096 -->
  <testcase name="TC_043" time="0.0" classname="com.pure.HouseHold.Sprint_04">
    <ignored/>
  </testcase> <!-- TC_043 -->
  <testcase name="TC_098" time="0.0" classname="com.pure.HouseHold.Sprint_04">
    <ignored/>
  </testcase> <!-- TC_098 -->
  <testcase name="TC_095" time="0.0" classname="com.pure.HouseHold.Sprint_04">
    <ignored/>
  </testcase> <!-- TC_095 -->
</testsuite> <!-- UXP_PBPhase2 -->
