<?xml version="1.0" encoding="UTF-8"?>
<!-- Generated by org.testng.reporters.JUnitXMLReporter -->
<testsuite hostname="aspirenav145" ignored="0" name="UXP_Sprint_07" tests="29" failures="2" timestamp="12 Jul 2018 18:15:01 GMT" time="18376.437" errors="0">
  <testcase name="TC_027" time="292.283" classname="com.pure.HouseHold.Sprint_04"/>
  <testcase name="TC_028" time="481.412" classname="com.pure.HouseHold.Sprint_04"/>
  <testcase name="TC_029" time="543.888" classname="com.pure.HouseHold.Sprint_04"/>
  <testcase name="TC_030" time="780.033" classname="com.pure.HouseHold.Sprint_04"/>
  <testcase name="TC_031" time="278.48" classname="com.pure.HouseHold.Sprint_04"/>
  <testcase name="TC_032" time="741.974" classname="com.pure.HouseHold.Sprint_04"/>
  <testcase name="TC_033" time="602.003" classname="com.pure.HouseHold.Sprint_04"/>
  <testcase name="TC_034" time="301.751" classname="com.pure.HouseHold.Sprint_04">
    <failure type="java.lang.Exception" message="Error while clicking change My policy button : org.openqa.selenium.NoSuchElementException: Unable to find element with css selector == #C2__BUT_7D4422F57C5E7EC5157917_Rnull
For documentation on this error, please visit: http://seleniumhq.org/exceptions/no_such_element.html
Build info: version: &amp;apos;3.4.0&amp;apos;, revision: &amp;apos;unknown&amp;apos;, time: &amp;apos;unknown&amp;apos;
System info: host: &amp;apos;ASPIRENAV145&amp;apos;, ip: &amp;apos;192.168.71.84&amp;apos;, os.name: &amp;apos;Windows 10&amp;apos;, os.arch: &amp;apos;amd64&amp;apos;, os.version: &amp;apos;10.0&amp;apos;, java.version: &amp;apos;1.8.0_77&amp;apos;
Driver info: org.openqa.selenium.remote.RemoteWebDriver
Capabilities [{proxy=Proxy(), webdriver.remote.sessionid=db5d09af-2b14-4a7b-aff6-389888dffc25, acceptInsecureCerts=false, browserVersion=11, se:ieOptions={nativeEvents=true, browserAttachTimeout=0.0, ie.ensureCleanSession=false, elementScrollBehavior=0.0, enablePersistentHover=true, ie.browserCommandLineSwitches=, ie.forceCreateProcessApi=false, requireWindowFocus=false, initialBrowserUrl=http://localhost:3244/, ignoreZoomSetting=false, ie.fileUploadDialogTimeout=3000.0, ignoreProtectedModeSettings=false}, timeouts={implicit=0.0, pageLoad=300000.0, script=30000.0}, browserName=internet explorer, pageLoadStrategy=normal, javascriptEnabled=true, platformName=windows, setWindowRect=true, platform=ANY}]
Session ID: db5d09af-2b14-4a7b-aff6-389888dffc25
*** Element info: {Using=css selector, value=#C2__BUT_7D4422F57C5E7EC5157917_Rnull}">
      <![CDATA[java.lang.Exception: Error while clicking change My policy button : org.openqa.selenium.NoSuchElementException: Unable to find element with css selector == #C2__BUT_7D4422F57C5E7EC5157917_Rnull
For documentation on this error, please visit: http://seleniumhq.org/exceptions/no_such_element.html
Build info: version: '3.4.0', revision: 'unknown', time: 'unknown'
System info: host: 'ASPIRENAV145', ip: '192.168.71.84', os.name: 'Windows 10', os.arch: 'amd64', os.version: '10.0', java.version: '1.8.0_77'
Driver info: org.openqa.selenium.remote.RemoteWebDriver
Capabilities [{proxy=Proxy(), webdriver.remote.sessionid=db5d09af-2b14-4a7b-aff6-389888dffc25, acceptInsecureCerts=false, browserVersion=11, se:ieOptions={nativeEvents=true, browserAttachTimeout=0.0, ie.ensureCleanSession=false, elementScrollBehavior=0.0, enablePersistentHover=true, ie.browserCommandLineSwitches=, ie.forceCreateProcessApi=false, requireWindowFocus=false, initialBrowserUrl=http://localhost:3244/, ignoreZoomSetting=false, ie.fileUploadDialogTimeout=3000.0, ignoreProtectedModeSettings=false}, timeouts={implicit=0.0, pageLoad=300000.0, script=30000.0}, browserName=internet explorer, pageLoadStrategy=normal, javascriptEnabled=true, platformName=windows, setWindowRect=true, platform=ANY}]
Session ID: db5d09af-2b14-4a7b-aff6-389888dffc25
*** Element info: {Using=css selector, value=#C2__BUT_7D4422F57C5E7EC5157917_Rnull}
at com.pure.selfservice.pages.CustomerDashboardPage.clickChangePolicyButton(CustomerDashboardPage.java:1325)
at com.pure.HouseHold.Sprint_04.TC_034(Sprint_04.java:2710)
at sun.reflect.NativeMethodAccessorImpl.invoke0(Native Method)
at sun.reflect.NativeMethodAccessorImpl.invoke(Unknown Source)
at sun.reflect.DelegatingMethodAccessorImpl.invoke(Unknown Source)
at java.lang.reflect.Method.invoke(Unknown Source)
at org.testng.internal.MethodInvocationHelper.invokeMethod(MethodInvocationHelper.java:124)
at org.testng.internal.Invoker.invokeMethod(Invoker.java:583)
at org.testng.internal.Invoker.invokeTestMethod(Invoker.java:719)
at org.testng.internal.TestMethodWithDataProviderMethodWorker.call(TestMethodWithDataProviderMethodWorker.java:71)
at org.testng.internal.TestMethodWithDataProviderMethodWorker.call(TestMethodWithDataProviderMethodWorker.java:14)
at java.util.concurrent.FutureTask.run(Unknown Source)
at java.util.concurrent.Executors$RunnableAdapter.call(Unknown Source)
at java.util.concurrent.FutureTask.run(Unknown Source)
at java.util.concurrent.ThreadPoolExecutor.runWorker(Unknown Source)
at java.util.concurrent.ThreadPoolExecutor$Worker.run(Unknown Source)
at java.lang.Thread.run(Unknown Source)
]]>
    </failure>
  </testcase> <!-- TC_034 -->
  <testcase name="TC_035" time="940.601" classname="com.pure.HouseHold.Sprint_04"/>
  <testcase name="TC_036" time="890.664" classname="com.pure.HouseHold.Sprint_04"/>
  <testcase name="TC_037" time="599.255" classname="com.pure.HouseHold.Sprint_04"/>
  <testcase name="TC_038" time="629.946" classname="com.pure.HouseHold.Sprint_04"/>
  <testcase name="TC_039" time="292.731" classname="com.pure.HouseHold.Sprint_04"/>
  <testcase name="TC_040" time="619.145" classname="com.pure.HouseHold.Sprint_04"/>
  <testcase name="TC_041" time="1186.27" classname="com.pure.HouseHold.Sprint_04"/>
  <testcase name="TC_042" time="891.074" classname="com.pure.HouseHold.Sprint_04"/>
  <testcase name="TC_043" time="713.421" classname="com.pure.HouseHold.Sprint_04">
    <failure type="java.lang.Exception" message="Error while clicking radio button : org.openqa.selenium.WebDriverException: Element not clickable at point (687,183). Other element would receive the click: &amp;lt;div class=&amp;quot;xs-msg-block-active-bg spinning-on-load-bg-table-active&amp;quot;&amp;gt;&amp;lt;/div&amp;gt;
Build info: version: &amp;apos;3.4.0&amp;apos;, revision: &amp;apos;unknown&amp;apos;, time: &amp;apos;unknown&amp;apos;
System info: host: &amp;apos;ASPIRENAV145&amp;apos;, ip: &amp;apos;192.168.71.84&amp;apos;, os.name: &amp;apos;Windows 10&amp;apos;, os.arch: &amp;apos;amd64&amp;apos;, os.version: &amp;apos;10.0&amp;apos;, java.version: &amp;apos;1.8.0_77&amp;apos;
Driver info: org.openqa.selenium.remote.RemoteWebDriver
Capabilities [{proxy=Proxy(), webdriver.remote.sessionid=068cf605-3844-49df-ae73-9dcc782954a0, acceptInsecureCerts=false, browserVersion=11, se:ieOptions={nativeEvents=true, browserAttachTimeout=0.0, ie.ensureCleanSession=false, elementScrollBehavior=0.0, enablePersistentHover=true, ie.browserCommandLineSwitches=, ie.forceCreateProcessApi=false, requireWindowFocus=false, initialBrowserUrl=http://localhost:2938/, ignoreZoomSetting=false, ie.fileUploadDialogTimeout=3000.0, ignoreProtectedModeSettings=false}, timeouts={implicit=0.0, pageLoad=300000.0, script=30000.0}, browserName=internet explorer, pageLoadStrategy=normal, javascriptEnabled=true, platformName=windows, setWindowRect=true, platform=ANY}]
Session ID: 068cf605-3844-49df-ae73-9dcc782954a0">
      <![CDATA[java.lang.Exception: Error while clicking radio button : org.openqa.selenium.WebDriverException: Element not clickable at point (687,183). Other element would receive the click: <div class="xs-msg-block-active-bg spinning-on-load-bg-table-active"></div>
Build info: version: '3.4.0', revision: 'unknown', time: 'unknown'
System info: host: 'ASPIRENAV145', ip: '192.168.71.84', os.name: 'Windows 10', os.arch: 'amd64', os.version: '10.0', java.version: '1.8.0_77'
Driver info: org.openqa.selenium.remote.RemoteWebDriver
Capabilities [{proxy=Proxy(), webdriver.remote.sessionid=068cf605-3844-49df-ae73-9dcc782954a0, acceptInsecureCerts=false, browserVersion=11, se:ieOptions={nativeEvents=true, browserAttachTimeout=0.0, ie.ensureCleanSession=false, elementScrollBehavior=0.0, enablePersistentHover=true, ie.browserCommandLineSwitches=, ie.forceCreateProcessApi=false, requireWindowFocus=false, initialBrowserUrl=http://localhost:2938/, ignoreZoomSetting=false, ie.fileUploadDialogTimeout=3000.0, ignoreProtectedModeSettings=false}, timeouts={implicit=0.0, pageLoad=300000.0, script=30000.0}, browserName=internet explorer, pageLoadStrategy=normal, javascriptEnabled=true, platformName=windows, setWindowRect=true, platform=ANY}]
Session ID: 068cf605-3844-49df-ae73-9dcc782954a0
at com.pure.selfservice.pages.AddContentsCoverPage.clickYesOrNoAddAnotherItemInWithinHome(AddContentsCoverPage.java:873)
at com.pure.HouseHold.Sprint_04.TC_043(Sprint_04.java:777)
at sun.reflect.NativeMethodAccessorImpl.invoke0(Native Method)
at sun.reflect.NativeMethodAccessorImpl.invoke(Unknown Source)
at sun.reflect.DelegatingMethodAccessorImpl.invoke(Unknown Source)
at java.lang.reflect.Method.invoke(Unknown Source)
at org.testng.internal.MethodInvocationHelper.invokeMethod(MethodInvocationHelper.java:124)
at org.testng.internal.Invoker.invokeMethod(Invoker.java:583)
at org.testng.internal.Invoker.invokeTestMethod(Invoker.java:719)
at org.testng.internal.TestMethodWithDataProviderMethodWorker.call(TestMethodWithDataProviderMethodWorker.java:71)
at org.testng.internal.TestMethodWithDataProviderMethodWorker.call(TestMethodWithDataProviderMethodWorker.java:14)
at java.util.concurrent.FutureTask.run(Unknown Source)
at java.util.concurrent.Executors$RunnableAdapter.call(Unknown Source)
at java.util.concurrent.FutureTask.run(Unknown Source)
at java.util.concurrent.ThreadPoolExecutor.runWorker(Unknown Source)
at java.util.concurrent.ThreadPoolExecutor$Worker.run(Unknown Source)
at java.lang.Thread.run(Unknown Source)
]]>
    </failure>
  </testcase> <!-- TC_043 -->
  <testcase name="TC_044" time="767.655" classname="com.pure.HouseHold.Sprint_04"/>
  <testcase name="TC_045" time="899.057" classname="com.pure.HouseHold.Sprint_04"/>
  <testcase name="TC_046" time="730.434" classname="com.pure.HouseHold.Sprint_04"/>
  <testcase name="TC_047" time="905.61" classname="com.pure.HouseHold.Sprint_04"/>
  <testcase name="TC_048" time="794.039" classname="com.pure.HouseHold.Sprint_04"/>
  <testcase name="TC_094" time="495.204" classname="com.pure.HouseHold.Sprint_04"/>
  <testcase name="TC_095" time="484.038" classname="com.pure.HouseHold.Sprint_04"/>
  <testcase name="TC_096" time="506.968" classname="com.pure.HouseHold.Sprint_04"/>
  <testcase name="TC_097" time="313.477" classname="com.pure.HouseHold.Sprint_04"/>
  <testcase name="TC_098" time="328.549" classname="com.pure.HouseHold.Sprint_04"/>
  <testcase name="TC_099" time="587.886" classname="com.pure.HouseHold.Sprint_04"/>
  <testcase name="TC_100" time="738.203" classname="com.pure.HouseHold.Sprint_04"/>
</testsuite> <!-- UXP_Sprint_07 -->
